Log file open, 02/21/19 12:39:04
LogWindows: Failed to load 'aqProf.dll' (GetLastError=126)
LogWindows: File 'aqProf.dll' does not exist
LogWindows: Failed to load 'VtuneApi.dll' (GetLastError=126)
LogWindows: File 'VtuneApi.dll' does not exist
LogWindows: Failed to load 'VtuneApi32e.dll' (GetLastError=126)
LogWindows: File 'VtuneApi32e.dll' does not exist
LogInit: Display: Running engine for game: ProjectThief
LogPlatformFile: Not using cached read wrapper
LogInit: Display: RandInit(721253464) SRandInit(721253464).
LogInit: Read version file with build ID '3944462'
LogInit: Overriding engine version to CL 4033788, compatible CL 3944462
LogInit: Registered custom module enumerator with build ID '3944462'
LogTaskGraph: Started task graph with 5 named threads and 47 total threads with 3 sets of task threads.
LogStats: Stats thread started at 0.550346
LogD3D11RHI: Aftermath initialized
LogICUInternationalization: Display: ICU TimeZone Detection - Raw Offset: +1:00, Platform Override: ''
LogModuleManager: Display: Found up-to-date module file ../../../Engine/Plugins/Marketplace/Substance/Binaries/Win64/UE4Editor-SubstanceCore.dll (API version 3944462).
LogModuleManager: Display: Found up-to-date module file ../../../Engine/Plugins/Marketplace/Substance/Binaries/Win64/UE4Editor-SubstanceEditor.dll (API version 3944462).
LogModuleManager: Display: Found up-to-date module file ../../../Engine/Plugins/Marketplace/Substance/Binaries/Win64/UE4Editor-SubstanceSource.dll (API version 3944462).
LogModuleManager: Display: Found up-to-date module file ../../../Engine/Plugins/Marketplace/Substance/Binaries/Win64/UE4Editor-SubstanceLiveLink.dll (API version 3944462).
LogModuleManager: Display: Found up-to-date module file ../../../Engine/Plugins/2D/Paper2D/Binaries/Win64/UE4Editor-Paper2D.dll (API version 3944462).
LogModuleManager: Display: Found up-to-date module file ../../../Engine/Plugins/2D/Paper2D/Binaries/Win64/UE4Editor-Paper2DEditor.dll (API version 3944462).
LogModuleManager: Display: Found up-to-date module file ../../../Engine/Plugins/2D/Paper2D/Binaries/Win64/UE4Editor-PaperSpriteSheetImporter.dll (API version 3944462).
LogModuleManager: Display: Found up-to-date module file ../../../Engine/Plugins/2D/Paper2D/Binaries/Win64/UE4Editor-PaperTiledImporter.dll (API version 3944462).
LogModuleManager: Display: Found up-to-date module file ../../../Engine/Plugins/2D/Paper2D/Binaries/Win64/UE4Editor-SmartSnapping.dll (API version 3944462).
LogModuleManager: Display: Found up-to-date module file ../../../Engine/Plugins/Blendables/LightPropagationVolume/Binaries/Win64/UE4Editor-LightPropagationVolumeRuntime.dll (API version 3944462).
LogModuleManager: Display: Found up-to-date module file ../../../Engine/Plugins/Blendables/LightPropagationVolume/Binaries/Win64/UE4Editor-LightPropagationVolumeEditor.dll (API version 3944462).
LogModuleManager: Display: Found up-to-date module file ../../../Engine/Plugins/Developer/CLionSourceCodeAccess/Binaries/Win64/UE4Editor-CLionSourceCodeAccess.dll (API version 3944462).
LogModuleManager: Display: Found up-to-date module file ../../../Engine/Plugins/Developer/GitSourceControl/Binaries/Win64/UE4Editor-GitSourceControl.dll (API version 3944462).
LogModuleManager: Display: Found up-to-date module file ../../../Engine/Plugins/Developer/PerforceSourceControl/Binaries/Win64/UE4Editor-PerforceSourceControl.dll (API version 3944462).
LogModuleManager: Display: Found up-to-date module file ../../../Engine/Plugins/Developer/SubversionSourceControl/Binaries/Win64/UE4Editor-SubversionSourceControl.dll (API version 3944462).
LogModuleManager: Display: Found up-to-date module file ../../../Engine/Plugins/Developer/UObjectPlugin/Binaries/Win64/UE4Editor-UObjectPlugin.dll (API version 3944462).
LogModuleManager: Display: Found up-to-date module file ../../../Engine/Plugins/Developer/VisualStudioCodeSourceCodeAccess/Binaries/Win64/UE4Editor-VisualStudioCodeSourceCodeAccess.dll (API version 3944462).
LogModuleManager: Display: Found up-to-date module file ../../../Engine/Plugins/Developer/VisualStudioSourceCodeAccess/Binaries/Win64/UE4Editor-VisualStudioSourceCodeAccess.dll (API version 3944462).
LogModuleManager: Display: Found up-to-date module file ../../../Engine/Plugins/Editor/AssetManagerEditor/Binaries/Win64/UE4Editor-AssetManagerEditor.dll (API version 3944462).
LogModuleManager: Display: Found up-to-date module file ../../../Engine/Plugins/Editor/CryptoKeys/Binaries/Win64/UE4Editor-CryptoKeys.dll (API version 3944462).
LogModuleManager: Display: Found up-to-date module file ../../../Engine/Plugins/Editor/CryptoKeys/Binaries/Win64/UE4Editor-CryptoKeysOpenSSL.dll (API version 3944462).
LogModuleManager: Display: Found up-to-date module file ../../../Engine/Plugins/Editor/DataValidation/Binaries/Win64/UE4Editor-DataValidation.dll (API version 3944462).
LogModuleManager: Display: Found up-to-date module file ../../../Engine/Plugins/Editor/FacialAnimation/Binaries/Win64/UE4Editor-FacialAnimation.dll (API version 3944462).
LogModuleManager: Display: Found up-to-date module file ../../../Engine/Plugins/Editor/FacialAnimation/Binaries/Win64/UE4Editor-FacialAnimationEditor.dll (API version 3944462).
LogModuleManager: Display: Found up-to-date module file ../../../Engine/Plugins/Editor/GameplayTagsEditor/Binaries/Win64/UE4Editor-GameplayTagsEditor.dll (API version 3944462).
LogModuleManager: Display: Found up-to-date module file ../../../Engine/Plugins/Editor/MobileLauncherProfileWizard/Binaries/Win64/UE4Editor-MobileLauncherProfileWizard.dll (API version 3944462).
LogModuleManager: Display: Found up-to-date module file ../../../Engine/Plugins/Editor/PluginBrowser/Binaries/Win64/UE4Editor-PluginBrowser.dll (API version 3944462).
LogModuleManager: Display: Found up-to-date module file ../../../Engine/Plugins/Editor/SpeedTreeImporter/Binaries/Win64/UE4Editor-SpeedTreeImporter.dll (API version 3944462).
LogModuleManager: Display: Found up-to-date module file ../../../Engine/Plugins/Enterprise/DatasmithContent/Binaries/Win64/UE4Editor-DatasmithContent.dll (API version 3944462).
LogModuleManager: Display: Found up-to-date module file ../../../Engine/Plugins/Experimental/AlembicImporter/Binaries/Win64/UE4Editor-AlembicImporter.dll (API version 3944462).
LogModuleManager: Display: Found up-to-date module file ../../../Engine/Plugins/Experimental/AlembicImporter/Binaries/Win64/UE4Editor-AlembicLibrary.dll (API version 3944462).
LogModuleManager: Display: Found up-to-date module file ../../../Engine/Plugins/Experimental/CharacterAI/Binaries/Win64/UE4Editor-CharacterAI.dll (API version 3944462).
LogModuleManager: Display: Found up-to-date module file ../../../Engine/Plugins/Experimental/HTML5Networking/Binaries/Win64/UE4Editor-HTML5Networking.dll (API version 3944462).
LogModuleManager: Display: Found up-to-date module file ../../../Engine/Plugins/Media/AndroidMedia/Binaries/Win64/UE4Editor-AndroidMediaEditor.dll (API version 3944462).
LogModuleManager: Display: Found up-to-date module file ../../../Engine/Plugins/Media/AndroidMedia/Binaries/Win64/UE4Editor-AndroidMediaFactory.dll (API version 3944462).
LogModuleManager: Display: Found up-to-date module file ../../../Engine/Plugins/Media/AvfMedia/Binaries/Win64/UE4Editor-AvfMediaEditor.dll (API version 3944462).
LogModuleManager: Display: Found up-to-date module file ../../../Engine/Plugins/Media/AvfMedia/Binaries/Win64/UE4Editor-AvfMediaFactory.dll (API version 3944462).
LogModuleManager: Display: Found up-to-date module file ../../../Engine/Plugins/Media/AvfMedia/Binaries/Win64/UE4Editor-AvfMediaFactory.dll (API version 3944462).
LogModuleManager: Display: Found up-to-date module file ../../../Engine/Plugins/Media/ImgMedia/Binaries/Win64/UE4Editor-ImgMedia.dll (API version 3944462).
LogModuleManager: Display: Found up-to-date module file ../../../Engine/Plugins/Media/ImgMedia/Binaries/Win64/UE4Editor-ImgMediaEditor.dll (API version 3944462).
LogModuleManager: Display: Found up-to-date module file ../../../Engine/Plugins/Media/ImgMedia/Binaries/Win64/UE4Editor-ImgMediaFactory.dll (API version 3944462).
LogModuleManager: Display: Found up-to-date module file ../../../Engine/Plugins/Media/ImgMedia/Binaries/Win64/UE4Editor-ImgMediaFactory.dll (API version 3944462).
LogModuleManager: Display: Found up-to-date module file ../../../Engine/Plugins/Media/ImgMedia/Binaries/Win64/UE4Editor-OpenExrWrapper.dll (API version 3944462).
LogModuleManager: Display: Found up-to-date module file ../../../Engine/Plugins/Media/LinearTimecode/Binaries/Win64/UE4Editor-LinearTimecode.dll (API version 3944462).
LogModuleManager: Display: Found up-to-date module file ../../../Engine/Plugins/Media/MediaCompositing/Binaries/Win64/UE4Editor-MediaCompositing.dll (API version 3944462).
LogModuleManager: Display: Found up-to-date module file ../../../Engine/Plugins/Media/MediaCompositing/Binaries/Win64/UE4Editor-MediaCompositingEditor.dll (API version 3944462).
LogModuleManager: Display: Found up-to-date module file ../../../Engine/Plugins/Media/MediaPlayerEditor/Binaries/Win64/UE4Editor-MediaPlayerEditor.dll (API version 3944462).
LogModuleManager: Display: Found up-to-date module file ../../../Engine/Plugins/Media/WmfMedia/Binaries/Win64/UE4Editor-WmfMedia.dll (API version 3944462).
LogModuleManager: Display: Found up-to-date module file ../../../Engine/Plugins/Media/WmfMedia/Binaries/Win64/UE4Editor-WmfMediaEditor.dll (API version 3944462).
LogModuleManager: Display: Found up-to-date module file ../../../Engine/Plugins/Media/WmfMedia/Binaries/Win64/UE4Editor-WmfMediaFactory.dll (API version 3944462).
LogModuleManager: Display: Found up-to-date module file ../../../Engine/Plugins/Media/WmfMedia/Binaries/Win64/UE4Editor-WmfMediaFactory.dll (API version 3944462).
LogModuleManager: Display: Found up-to-date module file ../../../Engine/Plugins/Messaging/TcpMessaging/Binaries/Win64/UE4Editor-TcpMessaging.dll (API version 3944462).
LogModuleManager: Display: Found up-to-date module file ../../../Engine/Plugins/Messaging/UdpMessaging/Binaries/Win64/UE4Editor-UdpMessaging.dll (API version 3944462).
LogModuleManager: Display: Found up-to-date module file ../../../Engine/Plugins/MovieScene/ActorSequence/Binaries/Win64/UE4Editor-ActorSequence.dll (API version 3944462).
LogModuleManager: Display: Found up-to-date module file ../../../Engine/Plugins/MovieScene/LevelSequenceEditor/Binaries/Win64/UE4Editor-LevelSequenceEditor.dll (API version 3944462).
LogModuleManager: Display: Found up-to-date module file ../../../Engine/Plugins/MovieScene/MatineeToLevelSequence/Binaries/Win64/UE4Editor-MatineeToLevelSequence.dll (API version 3944462).
LogModuleManager: Display: Found up-to-date module file ../../../Engine/Plugins/NetcodeUnitTest/NetcodeUnitTest/Binaries/Win64/UE4Editor-NetcodeUnitTest.dll (API version 3944462).
LogModuleManager: Display: Found up-to-date module file ../../../Engine/Plugins/NetcodeUnitTest/NUTUnrealEngine4/Binaries/Win64/UE4Editor-NUTUnrealEngine4.dll (API version 3944462).
LogModuleManager: Display: Found up-to-date module file ../../../Engine/Plugins/Online/OnlineSubsystem/Binaries/Win64/UE4Editor-OnlineSubsystem.dll (API version 3944462).
LogModuleManager: Display: Found up-to-date module file ../../../Engine/Plugins/Runtime/AndroidPermission/Binaries/Win64/UE4Editor-AndroidPermission.dll (API version 3944462).
LogModuleManager: Display: Found up-to-date module file ../../../Engine/Plugins/Online/OnlineSubsystemNull/Binaries/Win64/UE4Editor-OnlineSubsystemNull.dll (API version 3944462).
LogModuleManager: Display: Found up-to-date module file ../../../Engine/Plugins/Online/OnlineSubsystemUtils/Binaries/Win64/UE4Editor-OnlineSubsystemUtils.dll (API version 3944462).
LogModuleManager: Display: Found up-to-date module file ../../../Engine/Plugins/Online/OnlineSubsystemUtils/Binaries/Win64/UE4Editor-OnlineBlueprintSupport.dll (API version 3944462).
LogModuleManager: Display: Found up-to-date module file ../../../Engine/Plugins/Runtime/AndroidDeviceProfileSelector/Binaries/Win64/UE4Editor-AndroidDeviceProfileSelector.dll (API version 3944462).
LogModuleManager: Display: Found up-to-date module file ../../../Engine/Plugins/Runtime/AppleARKit/Binaries/Win64/UE4Editor-AppleARKit.dll (API version 3944462).
LogModuleManager: Display: Found up-to-date module file ../../../Engine/Plugins/Runtime/ProceduralMeshComponent/Binaries/Win64/UE4Editor-ProceduralMeshComponent.dll (API version 3944462).
LogModuleManager: Display: Found up-to-date module file ../../../Engine/Plugins/Runtime/ProceduralMeshComponent/Binaries/Win64/UE4Editor-ProceduralMeshComponentEditor.dll (API version 3944462).
LogModuleManager: Display: Found up-to-date module file ../../../Engine/Plugins/Animation/LiveLink/Binaries/Win64/UE4Editor-LiveLink.dll (API version 3944462).
LogModuleManager: Display: Found up-to-date module file ../../../Engine/Plugins/Animation/LiveLink/Binaries/Win64/UE4Editor-LiveLinkEditor.dll (API version 3944462).
LogModuleManager: Display: Found up-to-date module file ../../../Engine/Plugins/Runtime/ArchVisCharacter/Binaries/Win64/UE4Editor-ArchVisCharacter.dll (API version 3944462).
LogModuleManager: Display: Found up-to-date module file ../../../Engine/Plugins/Runtime/AudioCapture/Binaries/Win64/UE4Editor-AudioCapture.dll (API version 3944462).
LogModuleManager: Display: Found up-to-date module file ../../../Engine/Plugins/Runtime/AudioCapture/Binaries/Win64/UE4Editor-AudioCaptureEditor.dll (API version 3944462).
LogModuleManager: Display: Found up-to-date module file ../../../Engine/Plugins/Runtime/CableComponent/Binaries/Win64/UE4Editor-CableComponent.dll (API version 3944462).
LogModuleManager: Display: Found up-to-date module file ../../../Engine/Plugins/Runtime/CustomMeshComponent/Binaries/Win64/UE4Editor-CustomMeshComponent.dll (API version 3944462).
LogModuleManager: Display: Found up-to-date module file ../../../Engine/Plugins/Runtime/ExampleDeviceProfileSelector/Binaries/Win64/UE4Editor-ExampleDeviceProfileSelector.dll (API version 3944462).
LogModuleManager: Display: Found up-to-date module file ../../../Engine/Plugins/Runtime/ImmediatePhysics/Binaries/Win64/UE4Editor-ImmediatePhysics.dll (API version 3944462).
LogModuleManager: Display: Found up-to-date module file ../../../Engine/Plugins/Runtime/ImmediatePhysics/Binaries/Win64/UE4Editor-ImmediatePhysicsEditor.dll (API version 3944462).
LogModuleManager: Display: Found up-to-date module file ../../../Engine/Plugins/Runtime/LocationServicesBPLibrary/Binaries/Win64/UE4Editor-LocationServicesBPLibrary.dll (API version 3944462).
LogModuleManager: Display: Found up-to-date module file ../../../Engine/Plugins/Runtime/MobilePatchingUtils/Binaries/Win64/UE4Editor-MobilePatchingUtils.dll (API version 3944462).
LogModuleManager: Display: Found up-to-date module file ../../../Engine/Plugins/Runtime/Oculus/OculusVR/Binaries/Win64/UE4Editor-OculusHMD.dll (API version 3944462).
LogModuleManager: Display: Found up-to-date module file ../../../Engine/Plugins/Runtime/Oculus/OculusVR/Binaries/Win64/UE4Editor-OculusInput.dll (API version 3944462).
LogModuleManager: Display: Found up-to-date module file ../../../Engine/Plugins/Runtime/Oculus/OculusVR/Binaries/Win64/UE4Editor-OculusEditor.dll (API version 3944462).
LogModuleManager: Display: Found up-to-date module file ../../../Engine/Plugins/Runtime/PhysXVehicles/Binaries/Win64/UE4Editor-PhysXVehicles.dll (API version 3944462).
LogModuleManager: Display: Found up-to-date module file ../../../Engine/Plugins/Runtime/PhysXVehicles/Binaries/Win64/UE4Editor-PhysXVehiclesEditor.dll (API version 3944462).
LogModuleManager: Display: Found up-to-date module file ../../../Engine/Plugins/Runtime/RuntimePhysXCooking/Binaries/Win64/UE4Editor-RuntimePhysXCooking.dll (API version 3944462).
LogModuleManager: Display: Found up-to-date module file ../../../Engine/Plugins/Runtime/Steam/SteamVR/Binaries/Win64/UE4Editor-SteamVR.dll (API version 3944462).
LogModuleManager: Display: Found up-to-date module file ../../../Engine/Plugins/Runtime/Steam/SteamVR/Binaries/Win64/UE4Editor-SteamVRController.dll (API version 3944462).
LogModuleManager: Display: Found up-to-date module file ../../../Engine/Plugins/Runtime/WindowsMoviePlayer/Binaries/Win64/UE4Editor-WindowsMoviePlayer.dll (API version 3944462).
LogPluginManager: Mounting plugin Paper2D
LogPluginManager: Mounting plugin LiveLink
LogPluginManager: Mounting plugin LightPropagationVolume
LogPluginManager: Mounting plugin CLionSourceCodeAccess
LogPluginManager: Mounting plugin CodeLiteSourceCodeAccess
LogPluginManager: Mounting plugin GitSourceControl
LogPluginManager: Mounting plugin KDevelopSourceCodeAccess
LogPluginManager: Mounting plugin NullSourceCodeAccess
LogPluginManager: Mounting plugin PerforceSourceControl
LogPluginManager: Mounting plugin SubversionSourceControl
LogPluginManager: Mounting plugin UObjectPlugin
LogPluginManager: Mounting plugin VisualStudioCodeSourceCodeAccess
LogPluginManager: Mounting plugin VisualStudioSourceCodeAccess
LogPluginManager: Mounting plugin XCodeSourceCodeAccess
LogPluginManager: Mounting plugin AssetManagerEditor
LogPluginManager: Mounting plugin CryptoKeys
LogPluginManager: Mounting plugin DataValidation
LogPluginManager: Mounting plugin FacialAnimation
LogPluginManager: Mounting plugin GameplayTagsEditor
LogPluginManager: Mounting plugin MobileLauncherProfileWizard
LogPluginManager: Mounting plugin PluginBrowser
LogPluginManager: Mounting plugin SpeedTreeImporter
LogPluginManager: Mounting plugin DatasmithContent
LogPluginManager: Mounting plugin AlembicImporter
LogPluginManager: Mounting plugin CharacterAI
LogPluginManager: Mounting plugin HTML5Networking
LogPluginManager: Mounting plugin Substance
LogPluginManager: Mounting plugin AndroidMedia
LogPluginManager: Mounting plugin AvfMedia
LogPluginManager: Mounting plugin ImgMedia
LogPluginManager: Mounting plugin LinearTimecode
LogPluginManager: Mounting plugin MediaCompositing
LogPluginManager: Mounting plugin MediaPlayerEditor
LogPluginManager: Mounting plugin WmfMedia
LogPluginManager: Mounting plugin TcpMessaging
LogPluginManager: Mounting plugin UdpMessaging
LogPluginManager: Mounting plugin ActorSequence
LogPluginManager: Mounting plugin LevelSequenceEditor
LogPluginManager: Mounting plugin MatineeToLevelSequence
LogPluginManager: Mounting plugin NetcodeUnitTest
LogPluginManager: Mounting plugin NUTUnrealEngine4
LogPluginManager: Mounting plugin OnlineSubsystemGooglePlay
LogPluginManager: Mounting plugin OnlineSubsystemIOS
LogPluginManager: Mounting plugin OnlineSubsystem
LogPluginManager: Mounting plugin OnlineSubsystemNull
LogPluginManager: Mounting plugin OnlineSubsystemUtils
LogPluginManager: Mounting plugin AndroidDeviceProfileSelector
LogPluginManager: Mounting plugin AndroidMoviePlayer
LogPluginManager: Mounting plugin AndroidPermission
LogPluginManager: Mounting plugin AppleARKit
LogPluginManager: Mounting plugin AppleMoviePlayer
LogPluginManager: Mounting plugin ArchVisCharacter
LogPluginManager: Mounting plugin AudioCapture
LogPluginManager: Mounting plugin CableComponent
LogPluginManager: Mounting plugin CustomMeshComponent
LogPluginManager: Mounting plugin ExampleDeviceProfileSelector
LogPluginManager: Mounting plugin GoogleCloudMessaging
LogPluginManager: Mounting plugin ImmediatePhysics
LogPluginManager: Mounting plugin IOSDeviceProfileSelector
LogPluginManager: Mounting plugin LinuxDeviceProfileSelector
LogPluginManager: Mounting plugin LocationServicesBPLibrary
LogPluginManager: Mounting plugin MobilePatchingUtils
LogPluginManager: Mounting plugin OculusVR
LogPluginManager: Plugin shader directory ../../../Engine/Plugins/Runtime/Oculus/OculusVR/Shaders found
LogPluginManager: Mapping shader source directory ../../../Engine/Plugins/Runtime/Oculus/OculusVR/Shaders to virtual directory /Plugin/OculusVR
LogPluginManager: Mounting plugin PhysXVehicles
LogPluginManager: Mounting plugin ProceduralMeshComponent
LogPluginManager: Mounting plugin RuntimePhysXCooking
LogPluginManager: Mounting plugin SteamVR
LogPluginManager: Mounting plugin WindowsMoviePlayer
LogStreaming: Display: Took  1.354s to configure plugins.
LogInit: Using libcurl 7.47.1
LogInit:  - built for x86_64-pc-win32
LogInit:  - supports SSL with OpenSSL/1.0.2g
LogInit:  - supports HTTP deflate (compression) using libz 1.2.8
LogInit:  - other features:
LogInit:      CURL_VERSION_SSL
LogInit:      CURL_VERSION_LIBZ
LogInit:      CURL_VERSION_IPV6
LogInit:      CURL_VERSION_ASYNCHDNS
LogInit:      CURL_VERSION_LARGEFILE
LogInit:      CURL_VERSION_IDN
LogInit:  CurlRequestOptions (configurable via config and command line):
LogInit:  - bVerifyPeer = false  - Libcurl will NOT verify peer certificate
LogInit:  - bUseHttpProxy = false  - Libcurl will NOT use HTTP proxy
LogInit:  - bDontReuseConnections = false  - Libcurl will reuse connections
LogInit:  - CertBundlePath = nullptr  - Libcurl will use whatever was configured at build time.
LogInit:  - MaxHostConnections = 16  - Libcurl will limit the number of connections to a host
LogInit:  - LocalHostAddr = Default
LogInit: WinSock: version 1.1 (2.2), MaxSocks=32767, MaxUdp=65467
LogInit: WinSock: I am DESKTOP-NOTMLJ6 (192.168.1.5:0)
LogInit: Build: ++UE4+Release-4.19-CL-4033788
LogInit: Engine Version: 4.19.2-4033788+++UE4+Release-4.19
LogInit: Compatible Engine Version: 4.19.0-3944462+++UE4+Release-4.19
LogInit: Net CL: 3944462
LogDevObjectVersion: Number of dev versions registered: 18
LogDevObjectVersion:   Dev-Blueprints (B0D832E4-1F89-4F0D-ACCF-7EB736FD4AA2): 10
LogDevObjectVersion:   Dev-Build (E1C64328-A22C-4D53-A36C-8E866417BD8C): 0
LogDevObjectVersion:   Dev-Core (375EC13C-06E4-48FB-B500-84F0262A717E): 2
LogDevObjectVersion:   Dev-Editor (E4B068ED-F494-42E9-A231-DA0B2E46BB41): 23
LogDevObjectVersion:   Dev-Framework (CFFC743F-43B0-4480-9391-14DF171D2073): 33
LogDevObjectVersion:   Dev-Mobile (B02B49B5-BB20-44E9-A304-32B752E40360): 2
LogDevObjectVersion:   Dev-Networking (A4E4105C-59A1-49B5-A7C5-40C4547EDFEE): 0
LogDevObjectVersion:   Dev-Online (39C831C9-5AE6-47DC-9A44-9C173E1C8E7C): 0
LogDevObjectVersion:   Dev-Physics (78F01B33-EBEA-4F98-B9B4-84EACCB95AA2): 0
LogDevObjectVersion:   Dev-Platform (6631380F-2D4D-43E0-8009-CF276956A95A): 0
LogDevObjectVersion:   Dev-Rendering (12F88B9F-8875-4AFC-A67C-D90C383ABD29): 25
LogDevObjectVersion:   Dev-Sequencer (7B5AE74C-D270-4C10-A958-57980B212A5A): 6
LogDevObjectVersion:   Dev-VR (D7296918-1DD6-4BDD-9DE2-64A83CC13884): 1
LogDevObjectVersion:   Dev-LoadTimes (C2A15278-BFE7-4AFE-6C17-90FF531DF755): 1
LogDevObjectVersion:   Private-Geometry (6EACA3D4-40EC-4CC1-B786-8BED09428FC5): 2
LogDevObjectVersion:   Dev-AnimPhys (29E575DD-E0A3-4627-9D10-D276232CDCEA): 16
LogDevObjectVersion:   Dev-ReflectionCapture (6B266CEC-1EC7-4B8F-A30B-E4D90942FC07): 1
LogDevObjectVersion:   Dev-Automation (0DF73D61-A23F-47EA-B727-89E90C41499A): 1
LogInit: Compiled (64-bit): Apr 27 2018 02:06:57
LogInit: Compiled with Visual C++: 19.00.24215.01
LogInit: Build Configuration: Development
LogInit: Branch Name: ++UE4+Release-4.19
LogInit: Command Line: 
LogInit: Base Directory: C:/Program Files (x86)/UE_4.19/Engine/Binaries/Win64/
LogInit: Installed Engine Build: 1
LogStreaming: Display: Took  0.000s to delete old logs.
LogInit: Presizing for max 8388607 objects, including 0 objects not considered by GC, pre-allocating 0 bytes for permanent pool.
LogInit: Object subsystem initialized
[2019.02.21-11.39.05:833][  0]LogInit: Selected Device Profile: [Windows]
[2019.02.21-11.39.05:833][  0]LogInit: Applying CVar settings loaded from the selected device profile: [Windows]
[2019.02.21-11.39.05:854][  0]LogInit: Computer: DESKTOP-NOTMLJ6
[2019.02.21-11.39.05:854][  0]LogInit: User: Thomas
[2019.02.21-11.39.05:854][  0]LogInit: CPU Page size=4096, Cores=8
[2019.02.21-11.39.05:854][  0]LogInit: High frequency timer resolution =10.000000 MHz
[2019.02.21-11.39.05:855][  0]LogMemory: Memory total: Physical=15.9GB (16GB approx)
[2019.02.21-11.39.05:855][  0]LogMemory: Platform Memory Stats for Windows
[2019.02.21-11.39.05:855][  0]LogMemory: Process Physical Memory: 275.23 MB used, 275.23 MB peak
[2019.02.21-11.39.05:855][  0]LogMemory: Process Virtual Memory: 272.40 MB used, 272.40 MB peak
[2019.02.21-11.39.05:855][  0]LogMemory: Physical Memory: 7955.44 MB used,  8363.24 MB free, 16318.68 MB total
[2019.02.21-11.39.05:855][  0]LogMemory: Virtual Memory: 4826.40 MB used,  8363.24 MB free, 134217728.00 MB total
[2019.02.21-11.39.05:875][  0]LogInit: Using OS detected language (it-IT).
[2019.02.21-11.39.05:875][  0]LogInit: Using OS detected locale (it-IT).
[2019.02.21-11.39.05:880][  0]LogTextLocalizationManager: No localization for 'it-IT' exists, so 'en' will be used for the language.
[2019.02.21-11.39.06:366][  0]LogStreaming: Display: Took  0.491s to EndInitTextLocalization.
[2019.02.21-11.39.06:366][  0]LogInit: Setting process to per monitor DPI aware
[2019.02.21-11.39.06:396][  0]LogSlate: New Slate User Created.  User Index 0, Is Virtual User: 0
[2019.02.21-11.39.06:396][  0]LogSlate: Slate User Registered.  User Index 0, Is Virtual User: 0
[2019.02.21-11.39.06:626][  0]LogD3D11RHI: D3D11 adapters:
[2019.02.21-11.39.06:711][  0]LogD3D11RHI:    0. 'NVIDIA GeForce GTX 1060 6GB' (Feature Level 11_0)
[2019.02.21-11.39.06:711][  0]LogD3D11RHI:       6052/0/8159 MB DedicatedVideo/DedicatedSystem/SharedSystem, Outputs:2, VendorId:0x10de
[2019.02.21-11.39.06:713][  0]LogD3D11RHI:    1. 'Microsoft Basic Render Driver' (Feature Level 11_0)
[2019.02.21-11.39.06:713][  0]LogD3D11RHI:       0/0/8159 MB DedicatedVideo/DedicatedSystem/SharedSystem, Outputs:0, VendorId:0x1414
[2019.02.21-11.39.06:713][  0]LogD3D11RHI: Chosen D3D11 Adapter: 0
[2019.02.21-11.39.06:726][  0]LogD3D11RHI: Creating new Direct3DDevice
[2019.02.21-11.39.06:726][  0]LogD3D11RHI:     GPU DeviceId: 0x1c03 (for the marketing name, search the web for "GPU Device Id")
[2019.02.21-11.39.06:726][  0]LogWindows: EnumDisplayDevices:
[2019.02.21-11.39.06:726][  0]LogWindows:    0. 'NVIDIA GeForce GTX 1060 6GB' (P:1 D:1)
[2019.02.21-11.39.06:726][  0]LogWindows:    1. 'NVIDIA GeForce GTX 1060 6GB' (P:0 D:1)
[2019.02.21-11.39.06:726][  0]LogWindows:    2. 'NVIDIA GeForce GTX 1060 6GB' (P:0 D:0)
[2019.02.21-11.39.06:726][  0]LogWindows:    3. 'NVIDIA GeForce GTX 1060 6GB' (P:0 D:0)
[2019.02.21-11.39.06:726][  0]LogWindows: DebugString: GetVideoDriverDetailsInvalid PrimaryIsNotTheChoosenAdapter GetVideoDriverDetailsInvalid PrimaryIsNotTheChoosenAdapter GetVideoDriverDetailsInvalid PrimaryIsNotTheChoosenAdapter GetVideoDriverDetailsInvalid PrimaryIsNotTheChoosenAdapter FoundDriverCount:0 
[2019.02.21-11.39.06:726][  0]LogD3D11RHI:     Adapter Name: NVIDIA GeForce GTX 1060 6GB
[2019.02.21-11.39.06:726][  0]LogD3D11RHI:   Driver Version: Unknown (internal:Unknown, unified:Unknown)
[2019.02.21-11.39.06:726][  0]LogD3D11RHI:      Driver Date: Unknown
[2019.02.21-11.39.06:726][  0]LogRHI: Texture pool is 4236 MB (70% of 6052 MB)
[2019.02.21-11.39.06:778][  0]LogD3D11RHI: [Aftermath] Aftermath enabled and primed
[2019.02.21-11.39.06:778][  0]LogD3D11RHI: [Aftermath] Aftermath enabled and primed
[2019.02.21-11.39.06:778][  0]LogD3D11RHI: Async texture creation enabled
[2019.02.21-11.39.06:805][  0]LogD3D11RHI: GPU Timing Frequency: 1000.000000 (Debug: 2 1)
[2019.02.21-11.39.06:905][  0]LogShaderCompilers: Guid format shader working directory is 20 characters bigger than the processId version (D:/UE4Project/ProjectThief/Intermediate/Shaders/WorkingDirectory/12456/).
[2019.02.21-11.39.06:905][  0]LogShaderCompilers: Cleaned the shader compiler working directory 'C:/Users/Thomas/AppData/Local/Temp/UnrealShaderWorkingDir/5D71EA434A7A70CB815461A3DFB724DD/'.
[2019.02.21-11.39.07:648][  0]LogTemp: Display: Loaded TP AllDesktopTargetPlatform
[2019.02.21-11.39.07:720][  0]LogTemp: Display: Loaded TP MacClientTargetPlatform
[2019.02.21-11.39.07:764][  0]LogTemp: Display: Loaded TP MacNoEditorTargetPlatform
[2019.02.21-11.39.07:788][  0]LogTemp: Display: Loaded TP MacServerTargetPlatform
[2019.02.21-11.39.07:815][  0]LogTemp: Display: Loaded TP MacTargetPlatform
[2019.02.21-11.39.07:843][  0]LogTemp: Display: Loaded TP WindowsClientTargetPlatform
[2019.02.21-11.39.07:872][  0]LogTemp: Display: Loaded TP WindowsNoEditorTargetPlatform
[2019.02.21-11.39.07:897][  0]LogTemp: Display: Loaded TP WindowsServerTargetPlatform
[2019.02.21-11.39.07:915][  0]LogTemp: Display: Loaded TP WindowsTargetPlatform
[2019.02.21-11.39.07:939][  0]LogTemp: Display: Loaded TP Android_ASTCTargetPlatform
[2019.02.21-11.39.07:964][  0]LogTemp: Display: Loaded TP Android_ATCTargetPlatform
[2019.02.21-11.39.08:021][  0]LogTemp: Display: Loaded TP Android_DXTTargetPlatform
[2019.02.21-11.39.08:055][  0]LogTemp: Display: Loaded TP Android_ETC1aTargetPlatform
[2019.02.21-11.39.08:088][  0]LogTemp: Display: Loaded TP Android_ETC1TargetPlatform
[2019.02.21-11.39.08:103][  0]LogTemp: Display: Loaded TP Android_ETC2TargetPlatform
[2019.02.21-11.39.08:135][  0]LogTemp: Display: Loaded TP Android_MultiTargetPlatform
[2019.02.21-11.39.08:135][  0]LogTemp: Display: Loaded TP Android_PVRTCTargetPlatform
[2019.02.21-11.39.08:157][  0]LogTemp: Display: Loaded TP AndroidTargetPlatform
[2019.02.21-11.39.08:158][  0]LogTemp: Display: Loaded TP HTML5TargetPlatform
[2019.02.21-11.39.08:202][  0]LogTemp: Display: Loaded TP IOSTargetPlatform
[2019.02.21-11.39.08:217][  0]LogTemp: Display: Loaded TP TVOSTargetPlatform
[2019.02.21-11.39.08:232][  0]LogTemp: Display: Loaded TP LinuxClientTargetPlatform
[2019.02.21-11.39.08:247][  0]LogTemp: Display: Loaded TP LinuxNoEditorTargetPlatform
[2019.02.21-11.39.08:262][  0]LogTemp: Display: Loaded TP LinuxServerTargetPlatform
[2019.02.21-11.39.08:278][  0]LogTemp: Display: Loaded TP LinuxTargetPlatform
[2019.02.21-11.39.08:278][  0]LogTargetPlatformManager: Display: Building Assets For Windows
[2019.02.21-11.39.08:425][  0]LogXGEController: Cannot use XGE Controller as Incredibuild is not installed on this machine.
[2019.02.21-11.39.08:425][  0]LogShaderCompilers: Cannot use XGE Shader Compiler as Incredibuild is not installed on this machine.
[2019.02.21-11.39.08:425][  0]LogShaderCompilers: Display: Using Local Shader Compiler.
[2019.02.21-11.39.09:253][  0]LogDerivedDataCache: Display: Max Cache Size: 512 MB
[2019.02.21-11.39.09:336][  0]LogDerivedDataCache: Loaded boot cache 0.08s 74MB C:/Users/Thomas/AppData/Local/UnrealEngine/4.19/DerivedDataCache/Boot.ddc.
[2019.02.21-11.39.09:337][  0]LogDerivedDataCache: Display: Loaded Boot cache: C:/Users/Thomas/AppData/Local/UnrealEngine/4.19/DerivedDataCache/Boot.ddc
[2019.02.21-11.39.09:337][  0]LogDerivedDataCache: FDerivedDataBackendGraph:  Pak pak cache file D:/UE4Project/ProjectThief/DerivedDataCache/DDC.ddp not found, will not use a pak cache.
[2019.02.21-11.39.09:337][  0]LogDerivedDataCache: Unable to find inner node Pak for hierarchical cache Hierarchy.
[2019.02.21-11.39.09:337][  0]LogDerivedDataCache: FDerivedDataBackendGraph:  CompressedPak pak cache file D:/UE4Project/ProjectThief/DerivedDataCache/Compressed.ddp not found, will not use a pak cache.
[2019.02.21-11.39.09:337][  0]LogDerivedDataCache: Unable to find inner node CompressedPak for hierarchical cache Hierarchy.
[2019.02.21-11.39.09:356][  0]LogDerivedDataCache: Display: Pak cache opened for reading ../../../Engine/DerivedDataCache/Compressed.ddp.
[2019.02.21-11.39.09:369][  0]LogDerivedDataCache: Using Local data cache path C:/Users/Thomas/AppData/Local/UnrealEngine/Common/DerivedDataCache: Writable
[2019.02.21-11.39.09:369][  0]LogDerivedDataCache: Shared data cache path not found in *engine.ini, will not use an Shared cache.
[2019.02.21-11.39.09:369][  0]LogDerivedDataCache: Unable to find inner node Shared for hierarchical cache Hierarchy.
[2019.02.21-11.39.09:381][  0]LogMaterial: Verifying Global Shaders for PCD3D_SM5
[2019.02.21-11.39.09:382][  0]LogSlate: Using Freetype 2.6.0
[2019.02.21-11.39.09:385][  0]LogSlate: SlateFontCache - WITH_FREETYPE: 1, WITH_HARFBUZZ: 1
[2019.02.21-11.39.09:385][  0]LogSlate: SlateFontCache - WITH_FREETYPE: 1, WITH_HARFBUZZ: 1
[2019.02.21-11.39.09:543][  0]LogAssetRegistry: FAssetRegistry took 0.0281 seconds to start up
[2019.02.21-11.39.09:909][  0]LogInit: Selected Device Profile: [Windows]
[2019.02.21-11.39.10:081][  0]LogSimplygon: Simplygon DLL not present - disabling.
[2019.02.21-11.39.10:084][  0]LogMeshReduction: Using SimplygonSwarm for distributed automatic mesh merging
[2019.02.21-11.39.10:084][  0]LogMeshReduction: Using QuadricMeshReduction for automatic static mesh reduction
[2019.02.21-11.39.10:084][  0]LogMeshReduction: No automatic skeletal mesh reduction module available
[2019.02.21-11.39.10:084][  0]LogMeshReduction: No automatic mesh merging module available
[2019.02.21-11.39.10:084][  0]LogMeshMerging: No automatic mesh merging module available
[2019.02.21-11.39.10:139][  0]LogNetVersion: ProjectThief , NetCL: 3944462, EngineNetVer: 2, GameNetVer: 0 (Checksum: 3106578406)
[2019.02.21-11.39.10:647][  0]LogPackageLocalizationCache: Processed 9 localized package path(s) for 1 prioritized culture(s) in 0.042932 seconds
[2019.02.21-11.39.10:654][  0]LogUObjectArray: 36729 objects as part of root set at end of initial load.
[2019.02.21-11.39.10:654][  0]LogUObjectAllocator: 7314528 out of 0 bytes used by permanent object pool.
[2019.02.21-11.39.10:654][  0]LogUObjectArray: CloseDisregardForGC: 0/0 objects in disregard for GC pool
[2019.02.21-11.39.12:739][  0]LogSubstanceCoreModule: Substance [CPU] Engine Loaded, Max Texture Size = 2048
[2019.02.21-11.39.12:772][  0]LogTcpMessaging: Initializing TcpMessaging bridge
[2019.02.21-11.39.12:807][  0]LogUdpMessaging: Initializing bridge on interface 0.0.0.0:0 to multicast group 230.0.0.1:6666.
[2019.02.21-11.39.13:278][  0]SourceControl: Source control is disabled
[2019.02.21-11.39.13:278][  0]SourceControl: Source control is disabled
[2019.02.21-11.39.13:302][  0]SourceControl: Source control is disabled
[2019.02.21-11.39.13:325][  0]SourceControl: Source control is disabled
[2019.02.21-11.39.13:940][  0]LogAndroidPermission: UAndroidPermissionCallbackProxy::GetInstance
[2019.02.21-11.39.14:190][  0]LogOcInput: OculusInput pre-init called
[2019.02.21-11.39.14:692][  0]LogEngine: Initializing Engine...
[2019.02.21-11.39.14:693][  0]LogHMD: Failed to initialize OpenVR with code 110
[2019.02.21-11.39.14:694][  0]LogStats: UGameplayTagsManager::ConstructGameplayTagTree: Construct from data asset -  0.000 s
[2019.02.21-11.39.14:695][  0]LogStats: UGameplayTagsManager::ConstructGameplayTagTree: GameplayTagTreeChangedEvent.Broadcast -  0.000 s
[2019.02.21-11.39.14:924][  0]LogAIModule: Creating AISystem for world Untitled
[2019.02.21-11.39.15:033][  0]LogInit: XAudio2 using 'Altoparlanti (Realtek High Definition Audio)' : 2 channels at 48 kHz using 32 bits per sample (channel mask 0x3)
[2019.02.21-11.39.15:092][  0]LogInit: FAudioDevice initialized.
[2019.02.21-11.39.15:266][  0]LogDerivedDataCache: Saved boot cache 0.17s 74MB C:/Users/Thomas/AppData/Local/UnrealEngine/4.19/DerivedDataCache/Boot.ddc.
[2019.02.21-11.39.15:280][  0]LogInit: Texture streaming: Enabled
[2019.02.21-11.39.15:302][  0]LogEngineSessionManager: EngineSessionManager initialized
[2019.02.21-11.39.15:320][  0]LogInit: Transaction tracking system initialized
[2019.02.21-11.39.15:349][  0]BlueprintLog: New page: Editor Load
[2019.02.21-11.39.15:461][  0]LocalizationService: Localization service is disabled
[2019.02.21-11.39.15:594][  0]LogConsoleResponse: Display: 
[2019.02.21-11.39.15:745][  0]LogCook: Display: Max memory allowance for cook 16384mb min free memory 0mb
[2019.02.21-11.39.15:745][  0]LogCook: Display: Mobile HDR setting 1
[2019.02.21-11.39.15:745][  0]LogGameplayTags: Display: UGameplayTagsManager::DoneAddingNativeTags. DelegateIsBound: 0
[2019.02.21-11.39.15:745][  0]LogStats: UGameplayTagsManager::ConstructGameplayTagTree: Construct from data asset -  0.000 s
[2019.02.21-11.39.15:745][  0]LogStats: UGameplayTagsManager::ConstructGameplayTagTree: GameplayTagTreeChangedEvent.Broadcast -  0.000 s
[2019.02.21-11.39.15:757][  0]LogFileCache: Scanning file cache for directory 'D:/UE4Project/ProjectThief/Content/' took 0.01s
[2019.02.21-11.39.16:217][  0]SourceControl: Source control is disabled
[2019.02.21-11.39.16:217][  0]Cmd: MAP LOAD FILE="../../../Engine/Content/Maps/Templates/Template_Default.umap" TEMPLATE=1 SHOWPROGRESS=1 FEATURELEVEL=3
[2019.02.21-11.39.16:218][  0]LightingResults: New page: Lighting Build
[2019.02.21-11.39.16:221][  0]MapCheck: New page: Map Check
[2019.02.21-11.39.16:221][  0]LightingResults: New page: Lighting Build
[2019.02.21-11.39.16:449][  0]LogAIModule: Creating AISystem for world Untitled_1
[2019.02.21-11.39.16:454][  0]LogEditorServer: Finished looking for orphan Actors (0.000 secs)
[2019.02.21-11.39.16:463][  0]Cmd: MAP CHECKDEP NOCLEARLOG
[2019.02.21-11.39.16:542][  0]MapCheck: Map check complete: 0 Error(s), 0 Warning(s), took 78,285ms to complete.
[2019.02.21-11.39.16:542][  0]LogFileHelpers: Loading map 'Template_Default' took 0.325
[2019.02.21-11.39.16:617][  0]LogCollectionManager: Loaded 0 collections in 0.002233 seconds
[2019.02.21-11.39.16:661][  0]LogFileCache: Scanning file cache for directory 'D:/UE4Project/ProjectThief/Saved/Collections/' took 0.01s
[2019.02.21-11.39.16:661][  0]LogFileCache: Scanning file cache for directory 'D:/UE4Project/ProjectThief/Content/Developers/Thomas/Collections/' took 0.01s
[2019.02.21-11.39.16:661][  0]LogFileCache: Scanning file cache for directory 'D:/UE4Project/ProjectThief/Content/Collections/' took 0.01s
[2019.02.21-11.39.16:661][  0]LogCollectionManager: Rebuilt the GUID cache for 0 collections in 0.000000 seconds
[2019.02.21-11.39.16:673][  0]LogContentBrowser: Native class hierarchy populated in 0.0116 seconds. Added 2466 classes and 564 folders.
[2019.02.21-11.39.16:681][  0]LogContentBrowser: Native class hierarchy updated for 'WidgetCarousel' in 0.0003 seconds. Added 0 classes and 0 folders.
[2019.02.21-11.39.16:748][  0]LogContentBrowser: Native class hierarchy updated for 'AddContentDialog' in 0.0003 seconds. Added 0 classes and 0 folders.
[2019.02.21-11.39.16:810][  0]LogContentBrowser: Native class hierarchy updated for 'SceneOutliner' in 0.0004 seconds. Added 1 classes and 2 folders.
[2019.02.21-11.39.16:964][  0]LogDirectoryWatcher: Warning: Failed to begin reading directory changes for D:/UE4Project/ProjectThief/Plugins/. Error: Impossibile trovare il file specificato. (0x00000002)
[2019.02.21-11.39.16:969][  0]LogSlate: Took 0.000265 seconds to synchronously load lazily loaded font '../../../Engine/Content/Slate/Fonts/Roboto-Regular.ttf' (155K)
[2019.02.21-11.39.16:971][  0]LogSlate: Took 0.000170 seconds to synchronously load lazily loaded font '../../../Engine/Content/Slate/Fonts/Roboto-Bold.ttf' (160K)
[2019.02.21-11.39.16:973][  0]LogSlate: Took 0.000210 seconds to synchronously load lazily loaded font '../../../Engine/Content/Editor/Slate/Fonts/FontAwesome.ttf' (139K)
[2019.02.21-11.39.17:085][  0]LogRenderer: Reallocating scene render targets to support 908x924 Format 10 NumSamples 1 (Frame:1).
[2019.02.21-11.39.17:258][  0]LogContentBrowser: Native class hierarchy updated for 'HierarchicalLODOutliner' in 0.0003 seconds. Added 0 classes and 0 folders.
[2019.02.21-11.39.17:258][  0]LogLoad: (Engine Initialization) Total time: 14.87 seconds
[2019.02.21-11.39.17:258][  0]LogLoad: (Engine Initialization) Total Blueprint compile time: 0.00 seconds
[2019.02.21-11.39.17:619][  0]LogContentStreaming: Texture pool size now 1000 MB
[2019.02.21-11.39.17:655][  1]LogSubstanceLiveLink: Warning: Unable to send data along socket, closing connection
[2019.02.21-11.39.17:940][  1]LogAssetRegistry: Asset discovery search completed in 8.4201 seconds
[2019.02.21-11.39.17:942][  1]LogCollectionManager: Rebuilt the object cache for 0 collections in 0.000000 seconds (found 0 objects)
[2019.02.21-11.39.17:942][  1]LogCollectionManager: Fixed up redirectors for 0 collections in 0.000042 seconds (updated 0 objects)
[2019.02.21-11.39.56:595][117]LogSlate: FSceneViewport::OnFocusLost() reason 0
[2019.02.21-11.39.56:595][117]LogSlate: Window 'Plugins' being destroyed
[2019.02.21-11.39.56:598][117]LogSlate: Window 'Plugins' being destroyed
[2019.02.21-11.39.56:599][117]LogDirectoryWatcher: A directory notification for '../../../Engine/Plugins/' was aborted.
[2019.02.21-11.40.01:358][553]LogSlate: FSceneViewport::OnFocusLost() reason 0
[2019.02.21-11.40.39:606][795]LogEditorViewport: Clicking on Actor (LMB): StaticMeshActor (Floor)
[2019.02.21-11.40.40:655][914]LogEditorViewport: Clicking on Actor (LMB): StaticMeshActor (Floor)
[2019.02.21-11.40.41:328][993]LogSlate: FSceneViewport::OnFocusLost() reason 0
[2019.02.21-11.41.07:667][990]LogSlate: Took 0.031203 seconds to synchronously load lazily loaded font '../../../Engine/Content/Slate/Fonts/Roboto-Light.ttf' (167K)
[2019.02.21-11.41.57:734][785]LogEditorViewport: Clicking on Actor (LMB): StaticMeshActor (Floor)
[2019.02.21-11.42.38:498][578]LogSlate: FSceneViewport::OnFocusLost() reason 2
[2019.02.21-11.42.47:005][563]LogRenderer: Reallocating scene render targets to support 1104x924 Format 10 NumSamples 1 (Frame:10588).
[2019.02.21-11.42.47:061][564]LogRenderer: Reallocating scene render targets to support 1920x1040 Format 10 NumSamples 1 (Frame:10590).
[2019.02.21-11.42.47:061][564]LogSlate: FSceneViewport::OnFocusLost() reason 2
[2019.02.21-11.42.48:127][665]LogSlate: FSceneViewport::OnFocusLost() reason 2
[2019.02.21-11.42.52:241][139]LogSlate: FSceneViewport::OnFocusLost() reason 0
[2019.02.21-11.42.58:147][834]LogActorFactory: Actor Factory created Cube
[2019.02.21-11.42.58:896][910]LogActorFactory: Actor Factory created Cube
[2019.02.21-11.42.59:767][  6]LogEditorViewport: Clicking on Actor (LMB): StaticMeshActor (Floor)
[2019.02.21-11.43.00:706][113]Cmd: DELETE
[2019.02.21-11.43.00:706][113]Cmd: ACTOR DELETE
[2019.02.21-11.43.00:721][113]LogEditorActor: Deleted Actor: StaticMeshActor
[2019.02.21-11.43.00:737][113]LogEditorActor: Deleted 1 Actors (0.024 secs)
[2019.02.21-11.43.06:691][798]LogEditorViewport: Clicking on Actor (LMB): StaticMeshActor (Cube)
[2019.02.21-11.43.12:209][441]LogEditorViewport: Clicking on Actor (context menu): BP_Sky_Sphere_C (Sky Sphere)
[2019.02.21-11.43.12:257][441]LogSlate: FSceneViewport::OnFocusLost() reason 2
[2019.02.21-11.43.13:067][531]LogEditorViewport: Clicking on Actor (LMB): BP_Sky_Sphere_C (Sky Sphere)
[2019.02.21-11.43.13:293][556]Cmd: TRANSACTION UNDO
[2019.02.21-11.43.13:293][556]LogEditorTransaction: Undo Clicking on Actors
[2019.02.21-11.43.13:577][584]Cmd: TRANSACTION UNDO
[2019.02.21-11.43.13:577][584]LogEditorTransaction: Undo Clicking on Actors (context menu)
[2019.02.21-11.43.13:804][601]Cmd: TRANSACTION UNDO
[2019.02.21-11.43.13:804][601]LogEditorTransaction: Undo Scale Actors
[2019.02.21-11.43.30:698][540]LogEditorViewport: Clicking on Actor (LMB): StaticMeshActor (Cube)
[2019.02.21-11.43.31:259][605]LogEditorViewport: Clicking on Actor (LMB): PlayerStart (Player Start)
[2019.02.21-11.43.38:490][414]LogNavigationPoint: PostEditMove Clear paths rebuilt
[2019.02.21-11.43.45:292][197]LogEditorViewport: Clicking on Actor (LMB): StaticMeshActor (Cube)
[2019.02.21-11.44.02:281][161]LogSlate: FSceneViewport::OnFocusLost() reason 2
[2019.02.21-11.44.04:649][439]LogEditorViewport: Clicking on Actor (context menu): StaticMeshActor (Cube2)
[2019.02.21-11.44.04:670][439]LogSlate: FSceneViewport::OnFocusLost() reason 2
[2019.02.21-11.44.05:399][525]LogEditorViewport: Clicking Background
[2019.02.21-11.44.18:757][119]LogSlate: FSceneViewport::OnFocusLost() reason 2
[2019.02.21-11.44.19:757][238]LogEditorViewport: Clicking on Actor (LMB): StaticMeshActor (Cube2)
[2019.02.21-11.44.30:651][521]LogSlate: FSceneViewport::OnFocusLost() reason 0
[2019.02.21-11.44.47:896][555]LogSlate: FSceneViewport::OnFocusLost() reason 0
[2019.02.21-11.44.58:187][775]LogEditorViewport: Clicking on Actor (LMB): StaticMeshActor (Cube)
[2019.02.21-11.44.59:260][899]Cmd: DELETE
[2019.02.21-11.44.59:260][899]Cmd: ACTOR DELETE
[2019.02.21-11.44.59:261][899]LogEditorActor: Deleted Actor: StaticMeshActor
[2019.02.21-11.44.59:269][899]LogEditorActor: Deleted 1 Actors (0.009 secs)
[2019.02.21-11.45.00:464][ 41]LogEditorViewport: Clicking on Actor (LMB): StaticMeshActor (Cube2)
[2019.02.21-11.45.04:774][537]LogSlate: FSceneViewport::OnFocusLost() reason 2
[2019.02.21-11.45.06:789][777]LogEditorViewport: Clicking Background
[2019.02.21-11.45.07:282][835]LogEditorViewport: Clicking on Actor (LMB): StaticMeshActor (Cube2)
[2019.02.21-11.45.17:976][ 96]LogEditorViewport: Clicking Background
[2019.02.21-11.45.18:874][203]Cmd: TRANSACTION UNDO
[2019.02.21-11.45.18:874][203]LogEditorTransaction: Undo Clicking Background
[2019.02.21-11.45.19:389][253]Cmd: TRANSACTION UNDO
[2019.02.21-11.45.19:389][253]LogEditorTransaction: Undo Move Actors
[2019.02.21-11.45.20:546][387]LogEditorViewport: Clicking on Actor (LMB): StaticMeshActor (Cube2)
[2019.02.21-11.45.36:095][218]LogSlate: FSceneViewport::OnFocusLost() reason 2
[2019.02.21-11.45.39:383][608]LogSlate: FSceneViewport::OnFocusLost() reason 0
[2019.02.21-11.45.39:515][617]LogTemp: Repeating last play command: Selected Viewport
[2019.02.21-11.45.41:459][617]LogPlayLevel: PlayLevel: No blueprints needed recompiling
[2019.02.21-11.45.44:517][617]PIE: New page: PIE session: Untitled_1 (21/feb/2019 13:45:42)
[2019.02.21-11.45.44:595][617]LogPlayLevel: Creating play world package: /Temp/UEDPIE_0_Untitled_1
[2019.02.21-11.45.45:041][617]LogPlayLevel: PIE: StaticDuplicateObject took: (0.445985s)
[2019.02.21-11.45.45:224][617]LogAIModule: Creating AISystem for world Untitled_1
[2019.02.21-11.45.45:392][617]LogPlayLevel: PIE: World Init took: (0.350056s)
[2019.02.21-11.45.45:392][617]LogPlayLevel: PIE: Created PIE world by copying editor world from /Temp/Untitled_1.Untitled_1 to /Temp/UEDPIE_0_Untitled_1.Untitled_1 (0.796351s)
[2019.02.21-11.45.46:150][617]LogInit: XAudio2 using 'Altoparlanti (Realtek High Definition Audio)' : 2 channels at 48 kHz using 32 bits per sample (channel mask 0x3)
[2019.02.21-11.45.46:205][617]LogInit: FAudioDevice initialized.
[2019.02.21-11.45.47:177][617]LogLoad: Game class is 'GameModeBase'
[2019.02.21-11.45.49:649][617]LogWorld: Bringing World /Temp/UEDPIE_0_Untitled_1.Untitled_1 up for play (max tick rate 0) at 2019.02.21-12.45.49
[2019.02.21-11.45.49:999][617]LogWorld: Bringing up level for play took: 0.351093
[2019.02.21-11.45.51:353][617]LogContentBrowser: Native class hierarchy updated for 'MovieSceneCapture' in 0.0005 seconds. Added 11 classes and 0 folders.
[2019.02.21-11.45.51:359][617]PIE: Play in editor start time for /Temp/UEDPIE_0_Untitled_1 11,523
[2019.02.21-11.46.05:940][129]LogSlate: FSceneViewport::OnFocusLost() reason 2
[2019.02.21-11.46.12:722][909]LogEditorViewport: Clicking on Actor (LMB): StaticMeshActor (Cube2)
[2019.02.21-11.46.13:624][  4]LogSlate: FSceneViewport::OnFocusLost() reason 2
[2019.02.21-11.46.24:111][164]LogD3D11RHI: Error: Direct3DDevice->CreateTexture2D(TextureDesc,SubResourceData,OutTexture2D) failed 
 at D:\Build\++UE4+Release-4.19+Compile\Sync\Engine\Source\Runtime\Windows\D3D11RHI\Private\D3D11Texture.cpp:471 
 with error DXGI_ERROR_DEVICE_REMOVED, 
 Size=907x644x1 Format=DXGI_FORMAT_B8G8R8A8_TYPELESS(0x0000005A), NumMips=1, Flags=D3D11_BIND_RENDER_TARGET D3D11_BIND_SHADER_RESOURCE 
[2019.02.21-11.46.24:112][164]LogRHI: Error: [Aftermath] Status: Timeout
[2019.02.21-11.46.24:112][164]LogRHI: Error: [Aftermath] GPU Stack Dump
[2019.02.21-11.46.24:112][164]LogRHI: Error: [Aftermath] 0: FRAME
[2019.02.21-11.46.24:112][164]LogRHI: Error: [Aftermath] 1: SlateUI
[2019.02.21-11.46.24:112][164]LogRHI: Error: [Aftermath] 2: CanvasFlush
[2019.02.21-11.46.24:112][164]LogRHI: Error: [Aftermath] GPU Stack Dump
[2019.02.21-11.46.24:113][164]LogWindows: Windows GetLastError: Operazione completata. (0)
