Log file open, 03/27/19 00:21:14
LogWindows: Failed to load 'aqProf.dll' (GetLastError=126)
LogWindows: File 'aqProf.dll' does not exist
LogWindows: Failed to load 'VtuneApi.dll' (GetLastError=126)
LogWindows: File 'VtuneApi.dll' does not exist
LogWindows: Failed to load 'VtuneApi32e.dll' (GetLastError=126)
LogWindows: File 'VtuneApi32e.dll' does not exist
LogInit: Display: Running engine for game: ProjectThief
LogPlatformFile: Not using cached read wrapper
LogInit: Display: RandInit(-2137680650) SRandInit(-2137680650).
LogInit: Read version file with build ID '3944462'
LogInit: Overriding engine version to CL 4033788, compatible CL 3944462
LogInit: Registered custom module enumerator with build ID '3944462'
LogTaskGraph: Started task graph with 5 named threads and 47 total threads with 3 sets of task threads.
LogStats: Stats thread started at 0.546174
LogD3D11RHI: Aftermath initialized
LogICUInternationalization: Display: ICU TimeZone Detection - Raw Offset: +1:00, Platform Override: ''
LogModuleManager: Display: Found up-to-date module file ../../../Engine/Plugins/Marketplace/Substance/Binaries/Win64/UE4Editor-SubstanceCore.dll (API version 3944462).
LogModuleManager: Display: Found up-to-date module file ../../../Engine/Plugins/Marketplace/Substance/Binaries/Win64/UE4Editor-SubstanceEditor.dll (API version 3944462).
LogModuleManager: Display: Found up-to-date module file ../../../Engine/Plugins/Marketplace/Substance/Binaries/Win64/UE4Editor-SubstanceSource.dll (API version 3944462).
LogModuleManager: Display: Found up-to-date module file ../../../Engine/Plugins/Marketplace/Substance/Binaries/Win64/UE4Editor-SubstanceLiveLink.dll (API version 3944462).
LogModuleManager: Display: Found up-to-date module file ../../../Engine/Plugins/2D/Paper2D/Binaries/Win64/UE4Editor-Paper2D.dll (API version 3944462).
LogModuleManager: Display: Found up-to-date module file ../../../Engine/Plugins/2D/Paper2D/Binaries/Win64/UE4Editor-Paper2DEditor.dll (API version 3944462).
LogModuleManager: Display: Found up-to-date module file ../../../Engine/Plugins/2D/Paper2D/Binaries/Win64/UE4Editor-PaperSpriteSheetImporter.dll (API version 3944462).
LogModuleManager: Display: Found up-to-date module file ../../../Engine/Plugins/2D/Paper2D/Binaries/Win64/UE4Editor-PaperTiledImporter.dll (API version 3944462).
LogModuleManager: Display: Found up-to-date module file ../../../Engine/Plugins/2D/Paper2D/Binaries/Win64/UE4Editor-SmartSnapping.dll (API version 3944462).
LogModuleManager: Display: Found up-to-date module file ../../../Engine/Plugins/Blendables/LightPropagationVolume/Binaries/Win64/UE4Editor-LightPropagationVolumeRuntime.dll (API version 3944462).
LogModuleManager: Display: Found up-to-date module file ../../../Engine/Plugins/Blendables/LightPropagationVolume/Binaries/Win64/UE4Editor-LightPropagationVolumeEditor.dll (API version 3944462).
LogModuleManager: Display: Found up-to-date module file ../../../Engine/Plugins/Developer/CLionSourceCodeAccess/Binaries/Win64/UE4Editor-CLionSourceCodeAccess.dll (API version 3944462).
LogModuleManager: Display: Found up-to-date module file ../../../Engine/Plugins/Developer/GitSourceControl/Binaries/Win64/UE4Editor-GitSourceControl.dll (API version 3944462).
LogModuleManager: Display: Found up-to-date module file ../../../Engine/Plugins/Developer/PerforceSourceControl/Binaries/Win64/UE4Editor-PerforceSourceControl.dll (API version 3944462).
LogModuleManager: Display: Found up-to-date module file ../../../Engine/Plugins/Developer/SubversionSourceControl/Binaries/Win64/UE4Editor-SubversionSourceControl.dll (API version 3944462).
LogModuleManager: Display: Found up-to-date module file ../../../Engine/Plugins/Developer/UObjectPlugin/Binaries/Win64/UE4Editor-UObjectPlugin.dll (API version 3944462).
LogModuleManager: Display: Found up-to-date module file ../../../Engine/Plugins/Developer/VisualStudioCodeSourceCodeAccess/Binaries/Win64/UE4Editor-VisualStudioCodeSourceCodeAccess.dll (API version 3944462).
LogModuleManager: Display: Found up-to-date module file ../../../Engine/Plugins/Developer/VisualStudioSourceCodeAccess/Binaries/Win64/UE4Editor-VisualStudioSourceCodeAccess.dll (API version 3944462).
LogModuleManager: Display: Found up-to-date module file ../../../Engine/Plugins/Editor/AssetManagerEditor/Binaries/Win64/UE4Editor-AssetManagerEditor.dll (API version 3944462).
LogModuleManager: Display: Found up-to-date module file ../../../Engine/Plugins/Editor/CryptoKeys/Binaries/Win64/UE4Editor-CryptoKeys.dll (API version 3944462).
LogModuleManager: Display: Found up-to-date module file ../../../Engine/Plugins/Editor/CryptoKeys/Binaries/Win64/UE4Editor-CryptoKeysOpenSSL.dll (API version 3944462).
LogModuleManager: Display: Found up-to-date module file ../../../Engine/Plugins/Editor/DataValidation/Binaries/Win64/UE4Editor-DataValidation.dll (API version 3944462).
LogModuleManager: Display: Found up-to-date module file ../../../Engine/Plugins/Editor/FacialAnimation/Binaries/Win64/UE4Editor-FacialAnimation.dll (API version 3944462).
LogModuleManager: Display: Found up-to-date module file ../../../Engine/Plugins/Editor/FacialAnimation/Binaries/Win64/UE4Editor-FacialAnimationEditor.dll (API version 3944462).
LogModuleManager: Display: Found up-to-date module file ../../../Engine/Plugins/Editor/GameplayTagsEditor/Binaries/Win64/UE4Editor-GameplayTagsEditor.dll (API version 3944462).
LogModuleManager: Display: Found up-to-date module file ../../../Engine/Plugins/Editor/MobileLauncherProfileWizard/Binaries/Win64/UE4Editor-MobileLauncherProfileWizard.dll (API version 3944462).
LogModuleManager: Display: Found up-to-date module file ../../../Engine/Plugins/Editor/PluginBrowser/Binaries/Win64/UE4Editor-PluginBrowser.dll (API version 3944462).
LogModuleManager: Display: Found up-to-date module file ../../../Engine/Plugins/Editor/SpeedTreeImporter/Binaries/Win64/UE4Editor-SpeedTreeImporter.dll (API version 3944462).
LogModuleManager: Display: Found up-to-date module file ../../../Engine/Plugins/Enterprise/DatasmithContent/Binaries/Win64/UE4Editor-DatasmithContent.dll (API version 3944462).
LogModuleManager: Display: Found up-to-date module file ../../../Engine/Plugins/Experimental/AlembicImporter/Binaries/Win64/UE4Editor-AlembicImporter.dll (API version 3944462).
LogModuleManager: Display: Found up-to-date module file ../../../Engine/Plugins/Experimental/AlembicImporter/Binaries/Win64/UE4Editor-AlembicLibrary.dll (API version 3944462).
LogModuleManager: Display: Found up-to-date module file ../../../Engine/Plugins/Experimental/CharacterAI/Binaries/Win64/UE4Editor-CharacterAI.dll (API version 3944462).
LogModuleManager: Display: Found up-to-date module file ../../../Engine/Plugins/Experimental/HTML5Networking/Binaries/Win64/UE4Editor-HTML5Networking.dll (API version 3944462).
LogModuleManager: Display: Found up-to-date module file ../../../Engine/Plugins/Media/AndroidMedia/Binaries/Win64/UE4Editor-AndroidMediaEditor.dll (API version 3944462).
LogModuleManager: Display: Found up-to-date module file ../../../Engine/Plugins/Media/AndroidMedia/Binaries/Win64/UE4Editor-AndroidMediaFactory.dll (API version 3944462).
LogModuleManager: Display: Found up-to-date module file ../../../Engine/Plugins/Media/AvfMedia/Binaries/Win64/UE4Editor-AvfMediaEditor.dll (API version 3944462).
LogModuleManager: Display: Found up-to-date module file ../../../Engine/Plugins/Media/AvfMedia/Binaries/Win64/UE4Editor-AvfMediaFactory.dll (API version 3944462).
LogModuleManager: Display: Found up-to-date module file ../../../Engine/Plugins/Media/AvfMedia/Binaries/Win64/UE4Editor-AvfMediaFactory.dll (API version 3944462).
LogModuleManager: Display: Found up-to-date module file ../../../Engine/Plugins/Media/ImgMedia/Binaries/Win64/UE4Editor-ImgMedia.dll (API version 3944462).
LogModuleManager: Display: Found up-to-date module file ../../../Engine/Plugins/Media/ImgMedia/Binaries/Win64/UE4Editor-ImgMediaEditor.dll (API version 3944462).
LogModuleManager: Display: Found up-to-date module file ../../../Engine/Plugins/Media/ImgMedia/Binaries/Win64/UE4Editor-ImgMediaFactory.dll (API version 3944462).
LogModuleManager: Display: Found up-to-date module file ../../../Engine/Plugins/Media/ImgMedia/Binaries/Win64/UE4Editor-ImgMediaFactory.dll (API version 3944462).
LogModuleManager: Display: Found up-to-date module file ../../../Engine/Plugins/Media/ImgMedia/Binaries/Win64/UE4Editor-OpenExrWrapper.dll (API version 3944462).
LogModuleManager: Display: Found up-to-date module file ../../../Engine/Plugins/Media/LinearTimecode/Binaries/Win64/UE4Editor-LinearTimecode.dll (API version 3944462).
LogModuleManager: Display: Found up-to-date module file ../../../Engine/Plugins/Media/MediaCompositing/Binaries/Win64/UE4Editor-MediaCompositing.dll (API version 3944462).
LogModuleManager: Display: Found up-to-date module file ../../../Engine/Plugins/Media/MediaCompositing/Binaries/Win64/UE4Editor-MediaCompositingEditor.dll (API version 3944462).
LogModuleManager: Display: Found up-to-date module file ../../../Engine/Plugins/Media/MediaPlayerEditor/Binaries/Win64/UE4Editor-MediaPlayerEditor.dll (API version 3944462).
LogModuleManager: Display: Found up-to-date module file ../../../Engine/Plugins/Media/WmfMedia/Binaries/Win64/UE4Editor-WmfMedia.dll (API version 3944462).
LogModuleManager: Display: Found up-to-date module file ../../../Engine/Plugins/Media/WmfMedia/Binaries/Win64/UE4Editor-WmfMediaEditor.dll (API version 3944462).
LogModuleManager: Display: Found up-to-date module file ../../../Engine/Plugins/Media/WmfMedia/Binaries/Win64/UE4Editor-WmfMediaFactory.dll (API version 3944462).
LogModuleManager: Display: Found up-to-date module file ../../../Engine/Plugins/Media/WmfMedia/Binaries/Win64/UE4Editor-WmfMediaFactory.dll (API version 3944462).
LogModuleManager: Display: Found up-to-date module file ../../../Engine/Plugins/Messaging/TcpMessaging/Binaries/Win64/UE4Editor-TcpMessaging.dll (API version 3944462).
LogModuleManager: Display: Found up-to-date module file ../../../Engine/Plugins/Messaging/UdpMessaging/Binaries/Win64/UE4Editor-UdpMessaging.dll (API version 3944462).
LogModuleManager: Display: Found up-to-date module file ../../../Engine/Plugins/MovieScene/ActorSequence/Binaries/Win64/UE4Editor-ActorSequence.dll (API version 3944462).
LogModuleManager: Display: Found up-to-date module file ../../../Engine/Plugins/MovieScene/LevelSequenceEditor/Binaries/Win64/UE4Editor-LevelSequenceEditor.dll (API version 3944462).
LogModuleManager: Display: Found up-to-date module file ../../../Engine/Plugins/MovieScene/MatineeToLevelSequence/Binaries/Win64/UE4Editor-MatineeToLevelSequence.dll (API version 3944462).
LogModuleManager: Display: Found up-to-date module file ../../../Engine/Plugins/NetcodeUnitTest/NetcodeUnitTest/Binaries/Win64/UE4Editor-NetcodeUnitTest.dll (API version 3944462).
LogModuleManager: Display: Found up-to-date module file ../../../Engine/Plugins/NetcodeUnitTest/NUTUnrealEngine4/Binaries/Win64/UE4Editor-NUTUnrealEngine4.dll (API version 3944462).
LogModuleManager: Display: Found up-to-date module file ../../../Engine/Plugins/Online/OnlineSubsystem/Binaries/Win64/UE4Editor-OnlineSubsystem.dll (API version 3944462).
LogModuleManager: Display: Found up-to-date module file ../../../Engine/Plugins/Runtime/AndroidPermission/Binaries/Win64/UE4Editor-AndroidPermission.dll (API version 3944462).
LogModuleManager: Display: Found up-to-date module file ../../../Engine/Plugins/Online/OnlineSubsystemNull/Binaries/Win64/UE4Editor-OnlineSubsystemNull.dll (API version 3944462).
LogModuleManager: Display: Found up-to-date module file ../../../Engine/Plugins/Online/OnlineSubsystemUtils/Binaries/Win64/UE4Editor-OnlineSubsystemUtils.dll (API version 3944462).
LogModuleManager: Display: Found up-to-date module file ../../../Engine/Plugins/Online/OnlineSubsystemUtils/Binaries/Win64/UE4Editor-OnlineBlueprintSupport.dll (API version 3944462).
LogModuleManager: Display: Found up-to-date module file ../../../Engine/Plugins/Runtime/AndroidDeviceProfileSelector/Binaries/Win64/UE4Editor-AndroidDeviceProfileSelector.dll (API version 3944462).
LogModuleManager: Display: Found up-to-date module file ../../../Engine/Plugins/Runtime/AppleARKit/Binaries/Win64/UE4Editor-AppleARKit.dll (API version 3944462).
LogModuleManager: Display: Found up-to-date module file ../../../Engine/Plugins/Runtime/ProceduralMeshComponent/Binaries/Win64/UE4Editor-ProceduralMeshComponent.dll (API version 3944462).
LogModuleManager: Display: Found up-to-date module file ../../../Engine/Plugins/Runtime/ProceduralMeshComponent/Binaries/Win64/UE4Editor-ProceduralMeshComponentEditor.dll (API version 3944462).
LogModuleManager: Display: Found up-to-date module file ../../../Engine/Plugins/Animation/LiveLink/Binaries/Win64/UE4Editor-LiveLink.dll (API version 3944462).
LogModuleManager: Display: Found up-to-date module file ../../../Engine/Plugins/Animation/LiveLink/Binaries/Win64/UE4Editor-LiveLinkEditor.dll (API version 3944462).
LogModuleManager: Display: Found up-to-date module file ../../../Engine/Plugins/Runtime/ArchVisCharacter/Binaries/Win64/UE4Editor-ArchVisCharacter.dll (API version 3944462).
LogModuleManager: Display: Found up-to-date module file ../../../Engine/Plugins/Runtime/AudioCapture/Binaries/Win64/UE4Editor-AudioCapture.dll (API version 3944462).
LogModuleManager: Display: Found up-to-date module file ../../../Engine/Plugins/Runtime/AudioCapture/Binaries/Win64/UE4Editor-AudioCaptureEditor.dll (API version 3944462).
LogModuleManager: Display: Found up-to-date module file ../../../Engine/Plugins/Runtime/CableComponent/Binaries/Win64/UE4Editor-CableComponent.dll (API version 3944462).
LogModuleManager: Display: Found up-to-date module file ../../../Engine/Plugins/Runtime/CustomMeshComponent/Binaries/Win64/UE4Editor-CustomMeshComponent.dll (API version 3944462).
LogModuleManager: Display: Found up-to-date module file ../../../Engine/Plugins/Runtime/ExampleDeviceProfileSelector/Binaries/Win64/UE4Editor-ExampleDeviceProfileSelector.dll (API version 3944462).
LogModuleManager: Display: Found up-to-date module file ../../../Engine/Plugins/Runtime/ImmediatePhysics/Binaries/Win64/UE4Editor-ImmediatePhysics.dll (API version 3944462).
LogModuleManager: Display: Found up-to-date module file ../../../Engine/Plugins/Runtime/ImmediatePhysics/Binaries/Win64/UE4Editor-ImmediatePhysicsEditor.dll (API version 3944462).
LogModuleManager: Display: Found up-to-date module file ../../../Engine/Plugins/Runtime/LocationServicesBPLibrary/Binaries/Win64/UE4Editor-LocationServicesBPLibrary.dll (API version 3944462).
LogModuleManager: Display: Found up-to-date module file ../../../Engine/Plugins/Runtime/MobilePatchingUtils/Binaries/Win64/UE4Editor-MobilePatchingUtils.dll (API version 3944462).
LogModuleManager: Display: Found up-to-date module file ../../../Engine/Plugins/Runtime/Oculus/OculusVR/Binaries/Win64/UE4Editor-OculusHMD.dll (API version 3944462).
LogModuleManager: Display: Found up-to-date module file ../../../Engine/Plugins/Runtime/Oculus/OculusVR/Binaries/Win64/UE4Editor-OculusInput.dll (API version 3944462).
LogModuleManager: Display: Found up-to-date module file ../../../Engine/Plugins/Runtime/Oculus/OculusVR/Binaries/Win64/UE4Editor-OculusEditor.dll (API version 3944462).
LogModuleManager: Display: Found up-to-date module file ../../../Engine/Plugins/Runtime/PhysXVehicles/Binaries/Win64/UE4Editor-PhysXVehicles.dll (API version 3944462).
LogModuleManager: Display: Found up-to-date module file ../../../Engine/Plugins/Runtime/PhysXVehicles/Binaries/Win64/UE4Editor-PhysXVehiclesEditor.dll (API version 3944462).
LogModuleManager: Display: Found up-to-date module file ../../../Engine/Plugins/Runtime/RuntimePhysXCooking/Binaries/Win64/UE4Editor-RuntimePhysXCooking.dll (API version 3944462).
LogModuleManager: Display: Found up-to-date module file ../../../Engine/Plugins/Runtime/Steam/SteamVR/Binaries/Win64/UE4Editor-SteamVR.dll (API version 3944462).
LogModuleManager: Display: Found up-to-date module file ../../../Engine/Plugins/Runtime/Steam/SteamVR/Binaries/Win64/UE4Editor-SteamVRController.dll (API version 3944462).
LogModuleManager: Display: Found up-to-date module file ../../../Engine/Plugins/Runtime/WindowsMoviePlayer/Binaries/Win64/UE4Editor-WindowsMoviePlayer.dll (API version 3944462).
LogPluginManager: Mounting plugin Paper2D
LogPluginManager: Mounting plugin LiveLink
LogPluginManager: Mounting plugin LightPropagationVolume
LogPluginManager: Mounting plugin CLionSourceCodeAccess
LogPluginManager: Mounting plugin CodeLiteSourceCodeAccess
LogPluginManager: Mounting plugin GitSourceControl
LogPluginManager: Mounting plugin KDevelopSourceCodeAccess
LogPluginManager: Mounting plugin NullSourceCodeAccess
LogPluginManager: Mounting plugin PerforceSourceControl
LogPluginManager: Mounting plugin SubversionSourceControl
LogPluginManager: Mounting plugin UObjectPlugin
LogPluginManager: Mounting plugin VisualStudioCodeSourceCodeAccess
LogPluginManager: Mounting plugin VisualStudioSourceCodeAccess
LogPluginManager: Mounting plugin XCodeSourceCodeAccess
LogPluginManager: Mounting plugin AssetManagerEditor
LogPluginManager: Mounting plugin CryptoKeys
LogPluginManager: Mounting plugin DataValidation
LogPluginManager: Mounting plugin FacialAnimation
LogPluginManager: Mounting plugin GameplayTagsEditor
LogPluginManager: Mounting plugin MobileLauncherProfileWizard
LogPluginManager: Mounting plugin PluginBrowser
LogPluginManager: Mounting plugin SpeedTreeImporter
LogPluginManager: Mounting plugin DatasmithContent
LogPluginManager: Mounting plugin AlembicImporter
LogPluginManager: Mounting plugin CharacterAI
LogPluginManager: Mounting plugin HTML5Networking
LogPluginManager: Mounting plugin Substance
LogPluginManager: Mounting plugin AndroidMedia
LogPluginManager: Mounting plugin AvfMedia
LogPluginManager: Mounting plugin ImgMedia
LogPluginManager: Mounting plugin LinearTimecode
LogPluginManager: Mounting plugin MediaCompositing
LogPluginManager: Mounting plugin MediaPlayerEditor
LogPluginManager: Mounting plugin WmfMedia
LogPluginManager: Mounting plugin TcpMessaging
LogPluginManager: Mounting plugin UdpMessaging
LogPluginManager: Mounting plugin ActorSequence
LogPluginManager: Mounting plugin LevelSequenceEditor
LogPluginManager: Mounting plugin MatineeToLevelSequence
LogPluginManager: Mounting plugin NetcodeUnitTest
LogPluginManager: Mounting plugin NUTUnrealEngine4
LogPluginManager: Mounting plugin OnlineSubsystemGooglePlay
LogPluginManager: Mounting plugin OnlineSubsystemIOS
LogPluginManager: Mounting plugin OnlineSubsystem
LogPluginManager: Mounting plugin OnlineSubsystemNull
LogPluginManager: Mounting plugin OnlineSubsystemUtils
LogPluginManager: Mounting plugin AndroidDeviceProfileSelector
LogPluginManager: Mounting plugin AndroidMoviePlayer
LogPluginManager: Mounting plugin AndroidPermission
LogPluginManager: Mounting plugin AppleARKit
LogPluginManager: Mounting plugin AppleMoviePlayer
LogPluginManager: Mounting plugin ArchVisCharacter
LogPluginManager: Mounting plugin AudioCapture
LogPluginManager: Mounting plugin CableComponent
LogPluginManager: Mounting plugin CustomMeshComponent
LogPluginManager: Mounting plugin ExampleDeviceProfileSelector
LogPluginManager: Mounting plugin GoogleCloudMessaging
LogPluginManager: Mounting plugin ImmediatePhysics
LogPluginManager: Mounting plugin IOSDeviceProfileSelector
LogPluginManager: Mounting plugin LinuxDeviceProfileSelector
LogPluginManager: Mounting plugin LocationServicesBPLibrary
LogPluginManager: Mounting plugin MobilePatchingUtils
LogPluginManager: Mounting plugin OculusVR
LogPluginManager: Plugin shader directory ../../../Engine/Plugins/Runtime/Oculus/OculusVR/Shaders found
LogPluginManager: Mapping shader source directory ../../../Engine/Plugins/Runtime/Oculus/OculusVR/Shaders to virtual directory /Plugin/OculusVR
LogPluginManager: Mounting plugin PhysXVehicles
LogPluginManager: Mounting plugin ProceduralMeshComponent
LogPluginManager: Mounting plugin RuntimePhysXCooking
LogPluginManager: Mounting plugin SteamVR
LogPluginManager: Mounting plugin WindowsMoviePlayer
LogStreaming: Display: Took  1.531s to configure plugins.
LogInit: Using libcurl 7.47.1
LogInit:  - built for x86_64-pc-win32
LogInit:  - supports SSL with OpenSSL/1.0.2g
LogInit:  - supports HTTP deflate (compression) using libz 1.2.8
LogInit:  - other features:
LogInit:      CURL_VERSION_SSL
LogInit:      CURL_VERSION_LIBZ
LogInit:      CURL_VERSION_IPV6
LogInit:      CURL_VERSION_ASYNCHDNS
LogInit:      CURL_VERSION_LARGEFILE
LogInit:      CURL_VERSION_IDN
LogInit:  CurlRequestOptions (configurable via config and command line):
LogInit:  - bVerifyPeer = false  - Libcurl will NOT verify peer certificate
LogInit:  - bUseHttpProxy = false  - Libcurl will NOT use HTTP proxy
LogInit:  - bDontReuseConnections = false  - Libcurl will reuse connections
LogInit:  - CertBundlePath = nullptr  - Libcurl will use whatever was configured at build time.
LogInit:  - MaxHostConnections = 16  - Libcurl will limit the number of connections to a host
LogInit:  - LocalHostAddr = Default
LogInit: WinSock: version 1.1 (2.2), MaxSocks=32767, MaxUdp=65467
LogInit: WinSock: I am DESKTOP-NOTMLJ6 (192.168.1.5:0)
LogInit: Build: ++UE4+Release-4.19-CL-4033788
LogInit: Engine Version: 4.19.2-4033788+++UE4+Release-4.19
LogInit: Compatible Engine Version: 4.19.0-3944462+++UE4+Release-4.19
LogInit: Net CL: 3944462
LogDevObjectVersion: Number of dev versions registered: 18
LogDevObjectVersion:   Dev-Blueprints (B0D832E4-1F89-4F0D-ACCF-7EB736FD4AA2): 10
LogDevObjectVersion:   Dev-Build (E1C64328-A22C-4D53-A36C-8E866417BD8C): 0
LogDevObjectVersion:   Dev-Core (375EC13C-06E4-48FB-B500-84F0262A717E): 2
LogDevObjectVersion:   Dev-Editor (E4B068ED-F494-42E9-A231-DA0B2E46BB41): 23
LogDevObjectVersion:   Dev-Framework (CFFC743F-43B0-4480-9391-14DF171D2073): 33
LogDevObjectVersion:   Dev-Mobile (B02B49B5-BB20-44E9-A304-32B752E40360): 2
LogDevObjectVersion:   Dev-Networking (A4E4105C-59A1-49B5-A7C5-40C4547EDFEE): 0
LogDevObjectVersion:   Dev-Online (39C831C9-5AE6-47DC-9A44-9C173E1C8E7C): 0
LogDevObjectVersion:   Dev-Physics (78F01B33-EBEA-4F98-B9B4-84EACCB95AA2): 0
LogDevObjectVersion:   Dev-Platform (6631380F-2D4D-43E0-8009-CF276956A95A): 0
LogDevObjectVersion:   Dev-Rendering (12F88B9F-8875-4AFC-A67C-D90C383ABD29): 25
LogDevObjectVersion:   Dev-Sequencer (7B5AE74C-D270-4C10-A958-57980B212A5A): 6
LogDevObjectVersion:   Dev-VR (D7296918-1DD6-4BDD-9DE2-64A83CC13884): 1
LogDevObjectVersion:   Dev-LoadTimes (C2A15278-BFE7-4AFE-6C17-90FF531DF755): 1
LogDevObjectVersion:   Private-Geometry (6EACA3D4-40EC-4CC1-B786-8BED09428FC5): 2
LogDevObjectVersion:   Dev-AnimPhys (29E575DD-E0A3-4627-9D10-D276232CDCEA): 16
LogDevObjectVersion:   Dev-ReflectionCapture (6B266CEC-1EC7-4B8F-A30B-E4D90942FC07): 1
LogDevObjectVersion:   Dev-Automation (0DF73D61-A23F-47EA-B727-89E90C41499A): 1
LogInit: Compiled (64-bit): Apr 27 2018 02:06:57
LogInit: Compiled with Visual C++: 19.00.24215.01
LogInit: Build Configuration: Development
LogInit: Branch Name: ++UE4+Release-4.19
LogInit: Command Line: 
LogInit: Base Directory: C:/Program Files (x86)/UE_4.19/Engine/Binaries/Win64/
LogInit: Installed Engine Build: 1
LogStreaming: Display: Took  0.018s to delete old logs.
LogInit: Presizing for max 8388607 objects, including 0 objects not considered by GC, pre-allocating 0 bytes for permanent pool.
LogInit: Object subsystem initialized
[2019.03.26-23.21.16:022][  0]LogInit: Selected Device Profile: [Windows]
[2019.03.26-23.21.16:022][  0]LogInit: Applying CVar settings loaded from the selected device profile: [Windows]
[2019.03.26-23.21.16:046][  0]LogInit: Computer: DESKTOP-NOTMLJ6
[2019.03.26-23.21.16:046][  0]LogInit: User: Thomas
[2019.03.26-23.21.16:046][  0]LogInit: CPU Page size=4096, Cores=8
[2019.03.26-23.21.16:047][  0]LogInit: High frequency timer resolution =10.000000 MHz
[2019.03.26-23.21.16:047][  0]LogMemory: Memory total: Physical=15.9GB (16GB approx)
[2019.03.26-23.21.16:047][  0]LogMemory: Platform Memory Stats for Windows
[2019.03.26-23.21.16:047][  0]LogMemory: Process Physical Memory: 277.02 MB used, 277.03 MB peak
[2019.03.26-23.21.16:047][  0]LogMemory: Process Virtual Memory: 272.36 MB used, 272.36 MB peak
[2019.03.26-23.21.16:047][  0]LogMemory: Physical Memory: 6209.03 MB used,  10109.64 MB free, 16318.68 MB total
[2019.03.26-23.21.16:047][  0]LogMemory: Virtual Memory: 4826.70 MB used,  10109.64 MB free, 134217728.00 MB total
[2019.03.26-23.21.16:068][  0]LogInit: Using OS detected language (it-IT).
[2019.03.26-23.21.16:068][  0]LogInit: Using OS detected locale (it-IT).
[2019.03.26-23.21.16:072][  0]LogTextLocalizationManager: No localization for 'it-IT' exists, so 'en' will be used for the language.
[2019.03.26-23.21.16:580][  0]LogStreaming: Display: Took  0.512s to EndInitTextLocalization.
[2019.03.26-23.21.16:580][  0]LogInit: Setting process to per monitor DPI aware
[2019.03.26-23.21.16:610][  0]LogSlate: New Slate User Created.  User Index 0, Is Virtual User: 0
[2019.03.26-23.21.16:610][  0]LogSlate: Slate User Registered.  User Index 0, Is Virtual User: 0
[2019.03.26-23.21.16:844][  0]LogD3D11RHI: D3D11 adapters:
[2019.03.26-23.21.16:921][  0]LogD3D11RHI:    0. 'NVIDIA GeForce GTX 1060 6GB' (Feature Level 11_0)
[2019.03.26-23.21.16:921][  0]LogD3D11RHI:       6052/0/8159 MB DedicatedVideo/DedicatedSystem/SharedSystem, Outputs:2, VendorId:0x10de
[2019.03.26-23.21.16:923][  0]LogD3D11RHI:    1. 'Microsoft Basic Render Driver' (Feature Level 11_0)
[2019.03.26-23.21.16:923][  0]LogD3D11RHI:       0/0/8159 MB DedicatedVideo/DedicatedSystem/SharedSystem, Outputs:0, VendorId:0x1414
[2019.03.26-23.21.16:923][  0]LogD3D11RHI: Chosen D3D11 Adapter: 0
[2019.03.26-23.21.16:932][  0]LogD3D11RHI: Creating new Direct3DDevice
[2019.03.26-23.21.16:932][  0]LogD3D11RHI:     GPU DeviceId: 0x1c03 (for the marketing name, search the web for "GPU Device Id")
[2019.03.26-23.21.16:932][  0]LogWindows: EnumDisplayDevices:
[2019.03.26-23.21.16:933][  0]LogWindows:    0. 'NVIDIA GeForce GTX 1060 6GB' (P:0 D:1)
[2019.03.26-23.21.16:933][  0]LogWindows:    1. 'NVIDIA GeForce GTX 1060 6GB' (P:1 D:1)
[2019.03.26-23.21.16:933][  0]LogWindows:    2. 'NVIDIA GeForce GTX 1060 6GB' (P:0 D:0)
[2019.03.26-23.21.16:933][  0]LogWindows:    3. 'NVIDIA GeForce GTX 1060 6GB' (P:0 D:0)
[2019.03.26-23.21.16:933][  0]LogWindows: DebugString: GetVideoDriverDetailsInvalid PrimaryIsNotTheChoosenAdapter GetVideoDriverDetailsInvalid PrimaryIsNotTheChoosenAdapter GetVideoDriverDetailsInvalid PrimaryIsNotTheChoosenAdapter GetVideoDriverDetailsInvalid PrimaryIsNotTheChoosenAdapter FoundDriverCount:0 
[2019.03.26-23.21.16:933][  0]LogD3D11RHI:     Adapter Name: NVIDIA GeForce GTX 1060 6GB
[2019.03.26-23.21.16:933][  0]LogD3D11RHI:   Driver Version: Unknown (internal:Unknown, unified:Unknown)
[2019.03.26-23.21.16:933][  0]LogD3D11RHI:      Driver Date: Unknown
[2019.03.26-23.21.16:933][  0]LogRHI: Texture pool is 4236 MB (70% of 6052 MB)
[2019.03.26-23.21.16:987][  0]LogD3D11RHI: [Aftermath] Aftermath enabled and primed
[2019.03.26-23.21.16:987][  0]LogD3D11RHI: [Aftermath] Aftermath enabled and primed
[2019.03.26-23.21.16:987][  0]LogD3D11RHI: Async texture creation enabled
[2019.03.26-23.21.17:013][  0]LogD3D11RHI: GPU Timing Frequency: 1000.000000 (Debug: 2 1)
[2019.03.26-23.21.17:112][  0]LogShaderCompilers: Guid format shader working directory is 20 characters bigger than the processId version (D:/UE4Project/ProjectThief/Intermediate/Shaders/WorkingDirectory/15992/).
[2019.03.26-23.21.17:112][  0]LogShaderCompilers: Cleaned the shader compiler working directory 'C:/Users/Thomas/AppData/Local/Temp/UnrealShaderWorkingDir/F1884B8941C64513329CDFB3E5929D9F/'.
[2019.03.26-23.21.17:355][  0]LogTemp: Display: Loaded TP AllDesktopTargetPlatform
[2019.03.26-23.21.17:373][  0]LogTemp: Display: Loaded TP MacClientTargetPlatform
[2019.03.26-23.21.17:392][  0]LogTemp: Display: Loaded TP MacNoEditorTargetPlatform
[2019.03.26-23.21.17:410][  0]LogTemp: Display: Loaded TP MacServerTargetPlatform
[2019.03.26-23.21.17:431][  0]LogTemp: Display: Loaded TP MacTargetPlatform
[2019.03.26-23.21.17:449][  0]LogTemp: Display: Loaded TP WindowsClientTargetPlatform
[2019.03.26-23.21.17:467][  0]LogTemp: Display: Loaded TP WindowsNoEditorTargetPlatform
[2019.03.26-23.21.17:486][  0]LogTemp: Display: Loaded TP WindowsServerTargetPlatform
[2019.03.26-23.21.17:494][  0]LogTemp: Display: Loaded TP WindowsTargetPlatform
[2019.03.26-23.21.17:510][  0]LogTemp: Display: Loaded TP Android_ASTCTargetPlatform
[2019.03.26-23.21.17:526][  0]LogTemp: Display: Loaded TP Android_ATCTargetPlatform
[2019.03.26-23.21.17:542][  0]LogTemp: Display: Loaded TP Android_DXTTargetPlatform
[2019.03.26-23.21.17:558][  0]LogTemp: Display: Loaded TP Android_ETC1aTargetPlatform
[2019.03.26-23.21.17:574][  0]LogTemp: Display: Loaded TP Android_ETC1TargetPlatform
[2019.03.26-23.21.17:591][  0]LogTemp: Display: Loaded TP Android_ETC2TargetPlatform
[2019.03.26-23.21.17:626][  0]LogTemp: Display: Loaded TP Android_MultiTargetPlatform
[2019.03.26-23.21.17:626][  0]LogTemp: Display: Loaded TP Android_PVRTCTargetPlatform
[2019.03.26-23.21.17:644][  0]LogTemp: Display: Loaded TP AndroidTargetPlatform
[2019.03.26-23.21.17:646][  0]LogTemp: Display: Loaded TP HTML5TargetPlatform
[2019.03.26-23.21.17:689][  0]LogTemp: Display: Loaded TP IOSTargetPlatform
[2019.03.26-23.21.17:704][  0]LogTemp: Display: Loaded TP TVOSTargetPlatform
[2019.03.26-23.21.17:721][  0]LogTemp: Display: Loaded TP LinuxClientTargetPlatform
[2019.03.26-23.21.17:737][  0]LogTemp: Display: Loaded TP LinuxNoEditorTargetPlatform
[2019.03.26-23.21.17:754][  0]LogTemp: Display: Loaded TP LinuxServerTargetPlatform
[2019.03.26-23.21.17:770][  0]LogTemp: Display: Loaded TP LinuxTargetPlatform
[2019.03.26-23.21.17:770][  0]LogTargetPlatformManager: Display: Building Assets For Windows
[2019.03.26-23.21.17:921][  0]LogXGEController: Cannot use XGE Controller as Incredibuild is not installed on this machine.
[2019.03.26-23.21.17:921][  0]LogShaderCompilers: Cannot use XGE Shader Compiler as Incredibuild is not installed on this machine.
[2019.03.26-23.21.17:921][  0]LogShaderCompilers: Display: Using Local Shader Compiler.
[2019.03.26-23.21.18:743][  0]LogDerivedDataCache: Display: Max Cache Size: 512 MB
[2019.03.26-23.21.18:827][  0]LogDerivedDataCache: Loaded boot cache 0.08s 74MB C:/Users/Thomas/AppData/Local/UnrealEngine/4.19/DerivedDataCache/Boot.ddc.
[2019.03.26-23.21.18:827][  0]LogDerivedDataCache: Display: Loaded Boot cache: C:/Users/Thomas/AppData/Local/UnrealEngine/4.19/DerivedDataCache/Boot.ddc
[2019.03.26-23.21.18:827][  0]LogDerivedDataCache: FDerivedDataBackendGraph:  Pak pak cache file D:/UE4Project/ProjectThief/DerivedDataCache/DDC.ddp not found, will not use a pak cache.
[2019.03.26-23.21.18:827][  0]LogDerivedDataCache: Unable to find inner node Pak for hierarchical cache Hierarchy.
[2019.03.26-23.21.18:827][  0]LogDerivedDataCache: FDerivedDataBackendGraph:  CompressedPak pak cache file D:/UE4Project/ProjectThief/DerivedDataCache/Compressed.ddp not found, will not use a pak cache.
[2019.03.26-23.21.18:827][  0]LogDerivedDataCache: Unable to find inner node CompressedPak for hierarchical cache Hierarchy.
[2019.03.26-23.21.18:847][  0]LogDerivedDataCache: Display: Pak cache opened for reading ../../../Engine/DerivedDataCache/Compressed.ddp.
[2019.03.26-23.21.18:860][  0]LogDerivedDataCache: Using Local data cache path C:/Users/Thomas/AppData/Local/UnrealEngine/Common/DerivedDataCache: Writable
[2019.03.26-23.21.18:860][  0]LogDerivedDataCache: Shared data cache path not found in *engine.ini, will not use an Shared cache.
[2019.03.26-23.21.18:860][  0]LogDerivedDataCache: Unable to find inner node Shared for hierarchical cache Hierarchy.
[2019.03.26-23.21.18:873][  0]LogMaterial: Verifying Global Shaders for PCD3D_SM5
[2019.03.26-23.21.18:874][  0]LogSlate: Using Freetype 2.6.0
[2019.03.26-23.21.18:874][  0]LogSlate: SlateFontCache - WITH_FREETYPE: 1, WITH_HARFBUZZ: 1
[2019.03.26-23.21.18:875][  0]LogSlate: SlateFontCache - WITH_FREETYPE: 1, WITH_HARFBUZZ: 1
[2019.03.26-23.21.19:023][  0]LogAssetRegistry: FAssetRegistry took 0.0285 seconds to start up
[2019.03.26-23.21.19:423][  0]LogInit: Selected Device Profile: [Windows]
[2019.03.26-23.21.19:581][  0]LogSimplygon: Simplygon DLL not present - disabling.
[2019.03.26-23.21.19:585][  0]LogMeshReduction: Using SimplygonSwarm for distributed automatic mesh merging
[2019.03.26-23.21.19:585][  0]LogMeshReduction: Using QuadricMeshReduction for automatic static mesh reduction
[2019.03.26-23.21.19:585][  0]LogMeshReduction: No automatic skeletal mesh reduction module available
[2019.03.26-23.21.19:585][  0]LogMeshReduction: No automatic mesh merging module available
[2019.03.26-23.21.19:585][  0]LogMeshMerging: No automatic mesh merging module available
[2019.03.26-23.21.19:624][  0]LogNetVersion: ProjectThief , NetCL: 3944462, EngineNetVer: 2, GameNetVer: 0 (Checksum: 3106578406)
[2019.03.26-23.21.20:074][  0]LogPackageLocalizationCache: Processed 9 localized package path(s) for 1 prioritized culture(s) in 0.044559 seconds
[2019.03.26-23.21.20:082][  0]LogUObjectArray: 36729 objects as part of root set at end of initial load.
[2019.03.26-23.21.20:082][  0]LogUObjectAllocator: 7314528 out of 0 bytes used by permanent object pool.
[2019.03.26-23.21.20:082][  0]LogUObjectArray: CloseDisregardForGC: 0/0 objects in disregard for GC pool
[2019.03.26-23.21.21:848][  0]LogSubstanceCoreModule: Substance [CPU] Engine Loaded, Max Texture Size = 2048
[2019.03.26-23.21.21:876][  0]LogTcpMessaging: Initializing TcpMessaging bridge
[2019.03.26-23.21.21:911][  0]LogUdpMessaging: Initializing bridge on interface 0.0.0.0:0 to multicast group 230.0.0.1:6666.
[2019.03.26-23.21.22:349][  0]SourceControl: Source control is disabled
[2019.03.26-23.21.22:349][  0]SourceControl: Source control is disabled
[2019.03.26-23.21.22:373][  0]SourceControl: Source control is disabled
[2019.03.26-23.21.22:397][  0]SourceControl: Source control is disabled
[2019.03.26-23.21.22:981][  0]LogAndroidPermission: UAndroidPermissionCallbackProxy::GetInstance
[2019.03.26-23.21.23:239][  0]LogOcInput: OculusInput pre-init called
[2019.03.26-23.21.23:587][  0]LogEngine: Initializing Engine...
[2019.03.26-23.21.23:589][  0]LogHMD: Failed to initialize OpenVR with code 110
[2019.03.26-23.21.23:590][  0]LogStats: UGameplayTagsManager::ConstructGameplayTagTree: Construct from data asset -  0.000 s
[2019.03.26-23.21.23:590][  0]LogStats: UGameplayTagsManager::ConstructGameplayTagTree: GameplayTagTreeChangedEvent.Broadcast -  0.000 s
[2019.03.26-23.21.23:834][  0]LogAIModule: Creating AISystem for world Untitled
[2019.03.26-23.21.23:906][  0]LogInit: XAudio2 using 'Altoparlanti (Realtek High Definition Audio)' : 2 channels at 48 kHz using 32 bits per sample (channel mask 0x3)
[2019.03.26-23.21.23:966][  0]LogInit: FAudioDevice initialized.
[2019.03.26-23.21.24:115][  0]LogDerivedDataCache: Saved boot cache 0.15s 74MB C:/Users/Thomas/AppData/Local/UnrealEngine/4.19/DerivedDataCache/Boot.ddc.
[2019.03.26-23.21.24:124][  0]LogInit: Texture streaming: Enabled
[2019.03.26-23.21.24:146][  0]LogEngineSessionManager: EngineSessionManager initialized
[2019.03.26-23.21.24:165][  0]LogInit: Transaction tracking system initialized
[2019.03.26-23.21.24:198][  0]BlueprintLog: New page: Editor Load
[2019.03.26-23.21.24:302][  0]LocalizationService: Localization service is disabled
[2019.03.26-23.21.24:429][  0]LogConsoleResponse: Display: 
[2019.03.26-23.21.24:592][  0]LogCook: Display: Max memory allowance for cook 16384mb min free memory 0mb
[2019.03.26-23.21.24:592][  0]LogCook: Display: Mobile HDR setting 1
[2019.03.26-23.21.24:592][  0]LogGameplayTags: Display: UGameplayTagsManager::DoneAddingNativeTags. DelegateIsBound: 0
[2019.03.26-23.21.24:592][  0]LogStats: UGameplayTagsManager::ConstructGameplayTagTree: Construct from data asset -  0.000 s
[2019.03.26-23.21.24:592][  0]LogStats: UGameplayTagsManager::ConstructGameplayTagTree: GameplayTagTreeChangedEvent.Broadcast -  0.000 s
[2019.03.26-23.21.24:600][  0]LogFileCache: Scanning file cache for directory 'D:/UE4Project/ProjectThief/Content/' took 0.01s
[2019.03.26-23.21.25:089][  0]SourceControl: Source control is disabled
[2019.03.26-23.21.25:090][  0]Cmd: MAP LOAD FILE="../../../Engine/Content/Maps/Templates/Template_Default.umap" TEMPLATE=1 SHOWPROGRESS=1 FEATURELEVEL=3
[2019.03.26-23.21.25:090][  0]LightingResults: New page: Lighting Build
[2019.03.26-23.21.25:094][  0]MapCheck: New page: Map Check
[2019.03.26-23.21.25:094][  0]LightingResults: New page: Lighting Build
[2019.03.26-23.21.25:318][  0]LogAIModule: Creating AISystem for world Untitled_1
[2019.03.26-23.21.25:324][  0]LogEditorServer: Finished looking for orphan Actors (0.000 secs)
[2019.03.26-23.21.25:334][  0]Cmd: MAP CHECKDEP NOCLEARLOG
[2019.03.26-23.21.25:401][  0]MapCheck: Map check complete: 0 Error(s), 0 Warning(s), took 66,881ms to complete.
[2019.03.26-23.21.25:401][  0]LogFileHelpers: Loading map 'Template_Default' took 0.312
[2019.03.26-23.21.25:621][  0]LogCollectionManager: Loaded 0 collections in 0.002312 seconds
[2019.03.26-23.21.25:666][  0]LogFileCache: Scanning file cache for directory 'D:/UE4Project/ProjectThief/Saved/Collections/' took 0.01s
[2019.03.26-23.21.25:666][  0]LogFileCache: Scanning file cache for directory 'D:/UE4Project/ProjectThief/Content/Developers/Thomas/Collections/' took 0.01s
[2019.03.26-23.21.25:666][  0]LogFileCache: Scanning file cache for directory 'D:/UE4Project/ProjectThief/Content/Collections/' took 0.01s
[2019.03.26-23.21.25:666][  0]LogCollectionManager: Rebuilt the GUID cache for 0 collections in 0.000000 seconds
[2019.03.26-23.21.25:678][  0]LogContentBrowser: Native class hierarchy populated in 0.0119 seconds. Added 2467 classes and 566 folders.
[2019.03.26-23.21.25:688][  0]LogContentBrowser: Native class hierarchy updated for 'WidgetCarousel' in 0.0003 seconds. Added 0 classes and 0 folders.
[2019.03.26-23.21.25:746][  0]LogContentBrowser: Native class hierarchy updated for 'AddContentDialog' in 0.0003 seconds. Added 0 classes and 0 folders.
[2019.03.26-23.21.25:752][  0]LogSlate: Took 0.000292 seconds to synchronously load lazily loaded font '../../../Engine/Content/Slate/Fonts/Roboto-Regular.ttf' (155K)
[2019.03.26-23.21.25:754][  0]LogSlate: Took 0.000205 seconds to synchronously load lazily loaded font '../../../Engine/Content/Slate/Fonts/Roboto-Bold.ttf' (160K)
[2019.03.26-23.21.25:761][  0]LogSlate: Took 0.000271 seconds to synchronously load lazily loaded font '../../../Engine/Content/Editor/Slate/Fonts/FontAwesome.ttf' (139K)
[2019.03.26-23.21.25:864][  0]LogRenderer: Reallocating scene render targets to support 908x652 Format 10 NumSamples 1 (Frame:1).
[2019.03.26-23.21.26:047][  0]LogContentBrowser: Native class hierarchy updated for 'HierarchicalLODOutliner' in 0.0004 seconds. Added 0 classes and 0 folders.
[2019.03.26-23.21.26:047][  0]LogLoad: (Engine Initialization) Total time: 13.86 seconds
[2019.03.26-23.21.26:047][  0]LogLoad: (Engine Initialization) Total Blueprint compile time: 0.00 seconds
[2019.03.26-23.21.26:407][  0]LogContentStreaming: Texture pool size now 1000 MB
[2019.03.26-23.21.26:451][  1]LogSubstanceLiveLink: Warning: Unable to send data along socket, closing connection
[2019.03.26-23.21.26:728][  1]LogAssetRegistry: Asset discovery search completed in 7.7280 seconds
[2019.03.26-23.21.26:730][  1]LogCollectionManager: Rebuilt the object cache for 0 collections in 0.000000 seconds (found 0 objects)
[2019.03.26-23.21.26:730][  1]LogCollectionManager: Fixed up redirectors for 0 collections in 0.000062 seconds (updated 0 objects)
[2019.03.26-23.21.27:388][  3]LogSlate: Took 0.000282 seconds to synchronously load lazily loaded font '../../../Engine/Content/Slate/Fonts/Roboto-Light.ttf' (167K)
[2019.03.26-23.21.30:131][254]LogSlate: FSceneViewport::OnFocusLost() reason 0
[2019.03.26-23.21.30:453][262]LogUObjectGlobals: Created PersistentFrame Addr=0x000002474e0250c0, Size=64, Default__ThirdPerson_AnimBP_C Function /Game/Mannequin/Animations/ThirdPerson_AnimBP.ThirdPerson_AnimBP_C:ExecuteUbergraph_ThirdPerson_AnimBP
[2019.03.26-23.21.30:462][262]LogUObjectGlobals: Destroyed PersistentFrame Addr=0x000002474e0250c0, Size=64
[2019.03.26-23.21.30:462][262]LogUObjectGlobals: Created PersistentFrame Addr=0x000002474e025100, Size=64, Default__ThirdPerson_AnimBP_C Function /Engine/Transient.REINST_ThirdPerson_AnimBP_C_0:ExecuteUbergraph_ThirdPerson_AnimBP
[2019.03.26-23.21.30:470][262]LogUObjectGlobals: Created PersistentFrame Addr=0x000002474df613c0, Size=64, Default__ThirdPerson_AnimBP_C Function /Game/Mannequin/Animations/ThirdPerson_AnimBP.ThirdPerson_AnimBP_C:ExecuteUbergraph_ThirdPerson_AnimBP
[2019.03.26-23.21.30:996][262]LogSkeletalMesh: Skeletal Mesh found in DDC [12.064900ms] /Game/Mannequin/Character/Mesh/SK_Mannequin.SK_Mannequin
[2019.03.26-23.21.31:391][262]LogContentBrowser: Native class hierarchy updated for 'BlueprintGraph' in 0.0008 seconds. Added 116 classes and 0 folders.
[2019.03.26-23.21.31:746][262]LogUObjectGlobals: Created PersistentFrame Addr=0x000002477b555c18, Size=4, Default__SKEL_PROTO_BP_AnimBlueprint_0_C Function /Engine/Transient.SKEL_PROTO_BP_AnimBlueprint_0_C:ExecuteUbergraph_PROTO_BP_AnimBlueprint_0
[2019.03.26-23.21.31:747][262]LogUObjectGlobals: Created PersistentFrame Addr=0x000002477b555c10, Size=4, Default__PROTO_BP_AnimBlueprint_0_C Function /Engine/Transient.PROTO_BP_AnimBlueprint_0_C:ExecuteUbergraph_PROTO_BP_AnimBlueprint_0
[2019.03.26-23.21.32:634][262]LogSlate: Took 0.001282 seconds to synchronously load lazily loaded font '../../../Engine/Content/Slate/Fonts/Roboto-BoldCondensed.ttf' (158K)
[2019.03.26-23.21.48:286][696]LogLinker: Can't find file '/Game/TopDownBP/Blueprints/TopDownCharacter'
[2019.03.26-23.21.48:287][696]LogLinker: Can't find file '/Game/TopDownBP/Blueprints/TopDownCharacter'
[2019.03.26-23.21.48:298][696]LogBlueprint: Warning: [BP_Player] 'CursorToWorld' variable not found. Base class was probably changed. /Game/Blueprints/Player/BP_player.BP_Player
[2019.03.26-23.21.48:298][696]LogBlueprint: Warning: [BP_Player] 'VR_Camera' variable not found. Base class was probably changed. /Game/Blueprints/Player/BP_player.BP_Player
[2019.03.26-23.21.48:299][696]LogBlueprint: Warning: [BP_Player] 'VR_Camera' variable not found. Base class was probably changed. /Game/Blueprints/Player/BP_player.BP_Player
[2019.03.26-23.21.48:299][696]LogBlueprint: Warning: [BP_Player] 'CursorToWorld' variable not found. Base class was probably changed. /Game/Blueprints/Player/BP_player.BP_Player
[2019.03.26-23.21.48:299][696]LogBlueprint: Warning: [BP_Player] 'Camera1' variable not found. Base class was probably changed. /Game/Blueprints/Player/BP_player.BP_Player
[2019.03.26-23.21.48:303][696]LogUObjectGlobals: Created PersistentFrame Addr=0x00000247057536d8, Size=4, Default__SKEL_BP_Player_C Function /Game/Blueprints/Player/BP_player.SKEL_BP_Player_C:ExecuteUbergraph_BP_Player
[2019.03.26-23.21.48:438][697]LogSlate: Took 0.000227 seconds to synchronously load lazily loaded font '../../../Engine/Content/Slate/Fonts/Roboto-Italic.ttf' (157K)
[2019.03.26-23.22.01:659][515]LogSlate: Window 'Pick Parent Class' being destroyed
[2019.03.26-23.22.59:594][794]LogSlate: Window 'Pick Parent Class' being destroyed
[2019.03.26-23.22.59:614][794]LogContentBrowser: Verbose: The majority of assets in the view are of type: Blueprint
[2019.03.26-23.23.09:072][613]LogRenderer: Reallocating scene render targets to support 1044x652 Format 10 NumSamples 1 (Frame:1).
[2019.03.26-23.23.24:270][285]LogProperty: Warning: ClassProperty /Script/BlueprintGraph.K2Node_DynamicCast:TargetType: unresolved reference to 'BlueprintGeneratedClass'"/Game/TopDownBP/Blueprints/TopDownCharacter.TopDownCharacter_C"''
[2019.03.26-23.23.24:271][285]LogProperty: Warning: ObjectProperty /Script/Engine.MemberReference:MemberParent: unresolved reference to 'BlueprintGeneratedClass'"/Game/TopDownBP/Blueprints/TopDownCharacter.TopDownCharacter_C"',MemberName="CursorToWorld")'
[2019.03.26-23.23.24:273][285]LogBlueprint: Warning: [BP_PlayerController] 'CursorToWorld' variable not found. Base class was probably changed. /Game/Blueprints/Player/BP_PlayerController.BP_PlayerController
[2019.03.26-23.23.24:276][285]LogUObjectGlobals: Created PersistentFrame Addr=0x0000024710618dd8, Size=4, Default__SKEL_BP_PlayerController_C Function /Game/Blueprints/Player/BP_PlayerController.SKEL_BP_PlayerController_C:ExecuteUbergraph_BP_PlayerController
[2019.03.26-23.23.26:361][444]LogUObjectGlobals: Destroyed PersistentFrame Addr=0x0000024710618dd8, Size=4
[2019.03.26-23.23.26:361][444]LogUObjectGlobals: Created PersistentFrame Addr=0x0000024710618dd8, Size=4, Default__SKEL_BP_PlayerController_C Function /Engine/Transient.REINST_SKEL_BP_PlayerController_C_28:ExecuteUbergraph_BP_PlayerController
[2019.03.26-23.23.26:363][444]LogUObjectGlobals: Created PersistentFrame Addr=0x0000024710618bd8, Size=4, Default__SKEL_BP_PlayerController_C Function /Game/Blueprints/Player/BP_PlayerController.SKEL_BP_PlayerController_C:ExecuteUbergraph_BP_PlayerController
[2019.03.26-23.23.47:342][253]LogContentBrowser: Verbose: The majority of assets in the view are of type: Texture2D
[2019.03.26-23.23.53:078][531]LogContentBrowser: Verbose: The majority of assets in the view are of type: Material
[2019.03.26-23.24.57:538][932]LogContentBrowser: Verbose: The majority of assets in the view are of type: None
[2019.03.26-23.24.59:440][114]LogContentBrowser: Verbose: The majority of assets in the view are of type: Material
[2019.03.26-23.25.03:849][544]Cmd: OBJ SAVEPACKAGE PACKAGE="/Game/Materials/M_Cursor_Decal" FILE="D:/UE4Project/ProjectThief/Content/Materials/M_Cursor_Decal.uasset" SILENT=true
[2019.03.26-23.25.03:871][544]LogSavePackage: Save=19.15ms
[2019.03.26-23.25.03:871][544]LogSavePackage: Moving 'D:/UE4Project/ProjectThief/Saved/M_Cursor_DecalD8DC0EED4A2D79CB955CE69261A4203B.tmp' to 'D:/UE4Project/ProjectThief/Content/Materials/M_Cursor_Decal.uasset'
[2019.03.26-23.25.03:874][544]LogSavePackage: Display: Finished SavePackage D:/UE4Project/ProjectThief/Content/Materials/M_Cursor_Decal.uasset
[2019.03.26-23.25.03:969][544]LogUObjectGlobals: Destroyed PersistentFrame Addr=0x000002474e025100, Size=64
[2019.03.26-23.25.04:940][629]LogContentBrowser: Verbose: The majority of assets in the view are of type: None
[2019.03.26-23.25.08:744][903]LogSlate: Window 'Save Content' being destroyed
[2019.03.26-23.25.08:783][903]Cmd: OBJ SAVEPACKAGE PACKAGE="/Game/Blueprints/Player/BP_player" FILE="D:/UE4Project/ProjectThief/Content/Blueprints/Player/BP_player.uasset" SILENT=true
[2019.03.26-23.25.08:897][903]LogSavePackage: Save=39.36ms
[2019.03.26-23.25.08:897][903]LogSavePackage: Moving 'D:/UE4Project/ProjectThief/Saved/BP_player949796764A2CD9FF91260EA92B5A8BAF.tmp' to 'D:/UE4Project/ProjectThief/Content/Blueprints/Player/BP_player.uasset'
[2019.03.26-23.25.08:900][903]LogSavePackage: Display: Finished SavePackage D:/UE4Project/ProjectThief/Content/Blueprints/Player/BP_player.uasset
[2019.03.26-23.25.08:902][903]Cmd: OBJ SAVEPACKAGE PACKAGE="/Game/Blueprints/Player/BP_PlayerController" FILE="D:/UE4Project/ProjectThief/Content/Blueprints/Player/BP_PlayerController.uasset" SILENT=true
[2019.03.26-23.25.08:922][903]LogSavePackage: Save=18.33ms
[2019.03.26-23.25.08:922][903]LogSavePackage: Moving 'D:/UE4Project/ProjectThief/Saved/BP_PlayerController22FB16384ADC410A00B0D3A4C644EF73.tmp' to 'D:/UE4Project/ProjectThief/Content/Blueprints/Player/BP_PlayerController.uasset'
[2019.03.26-23.25.08:924][903]LogSavePackage: Display: Finished SavePackage D:/UE4Project/ProjectThief/Content/Blueprints/Player/BP_PlayerController.uasset
[2019.03.26-23.25.13:379][318]BlueprintLog: New page: Compile BP_PlayerController
[2019.03.26-23.25.13:387][318]LogUObjectGlobals: Destroyed PersistentFrame Addr=0x0000024710618bd8, Size=4
[2019.03.26-23.25.13:387][318]LogUObjectGlobals: Created PersistentFrame Addr=0x00000247768f97d0, Size=4, Default__SKEL_BP_PlayerController_C Function /Engine/Transient.REINST_SKEL_BP_PlayerController_C_30:ExecuteUbergraph_BP_PlayerController
[2019.03.26-23.25.13:398][318]LogBlueprint: Warning: [Compiler BP_PlayerController] Could not find a variable named "CursorToWorld" in 'BP_PlayerController'.
Make sure 'BP_PlayerController' has been compiled for  Get CursorToWorld
[2019.03.26-23.25.13:398][318]LogBlueprint: Error: [Compiler BP_PlayerController] Can't connect pins  Object  and  Return Value : This cast has an invalid target type (was the class deleted without a redirect?).
[2019.03.26-23.25.13:399][318]LogBlueprint: Error: [Compiler BP_PlayerController] In use pin  As Top Down Character  no longer exists on node  Bad cast node . Please refresh node or break links to remove pin.
[2019.03.26-23.25.13:399][318]LogBlueprint: Error: [Compiler BP_PlayerController] Can't connect pins  Return Value  and  Object : This cast has an invalid target type (was the class deleted without a redirect?).
[2019.03.26-23.25.13:399][318]LogBlueprint: Error: [Compiler BP_PlayerController] In use pin  <Unnamed>  no longer exists on node  Move to Hit Location . Please refresh node or break links to remove pin.
[2019.03.26-23.25.13:399][318]LogBlueprint: Error: [Compiler BP_PlayerController] In use pin  Hit  no longer exists on node  Move to Hit Location . Please refresh node or break links to remove pin.
[2019.03.26-23.25.13:399][318]LogBlueprint: Error: [Compiler BP_PlayerController] Could not find a function named "MoveToHitLocation" in 'BP_PlayerController_C'.
Make sure 'BP_PlayerController_C' has been compiled for  Move to Hit Location
[2019.03.26-23.25.13:399][318]LogBlueprint: Error: [Compiler BP_PlayerController] In use pin  <Unnamed>  no longer exists on node  Move to Hit Location . Please refresh node or break links to remove pin.
[2019.03.26-23.25.13:399][318]LogBlueprint: Error: [Compiler BP_PlayerController] In use pin  Hit  no longer exists on node  Move to Hit Location . Please refresh node or break links to remove pin.
[2019.03.26-23.25.13:399][318]LogBlueprint: Error: [Compiler BP_PlayerController] Could not find a function named "MoveToHitLocation" in 'BP_PlayerController_C'.
Make sure 'BP_PlayerController_C' has been compiled for  Move to Hit Location
[2019.03.26-23.25.13:400][318]LogBlueprint: Warning: [Compiler BP_PlayerController] InputAction Event references unknown Action 'SetDestination' for  InputAction SetDestination
[2019.03.26-23.25.13:401][318]LogBlueprint: Error: [Compiler BP_PlayerController] The property associated with  Cursor to World  could not be found
[2019.03.26-23.25.13:402][318]LogUObjectGlobals: Created PersistentFrame Addr=0x000002474df45200, Size=496, Default__BP_PlayerController_C Function /Game/Blueprints/Player/BP_PlayerController.BP_PlayerController_C:ExecuteUbergraph_BP_PlayerController
[2019.03.26-23.25.13:597][318]LogUObjectGlobals: Destroyed PersistentFrame Addr=0x00000247768f97d0, Size=4
[2019.03.26-23.25.13:606][318]LogBlueprint: Warning: [Compiler BP_PlayerController] [0241,42] Compile of BP_PlayerController failed. 10 Fatal Issue(s) 2 Warning(s) [in 226 ms] (/Game/Blueprints/Player/BP_PlayerController.BP_PlayerController)
[2019.03.26-23.25.24:314][187]BlueprintLog: New page: Compile BP_Player
[2019.03.26-23.25.24:325][187]LogUObjectGlobals: Destroyed PersistentFrame Addr=0x00000247057536d8, Size=4
[2019.03.26-23.25.24:325][187]LogUObjectGlobals: Created PersistentFrame Addr=0x0000024709382460, Size=4, Default__SKEL_BP_Player_C Function /Engine/Transient.REINST_SKEL_BP_Player_C_34:ExecuteUbergraph_BP_Player
[2019.03.26-23.25.24:338][187]LogBlueprint: Warning: [Compiler BP_Player] Could not find a variable named "Camera1" in 'BP_Player_C'.
Make sure 'BP_Player_C' has been compiled for  Get Camera1
[2019.03.26-23.25.24:339][187]LogBlueprint: Warning: [Compiler BP_Player] Could not find a variable named "CursorToWorld" in 'BP_Player_C'.
Make sure 'BP_Player_C' has been compiled for  Get CursorToWorld
[2019.03.26-23.25.24:339][187]LogBlueprint: Warning: [Compiler BP_Player] Could not find a variable named "VR_Camera" in 'BP_Player_C'.
Make sure 'BP_Player_C' has been compiled for  Get VR_Camera
[2019.03.26-23.25.24:339][187]LogBlueprint: Warning: [Compiler BP_Player] InputAction Event references unknown Action 'ResetVR' for  InputAction ResetVR
[2019.03.26-23.25.24:339][187]LogBlueprint: Warning: [Compiler BP_Player] Could not find a variable named "CursorToWorld" in 'BP_Player_C'.
Make sure 'BP_Player_C' has been compiled for  Get CursorToWorld
[2019.03.26-23.25.24:339][187]LogBlueprint: Warning: [Compiler BP_Player] Could not find a variable named "VR_Camera" in 'BP_Player_C'.
Make sure 'BP_Player_C' has been compiled for  Get VR_Camera
[2019.03.26-23.25.24:340][187]LogBlueprint: Error: [Compiler BP_Player] The property associated with  Camera 1  could not be found
[2019.03.26-23.25.24:340][187]LogBlueprint: Error: [Compiler BP_Player] The property associated with  VR Camera  could not be found
[2019.03.26-23.25.24:340][187]LogBlueprint: Error: [Compiler BP_Player] The property associated with  Cursor to World  could not be found
[2019.03.26-23.25.24:340][187]LogBlueprint: Error: [Compiler BP_Player] The property associated with  VR Camera  could not be found
[2019.03.26-23.25.24:341][187]LogBlueprint: Error: [Compiler BP_Player] The property associated with  Cursor to World  could not be found
[2019.03.26-23.25.24:341][187]LogUObjectGlobals: Created PersistentFrame Addr=0x0000024797b91c00, Size=992, Default__BP_Player_C Function /Game/Blueprints/Player/BP_player.BP_Player_C:ExecuteUbergraph_BP_Player
[2019.03.26-23.25.24:618][187]LogUObjectGlobals: Destroyed PersistentFrame Addr=0x0000024709382460, Size=4
[2019.03.26-23.25.24:634][187]LogBlueprint: Warning: [Compiler BP_Player] [0252,45] Compile of BP_Player failed. 5 Fatal Issue(s) 6 Warning(s) [in 319 ms] (/Game/Blueprints/Player/BP_player.BP_Player)
[2019.03.26-23.25.39:460][395]LogUObjectGlobals: Created PersistentFrame Addr=0x0000024709380b28, Size=4, Default__SKEL_BP_Player_C Function /Game/Blueprints/Player/BP_player.SKEL_BP_Player_C:ExecuteUbergraph_BP_Player
[2019.03.26-23.26.37:844][329]LogUObjectGlobals: Created PersistentFrame Addr=0x00000247768fb228, Size=4, Default__SKEL_BP_PlayerController_C Function /Game/Blueprints/Player/BP_PlayerController.SKEL_BP_PlayerController_C:ExecuteUbergraph_BP_PlayerController
[2019.03.26-23.27.02:722][497]LogSlate: Only BGRA pngs, bmps or icos are supported in by External Image Picker
[2019.03.26-23.27.02:852][498]LogTemp: Executing iPhonePackager certificates Engine -bundlename com.YourCompany.ProjectThief
[2019.03.26-23.27.02:852][498]LogTemp: CWD: C:\Program Files (x86)\UE_4.19\Engine\Binaries\DotNET\IOS
[2019.03.26-23.27.02:852][498]LogTemp: Initial Dir: C:\Program Files (x86)\UE_4.19
[2019.03.26-23.27.02:852][498]LogTemp: Env CWD: C:\Program Files (x86)\UE_4.19\Engine\Binaries\DotNET\IOS
[2019.03.26-23.27.02:852][498]LogTemp: BranchPath = DESKTOP-NOTMLJ6/C/Program Files (x86)/UE_4.19/Engine/Binaries --- GameBranchPath = DESKTOP-NOTMLJ6/C/Program Files (x86)/UE_4.19/Engine/Binaries
[2019.03.26-23.27.02:852][498]LogTemp: IPP ERROR: Could not find provision directory 'C:\Users\Thomas\AppData\Local/Apple Computer/MobileDevice/Provisioning Profiles/'.
[2019.03.26-23.27.30:107][411]BlueprintLog: New page: Compile BP_PlayerController
[2019.03.26-23.27.30:111][411]LogUObjectGlobals: Destroyed PersistentFrame Addr=0x00000247768fb228, Size=4
[2019.03.26-23.27.30:111][411]LogUObjectGlobals: Created PersistentFrame Addr=0x0000024724ca8330, Size=4, Default__SKEL_BP_PlayerController_C Function /Engine/Transient.REINST_SKEL_BP_PlayerController_C_42:ExecuteUbergraph_BP_PlayerController
[2019.03.26-23.27.30:115][411]LogUObjectGlobals: Destroyed PersistentFrame Addr=0x000002474df45200, Size=496
[2019.03.26-23.27.30:115][411]LogUObjectGlobals: Created PersistentFrame Addr=0x00000247623b9a00, Size=496, Default__BP_PlayerController_C Function /Engine/Transient.REINST_BP_PlayerController_C_44:ExecuteUbergraph_BP_PlayerController
[2019.03.26-23.27.30:117][411]LogBlueprint: Error: [Compiler BP_PlayerController] In use pin  <Unnamed>  no longer exists on node  Move to Hit Location . Please refresh node or break links to remove pin.
[2019.03.26-23.27.30:117][411]LogBlueprint: Error: [Compiler BP_PlayerController] In use pin  Hit  no longer exists on node  Move to Hit Location . Please refresh node or break links to remove pin.
[2019.03.26-23.27.30:117][411]LogBlueprint: Error: [Compiler BP_PlayerController] Could not find a function named "MoveToHitLocation" in 'BP_PlayerController_C'.
Make sure 'BP_PlayerController_C' has been compiled for  Move to Hit Location
[2019.03.26-23.27.30:118][411]LogUObjectGlobals: Created PersistentFrame Addr=0x00000247155c3d80, Size=264, Default__BP_PlayerController_C Function /Game/Blueprints/Player/BP_PlayerController.BP_PlayerController_C:ExecuteUbergraph_BP_PlayerController
[2019.03.26-23.27.30:307][411]LogUObjectGlobals: Destroyed PersistentFrame Addr=0x0000024724ca8330, Size=4
[2019.03.26-23.27.30:314][411]LogBlueprint: Warning: [Compiler BP_PlayerController] [0378,13] Compile of BP_PlayerController failed. 3 Fatal Issue(s) 0 Warning(s) [in 207 ms] (/Game/Blueprints/Player/BP_PlayerController.BP_PlayerController)
[2019.03.26-23.27.38:508][762]LogSlate: Window 'Project Settings' being destroyed
[2019.03.26-23.27.38:526][762]LogSlate: Window 'Project Settings' being destroyed
[2019.03.26-23.29.15:813][992]LogUObjectGlobals: Destroyed PersistentFrame Addr=0x0000024709380b28, Size=4
[2019.03.26-23.29.15:813][992]LogUObjectGlobals: Created PersistentFrame Addr=0x0000024724caa630, Size=4, Default__SKEL_BP_Player_C Function /Engine/Transient.REINST_SKEL_BP_Player_C_46:ExecuteUbergraph_BP_Player
[2019.03.26-23.29.15:814][992]LogUObjectGlobals: Created PersistentFrame Addr=0x0000024724caabc8, Size=4, Default__SKEL_BP_Player_C Function /Game/Blueprints/Player/BP_player.SKEL_BP_Player_C:ExecuteUbergraph_BP_Player
[2019.03.26-23.29.23:358][650]LogUObjectGlobals: Destroyed PersistentFrame Addr=0x0000024724caabc8, Size=4
[2019.03.26-23.29.23:358][650]LogUObjectGlobals: Created PersistentFrame Addr=0x0000024709383828, Size=4, Default__SKEL_BP_Player_C Function /Engine/Transient.REINST_SKEL_BP_Player_C_48:ExecuteUbergraph_BP_Player
[2019.03.26-23.29.23:359][650]LogUObjectGlobals: Created PersistentFrame Addr=0x0000024709383250, Size=4, Default__SKEL_BP_Player_C Function /Game/Blueprints/Player/BP_player.SKEL_BP_Player_C:ExecuteUbergraph_BP_Player
[2019.03.26-23.29.29:969][231]LogUObjectGlobals: Destroyed PersistentFrame Addr=0x0000024709383250, Size=4
[2019.03.26-23.29.29:969][231]LogUObjectGlobals: Created PersistentFrame Addr=0x0000024709383250, Size=4, Default__SKEL_BP_Player_C Function /Engine/Transient.REINST_SKEL_BP_Player_C_50:ExecuteUbergraph_BP_Player
[2019.03.26-23.29.29:970][231]LogUObjectGlobals: Created PersistentFrame Addr=0x0000024709383520, Size=4, Default__SKEL_BP_Player_C Function /Game/Blueprints/Player/BP_player.SKEL_BP_Player_C:ExecuteUbergraph_BP_Player
[2019.03.26-23.29.31:342][355]LogUObjectGlobals: Destroyed PersistentFrame Addr=0x0000024709383520, Size=4
[2019.03.26-23.29.31:342][355]LogUObjectGlobals: Created PersistentFrame Addr=0x0000024709383520, Size=4, Default__SKEL_BP_Player_C Function /Engine/Transient.REINST_SKEL_BP_Player_C_52:ExecuteUbergraph_BP_Player
[2019.03.26-23.29.31:344][355]LogUObjectGlobals: Created PersistentFrame Addr=0x0000024709382f60, Size=4, Default__SKEL_BP_Player_C Function /Game/Blueprints/Player/BP_player.SKEL_BP_Player_C:ExecuteUbergraph_BP_Player
[2019.03.26-23.29.38:607][ 14]BlueprintLog: New page: Compile BP_Player
[2019.03.26-23.29.38:611][ 14]LogUObjectGlobals: Destroyed PersistentFrame Addr=0x0000024709382f60, Size=4
[2019.03.26-23.29.38:611][ 14]LogUObjectGlobals: Created PersistentFrame Addr=0x0000024709382f60, Size=4, Default__SKEL_BP_Player_C Function /Engine/Transient.REINST_SKEL_BP_Player_C_54:ExecuteUbergraph_BP_Player
[2019.03.26-23.29.38:616][ 14]LogUObjectGlobals: Destroyed PersistentFrame Addr=0x0000024797b91c00, Size=992
[2019.03.26-23.29.38:616][ 14]LogUObjectGlobals: Created PersistentFrame Addr=0x0000024706122000, Size=992, BP_Player_C_53 Function /Engine/Transient.REINST_BP_Player_C_56:ExecuteUbergraph_BP_Player
[2019.03.26-23.29.38:618][ 14]LogUObjectGlobals: Created PersistentFrame Addr=0x00000247251c0e00, Size=456, Default__BP_Player_C Function /Game/Blueprints/Player/BP_player.BP_Player_C:ExecuteUbergraph_BP_Player
[2019.03.26-23.29.38:899][ 14]LogUObjectGlobals: Destroyed PersistentFrame Addr=0x0000024709382f60, Size=4
[2019.03.26-23.29.38:899][ 14]LogUObjectGlobals: Destroyed PersistentFrame Addr=0x00000247623b9a00, Size=496
[2019.03.26-23.29.38:900][ 14]LogUObjectGlobals: Destroyed PersistentFrame Addr=0x0000024709383828, Size=4
[2019.03.26-23.30.03:457][ 55]LogUObjectGlobals: Created PersistentFrame Addr=0x0000024709383498, Size=4, Default__SKEL_BP_PlayerController_C Function /Game/Blueprints/Player/BP_PlayerController.SKEL_BP_PlayerController_C:ExecuteUbergraph_BP_PlayerController
[2019.03.26-23.30.09:115][649]LogUObjectGlobals: Destroyed PersistentFrame Addr=0x0000024709383498, Size=4
[2019.03.26-23.30.09:115][649]LogUObjectGlobals: Created PersistentFrame Addr=0x0000024709383498, Size=4, Default__SKEL_BP_PlayerController_C Function /Engine/Transient.REINST_SKEL_BP_PlayerController_C_60:ExecuteUbergraph_BP_PlayerController
[2019.03.26-23.30.09:117][649]LogUObjectGlobals: Created PersistentFrame Addr=0x0000024709382038, Size=4, Default__SKEL_BP_PlayerController_C Function /Game/Blueprints/Player/BP_PlayerController.SKEL_BP_PlayerController_C:ExecuteUbergraph_BP_PlayerController
[2019.03.26-23.30.11:406][890]LogLinker: Can't find file '/Game/TopDownBP/Blueprints/TopDownController'
[2019.03.26-23.30.11:406][890]LogLinker: Can't find file '/Game/TopDownBP/Blueprints/TopDownController'
[2019.03.26-23.30.11:407][890]LogBlueprint: Warning: [BP_PlayerController] 'MinClickDistance' variable not found. Base class was probably changed. /Game/Blueprints/Player/BP_PlayerController.BP_PlayerController
[2019.03.26-23.30.13:979][127]LogEditorTransaction: Undo Paste clipboard contents
[2019.03.26-23.30.13:981][127]LogUObjectGlobals: Destroyed PersistentFrame Addr=0x0000024709382038, Size=4
[2019.03.26-23.30.13:981][127]LogUObjectGlobals: Created PersistentFrame Addr=0x0000024709382038, Size=4, Default__SKEL_BP_PlayerController_C Function /Engine/Transient.REINST_SKEL_BP_PlayerController_C_62:ExecuteUbergraph_BP_PlayerController
[2019.03.26-23.30.13:983][127]LogUObjectGlobals: Created PersistentFrame Addr=0x0000024709381100, Size=4, Default__SKEL_BP_PlayerController_C Function /Game/Blueprints/Player/BP_PlayerController.SKEL_BP_PlayerController_C:ExecuteUbergraph_BP_PlayerController
[2019.03.26-23.30.16:522][379]LogBlueprint: Warning: [BP_PlayerController] 'MinClickDistance' variable not found. Base class was probably changed. /Game/Blueprints/Player/BP_PlayerController.BP_PlayerController
[2019.03.26-23.30.34:883][549]BlueprintLog: New page: Compile BP_PlayerController
[2019.03.26-23.30.34:890][549]LogUObjectGlobals: Destroyed PersistentFrame Addr=0x0000024709381100, Size=4
[2019.03.26-23.30.34:890][549]LogUObjectGlobals: Created PersistentFrame Addr=0x000002477b0a8c78, Size=4, Default__SKEL_BP_PlayerController_C Function /Engine/Transient.REINST_SKEL_BP_PlayerController_C_64:ExecuteUbergraph_BP_PlayerController
[2019.03.26-23.30.34:897][549]LogUObjectGlobals: Destroyed PersistentFrame Addr=0x00000247155c3d80, Size=264
[2019.03.26-23.30.34:897][549]LogUObjectGlobals: Created PersistentFrame Addr=0x00000247885daac0, Size=264, Default__BP_PlayerController_C Function /Engine/Transient.REINST_BP_PlayerController_C_66:ExecuteUbergraph_BP_PlayerController
[2019.03.26-23.30.34:899][549]LogBlueprint: Error: [Compiler BP_PlayerController] In use pin  <Unnamed>  no longer exists on node  Move to Hit Location . Please refresh node or break links to remove pin.
[2019.03.26-23.30.34:899][549]LogBlueprint: Error: [Compiler BP_PlayerController] In use pin  Hit  no longer exists on node  Move to Hit Location . Please refresh node or break links to remove pin.
[2019.03.26-23.30.34:900][549]LogBlueprint: Warning: [Compiler BP_PlayerController] Could not find a variable named "MinClickDistance" in 'BP_PlayerController_C'.
Make sure 'BP_PlayerController_C' has been compiled for  Get MinClickDistance
[2019.03.26-23.30.34:901][549]LogBlueprint: Error: [Compiler BP_PlayerController] The property associated with  Min Click Distance  could not be found
[2019.03.26-23.30.34:901][549]LogBlueprint: Error: [Compiler BP_PlayerController] The current value of the ' Hit ' pin is invalid: 'Hit' must have an input wired into it ("by ref" params expect a valid input to operate on).
[2019.03.26-23.30.34:902][549]LogUObjectGlobals: Created PersistentFrame Addr=0x00000247885d9800, Size=264, Default__BP_PlayerController_C Function /Game/Blueprints/Player/BP_PlayerController.BP_PlayerController_C:ExecuteUbergraph_BP_PlayerController
[2019.03.26-23.30.35:091][549]LogUObjectGlobals: Destroyed PersistentFrame Addr=0x0000024706122000, Size=992
[2019.03.26-23.30.35:091][549]LogUObjectGlobals: Destroyed PersistentFrame Addr=0x000002477b0a8c78, Size=4
[2019.03.26-23.30.35:091][549]LogUObjectGlobals: Destroyed PersistentFrame Addr=0x0000024709382038, Size=4
[2019.03.26-23.30.35:099][549]LogBlueprint: Warning: [Compiler BP_PlayerController] [0562,91] Compile of BP_PlayerController failed. 4 Fatal Issue(s) 1 Warning(s) [in 216 ms] (/Game/Blueprints/Player/BP_PlayerController.BP_PlayerController)
[2019.03.26-23.30.48:671][717]LogUObjectGlobals: Created PersistentFrame Addr=0x0000024709382fe8, Size=4, Default__SKEL_BP_PlayerController_C Function /Game/Blueprints/Player/BP_PlayerController.SKEL_BP_PlayerController_C:ExecuteUbergraph_BP_PlayerController
[2019.03.26-23.30.50:156][841]BlueprintLog: New page: Compile BP_PlayerController
[2019.03.26-23.30.50:163][841]LogUObjectGlobals: Destroyed PersistentFrame Addr=0x0000024709382fe8, Size=4
[2019.03.26-23.30.50:163][841]LogUObjectGlobals: Created PersistentFrame Addr=0x000002477b0a8840, Size=4, Default__SKEL_BP_PlayerController_C Function /Engine/Transient.REINST_SKEL_BP_PlayerController_C_70:ExecuteUbergraph_BP_PlayerController
[2019.03.26-23.30.50:170][841]LogUObjectGlobals: Destroyed PersistentFrame Addr=0x00000247885d9800, Size=264
[2019.03.26-23.30.50:170][841]LogUObjectGlobals: Created PersistentFrame Addr=0x00000247626ac680, Size=264, BP_PlayerController_C_1 Function /Engine/Transient.REINST_BP_PlayerController_C_72:ExecuteUbergraph_BP_PlayerController
[2019.03.26-23.30.50:172][841]LogBlueprint: Error: [Compiler BP_PlayerController] In use pin  <Unnamed>  no longer exists on node  Move to Hit Location . Please refresh node or break links to remove pin.
[2019.03.26-23.30.50:173][841]LogBlueprint: Error: [Compiler BP_PlayerController] In use pin  Hit  no longer exists on node  Move to Hit Location . Please refresh node or break links to remove pin.
[2019.03.26-23.30.50:174][841]LogBlueprint: Warning: [Compiler BP_PlayerController] Could not find a variable named "MinClickDistance" in 'BP_PlayerController_C'.
Make sure 'BP_PlayerController_C' has been compiled for  Get MinClickDistance
[2019.03.26-23.30.50:174][841]LogBlueprint: Error: [Compiler BP_PlayerController] The property associated with  Min Click Distance  could not be found
[2019.03.26-23.30.50:174][841]LogBlueprint: Error: [Compiler BP_PlayerController] The current value of the ' Hit ' pin is invalid: 'Hit' must have an input wired into it ("by ref" params expect a valid input to operate on).
[2019.03.26-23.30.50:175][841]LogUObjectGlobals: Created PersistentFrame Addr=0x00000247626ae5c0, Size=264, Default__BP_PlayerController_C Function /Game/Blueprints/Player/BP_PlayerController.BP_PlayerController_C:ExecuteUbergraph_BP_PlayerController
[2019.03.26-23.30.50:363][841]LogUObjectGlobals: Destroyed PersistentFrame Addr=0x00000247885daac0, Size=264
[2019.03.26-23.30.50:363][841]LogUObjectGlobals: Destroyed PersistentFrame Addr=0x000002477b0a8840, Size=4
[2019.03.26-23.30.50:370][841]LogBlueprint: Warning: [Compiler BP_PlayerController] [0578,19] Compile of BP_PlayerController failed. 4 Fatal Issue(s) 1 Warning(s) [in 214 ms] (/Game/Blueprints/Player/BP_PlayerController.BP_PlayerController)
[2019.03.26-23.31.15:071][ 74]LogEditorTransaction: Undo Move Node
[2019.03.26-23.31.15:074][ 74]LogUObjectGlobals: Created PersistentFrame Addr=0x000002477b0aacd0, Size=4, Default__SKEL_BP_PlayerController_C Function /Game/Blueprints/Player/BP_PlayerController.SKEL_BP_PlayerController_C:ExecuteUbergraph_BP_PlayerController
[2019.03.26-23.31.15:515][108]LogEditorTransaction: Undo Function Dropped on Graph
[2019.03.26-23.31.15:515][108]LogUObjectGlobals: Destroyed PersistentFrame Addr=0x000002477b0aacd0, Size=4
[2019.03.26-23.31.15:515][108]LogUObjectGlobals: Created PersistentFrame Addr=0x000002477b0aacd0, Size=4, Default__SKEL_BP_PlayerController_C Function /Engine/Transient.REINST_SKEL_BP_PlayerController_C_76:ExecuteUbergraph_BP_PlayerController
[2019.03.26-23.31.15:517][108]LogUObjectGlobals: Created PersistentFrame Addr=0x000002477b0a8d18, Size=4, Default__SKEL_BP_PlayerController_C Function /Game/Blueprints/Player/BP_PlayerController.SKEL_BP_PlayerController_C:ExecuteUbergraph_BP_PlayerController
[2019.03.26-23.31.15:994][154]LogEditorTransaction: Undo Delete current selection
[2019.03.26-23.31.15:994][154]LogUObjectGlobals: Destroyed PersistentFrame Addr=0x000002477b0a8d18, Size=4
[2019.03.26-23.31.15:994][154]LogUObjectGlobals: Created PersistentFrame Addr=0x000002477b0a8d18, Size=4, Default__SKEL_BP_PlayerController_C Function /Engine/Transient.REINST_SKEL_BP_PlayerController_C_78:ExecuteUbergraph_BP_PlayerController
[2019.03.26-23.31.15:996][154]LogUObjectGlobals: Created PersistentFrame Addr=0x000002477b0a8bc0, Size=4, Default__SKEL_BP_PlayerController_C Function /Game/Blueprints/Player/BP_PlayerController.SKEL_BP_PlayerController_C:ExecuteUbergraph_BP_PlayerController
[2019.03.26-23.31.39:423][320]LogUObjectGlobals: Destroyed PersistentFrame Addr=0x000002477b0a8bc0, Size=4
[2019.03.26-23.31.39:423][320]LogUObjectGlobals: Created PersistentFrame Addr=0x0000024709381a60, Size=4, Default__SKEL_BP_PlayerController_C Function /Engine/Transient.REINST_SKEL_BP_PlayerController_C_80:ExecuteUbergraph_BP_PlayerController
[2019.03.26-23.31.39:425][320]LogUObjectGlobals: Created PersistentFrame Addr=0x0000024709383308, Size=4, Default__SKEL_BP_PlayerController_C Function /Game/Blueprints/Player/BP_PlayerController.SKEL_BP_PlayerController_C:ExecuteUbergraph_BP_PlayerController
[2019.03.26-23.31.43:790][700]LogSlate: Took 0.001510 seconds to synchronously load lazily loaded font '../../../Engine/Content/Slate/Fonts/Roboto-BoldCondensedItalic.ttf' (160K)
[2019.03.26-23.31.48:943][177]LogUObjectGlobals: Destroyed PersistentFrame Addr=0x0000024709383308, Size=4
[2019.03.26-23.31.48:943][177]LogUObjectGlobals: Created PersistentFrame Addr=0x0000024724cab9c0, Size=4, Default__SKEL_BP_PlayerController_C Function /Engine/Transient.REINST_SKEL_BP_PlayerController_C_82:ExecuteUbergraph_BP_PlayerController
[2019.03.26-23.31.48:945][177]LogUObjectGlobals: Created PersistentFrame Addr=0x0000024724cabb58, Size=4, Default__SKEL_BP_PlayerController_C Function /Game/Blueprints/Player/BP_PlayerController.SKEL_BP_PlayerController_C:ExecuteUbergraph_BP_PlayerController
[2019.03.26-23.32.07:506][861]BlueprintLog: New page: Compile BP_PlayerController
[2019.03.26-23.32.07:513][861]LogUObjectGlobals: Destroyed PersistentFrame Addr=0x0000024724cabb58, Size=4
[2019.03.26-23.32.07:513][861]LogUObjectGlobals: Created PersistentFrame Addr=0x0000024724cabb58, Size=4, Default__SKEL_BP_PlayerController_C Function /Engine/Transient.REINST_SKEL_BP_PlayerController_C_84:ExecuteUbergraph_BP_PlayerController
[2019.03.26-23.32.07:520][861]LogUObjectGlobals: Destroyed PersistentFrame Addr=0x00000247626ae5c0, Size=264
[2019.03.26-23.32.07:520][861]LogUObjectGlobals: Created PersistentFrame Addr=0x0000024709a4e340, Size=264, Default__BP_PlayerController_C Function /Engine/Transient.REINST_BP_PlayerController_C_86:ExecuteUbergraph_BP_PlayerController
[2019.03.26-23.32.07:522][861]LogBlueprint: Error: [Compiler BP_PlayerController] In use pin  Hit  no longer exists on node  Move to Hit Location . Please refresh node or break links to remove pin.
[2019.03.26-23.32.07:523][861]LogBlueprint: Warning: [Compiler BP_PlayerController] Could not find a variable named "MinClickDistance" in 'BP_PlayerController_C'.
Make sure 'BP_PlayerController_C' has been compiled for  Get MinClickDistance
[2019.03.26-23.32.07:523][861]LogBlueprint: Error: [Compiler BP_PlayerController] The property associated with  Min Click Distance  could not be found
[2019.03.26-23.32.07:524][861]LogUObjectGlobals: Created PersistentFrame Addr=0x0000024709a4fec0, Size=264, Default__BP_PlayerController_C Function /Game/Blueprints/Player/BP_PlayerController.BP_PlayerController_C:ExecuteUbergraph_BP_PlayerController
[2019.03.26-23.32.07:713][861]LogUObjectGlobals: Destroyed PersistentFrame Addr=0x0000024724cabb58, Size=4
[2019.03.26-23.32.07:713][861]LogUObjectGlobals: Destroyed PersistentFrame Addr=0x00000247626ac680, Size=264
[2019.03.26-23.32.07:713][861]LogUObjectGlobals: Destroyed PersistentFrame Addr=0x000002477b0a8d18, Size=4
[2019.03.26-23.32.07:713][861]LogUObjectGlobals: Destroyed PersistentFrame Addr=0x000002477b0aacd0, Size=4
[2019.03.26-23.32.07:724][861]LogBlueprint: Warning: [Compiler BP_PlayerController] [0655,54] Compile of BP_PlayerController failed. 2 Fatal Issue(s) 1 Warning(s) [in 218 ms] (/Game/Blueprints/Player/BP_PlayerController.BP_PlayerController)
[2019.03.26-23.32.26:536][659]BlueprintLog: New page: Compile BP_PlayerController
[2019.03.26-23.32.26:548][659]LogUObjectGlobals: Destroyed PersistentFrame Addr=0x0000024709a4fec0, Size=264
[2019.03.26-23.32.26:548][659]LogUObjectGlobals: Created PersistentFrame Addr=0x0000024799c5ccc0, Size=264, BP_PlayerController_C_2 Function /Engine/Transient.REINST_BP_PlayerController_C_90:ExecuteUbergraph_BP_PlayerController
[2019.03.26-23.32.26:551][659]LogBlueprint: Warning: [Compiler BP_PlayerController] Could not find a variable named "MinClickDistance" in 'BP_PlayerController_C'.
Make sure 'BP_PlayerController_C' has been compiled for  Get MinClickDistance
[2019.03.26-23.32.26:552][659]LogBlueprint: Error: [Compiler BP_PlayerController] The property associated with  Min Click Distance  could not be found
[2019.03.26-23.32.26:552][659]LogUObjectGlobals: Created PersistentFrame Addr=0x0000024724b9ed00, Size=256, Default__BP_PlayerController_C Function /Game/Blueprints/Player/BP_PlayerController.BP_PlayerController_C:ExecuteUbergraph_BP_PlayerController
[2019.03.26-23.32.26:740][659]LogUObjectGlobals: Destroyed PersistentFrame Addr=0x0000024709a4e340, Size=264
[2019.03.26-23.32.26:750][659]LogBlueprint: Warning: [Compiler BP_PlayerController] [0674,56] Compile of BP_PlayerController failed. 1 Fatal Issue(s) 1 Warning(s) [in 213 ms] (/Game/Blueprints/Player/BP_PlayerController.BP_PlayerController)
[2019.03.26-23.32.40:706][359]LogUObjectGlobals: Created PersistentFrame Addr=0x0000024724ca9828, Size=4, Default__SKEL_BP_PlayerController_C Function /Game/Blueprints/Player/BP_PlayerController.SKEL_BP_PlayerController_C:ExecuteUbergraph_BP_PlayerController
[2019.03.26-23.32.45:828][812]LogUObjectGlobals: Destroyed PersistentFrame Addr=0x0000024724ca9828, Size=4
[2019.03.26-23.32.45:828][812]LogUObjectGlobals: Created PersistentFrame Addr=0x000002477b0aa900, Size=4, Default__SKEL_BP_PlayerController_C Function /Engine/Transient.REINST_SKEL_BP_PlayerController_C_94:ExecuteUbergraph_BP_PlayerController
[2019.03.26-23.32.45:830][812]LogUObjectGlobals: Created PersistentFrame Addr=0x000002477b0a8608, Size=4, Default__SKEL_BP_PlayerController_C Function /Game/Blueprints/Player/BP_PlayerController.SKEL_BP_PlayerController_C:ExecuteUbergraph_BP_PlayerController
[2019.03.26-23.32.50:342][ 64]LogSlate: Window 'Change Variable Type' being destroyed
[2019.03.26-23.32.50:347][ 64]LogUObjectGlobals: Destroyed PersistentFrame Addr=0x000002477b0a8608, Size=4
[2019.03.26-23.32.50:347][ 64]LogUObjectGlobals: Created PersistentFrame Addr=0x0000024724ca9298, Size=4, Default__SKEL_BP_PlayerController_C Function /Engine/Transient.REINST_SKEL_BP_PlayerController_C_96:ExecuteUbergraph_BP_PlayerController
[2019.03.26-23.32.50:349][ 64]LogUObjectGlobals: Created PersistentFrame Addr=0x0000024724caaac0, Size=4, Default__SKEL_BP_PlayerController_C Function /Game/Blueprints/Player/BP_PlayerController.SKEL_BP_PlayerController_C:ExecuteUbergraph_BP_PlayerController
[2019.03.26-23.32.52:904][271]LogSlate: Window 'Find in Blueprints' being destroyed
[2019.03.26-23.32.52:909][271]LogSlate: Window 'Find in Blueprints' being destroyed
[2019.03.26-23.32.54:678][424]BlueprintLog: New page: Compile BP_PlayerController
[2019.03.26-23.32.54:685][424]LogUObjectGlobals: Destroyed PersistentFrame Addr=0x0000024724caaac0, Size=4
[2019.03.26-23.32.54:685][424]LogUObjectGlobals: Created PersistentFrame Addr=0x0000024724caaac0, Size=4, Default__SKEL_BP_PlayerController_C Function /Engine/Transient.REINST_SKEL_BP_PlayerController_C_98:ExecuteUbergraph_BP_PlayerController
[2019.03.26-23.32.54:691][424]LogUObjectGlobals: Destroyed PersistentFrame Addr=0x0000024724b9ed00, Size=256
[2019.03.26-23.32.54:691][424]LogUObjectGlobals: Created PersistentFrame Addr=0x00000247624e8900, Size=256, Default__BP_PlayerController_C Function /Engine/Transient.REINST_BP_PlayerController_C_100:ExecuteUbergraph_BP_PlayerController
[2019.03.26-23.32.54:695][424]LogUObjectGlobals: Created PersistentFrame Addr=0x000002472718ba00, Size=256, Default__BP_PlayerController_C Function /Game/Blueprints/Player/BP_PlayerController.BP_PlayerController_C:ExecuteUbergraph_BP_PlayerController
[2019.03.26-23.32.54:884][424]LogUObjectGlobals: Destroyed PersistentFrame Addr=0x0000024799c5ccc0, Size=264
[2019.03.26-23.32.54:884][424]LogUObjectGlobals: Destroyed PersistentFrame Addr=0x0000024724caaac0, Size=4
[2019.03.26-23.32.59:243][790]LogTemp: Repeating last play command: Selected Viewport
[2019.03.26-23.32.59:268][790]LogPlayLevel: PlayLevel: No blueprints needed recompiling
[2019.03.26-23.32.59:274][790]PIE: New page: PIE session: Untitled_1 (27/mar/2019 01:32:59)
[2019.03.26-23.32.59:274][790]LogPlayLevel: Creating play world package: /Temp/UEDPIE_0_Untitled_1
[2019.03.26-23.32.59:279][790]LogPlayLevel: PIE: StaticDuplicateObject took: (0.004397s)
[2019.03.26-23.32.59:279][790]LogAIModule: Creating AISystem for world Untitled_1
[2019.03.26-23.32.59:279][790]LogPlayLevel: PIE: World Init took: (0.000848s)
[2019.03.26-23.32.59:279][790]LogPlayLevel: PIE: Created PIE world by copying editor world from /Temp/Untitled_1.Untitled_1 to /Temp/UEDPIE_0_Untitled_1.Untitled_1 (0.005419s)
[2019.03.26-23.32.59:296][790]LogUObjectGlobals: Destroyed PersistentFrame Addr=0x00000247624e8900, Size=256
[2019.03.26-23.32.59:329][790]LogInit: XAudio2 using 'Altoparlanti (Realtek High Definition Audio)' : 2 channels at 48 kHz using 32 bits per sample (channel mask 0x3)
[2019.03.26-23.32.59:378][790]LogInit: FAudioDevice initialized.
[2019.03.26-23.32.59:422][790]LogLoad: Game class is 'GameModeBase'
[2019.03.26-23.32.59:430][790]LogWorld: Bringing World /Temp/UEDPIE_0_Untitled_1.Untitled_1 up for play (max tick rate 0) at 2019.03.27-00.32.59
[2019.03.26-23.32.59:431][790]LogWorld: Bringing up level for play took: 0.001276
[2019.03.26-23.32.59:447][790]LogContentBrowser: Native class hierarchy updated for 'MovieSceneCapture' in 0.0004 seconds. Added 11 classes and 0 folders.
[2019.03.26-23.32.59:449][790]PIE: Play in editor start time for /Temp/UEDPIE_0_Untitled_1 0,365
[2019.03.26-23.33.05:097][269]LogEditorViewport: Clicking on Actor (LMB): PlayerStart (Player Start)
[2019.03.26-23.33.07:072][424]LogSlate: FSceneViewport::OnFocusLost() reason 0
[2019.03.26-23.33.08:029][497]LogSlate: Prevented a slow task dialog from being summoned while a context menu was open
[2019.03.26-23.33.13:519][919]LogSlate: Took 0.000165 seconds to synchronously load lazily loaded font '../../../Engine/Content/Slate/Fonts/Roboto-Light.ttf' (167K)
[2019.03.26-23.33.16:057][919]LogTextFormatter: Warning: Failed to parse argument "ExistingAsset" as a number (using "0" as a fallback). Please check your format string for errors: "{ExistingAsset} already exists. Do you want to replace it?".
[2019.03.26-23.33.17:267][919]LogSlate: Window 'Message' being destroyed
[2019.03.26-23.33.17:273][919]LogSlate: Window 'Save Level As' being destroyed
[2019.03.26-23.33.17:369][919]LogWindows: Windows GetLastError: Operazione completata. (0)
[2019.03.26-23.33.18:537][919]LogWindows: Error: === Critical error: ===
[2019.03.26-23.33.18:537][919]LogWindows: Error: 
[2019.03.26-23.33.18:537][919]LogWindows: Error: Fatal error: [File:D:\Build\++UE4+Release-4.19+Compile\Sync\Engine\Source\Runtime\CoreUObject\Private\UObject\Obj.cpp] [Line: 198] 
[2019.03.26-23.33.18:537][919]LogWindows: Error: Renaming an object (Package /Temp/Untitled_1_BuiltData) on top of an existing object (Package /Game/Levels/FirstLevel_BuiltData) is not allowed
[2019.03.26-23.33.18:537][919]LogWindows: Error: 
[2019.03.26-23.33.18:537][919]LogWindows: Error: 
[2019.03.26-23.33.18:537][919]LogWindows: Error: [Callstack] 0x00000000EB2F9149 KERNELBASE.dll!UnknownFunction []
[2019.03.26-23.33.18:537][919]LogWindows: Error: [Callstack] 0x00000000D8407884 UE4Editor-ApplicationCore.dll!UnknownFunction []
[2019.03.26-23.33.18:538][919]LogWindows: Error: [Callstack] 0x0000000092716D9B UE4Editor-Core.dll!UnknownFunction []
[2019.03.26-23.33.18:538][919]LogWindows: Error: [Callstack] 0x0000000092651949 UE4Editor-Core.dll!UnknownFunction []
[2019.03.26-23.33.18:538][919]LogWindows: Error: [Callstack] 0x0000000092111C49 UE4Editor-CoreUObject.dll!UnknownFunction []
[2019.03.26-23.33.18:538][919]LogWindows: Error: [Callstack] 0x000000008AF46380 UE4Editor-Engine.dll!UnknownFunction []
[2019.03.26-23.33.18:538][919]LogWindows: Error: [Callstack] 0x0000000088B3B1E4 UE4Editor-UnrealEd.dll!UnknownFunction []
[2019.03.26-23.33.18:538][919]LogWindows: Error: [Callstack] 0x0000000088B39FDA UE4Editor-UnrealEd.dll!UnknownFunction []
[2019.03.26-23.33.18:538][919]LogWindows: Error: [Callstack] 0x0000000088B382C0 UE4Editor-UnrealEd.dll!UnknownFunction []
[2019.03.26-23.33.18:538][919]LogWindows: Error: [Callstack] 0x0000000088B39CCF UE4Editor-UnrealEd.dll!UnknownFunction []
[2019.03.26-23.33.18:538][919]LogWindows: Error: [Callstack] 0x0000000088B38F57 UE4Editor-UnrealEd.dll!UnknownFunction []
[2019.03.26-23.33.18:538][919]LogWindows: Error: [Callstack] 0x00000000863AC027 UE4Editor-LevelEditor.dll!UnknownFunction []
[2019.03.26-23.33.18:538][919]LogWindows: Error: [Callstack] 0x000000009195687F UE4Editor-Slate.dll!UnknownFunction []
[2019.03.26-23.33.18:538][919]LogWindows: Error: [Callstack] 0x0000000091A4F8B6 UE4Editor-Slate.dll!UnknownFunction []
[2019.03.26-23.33.18:538][919]LogWindows: Error: [Callstack] 0x00000000919B46B2 UE4Editor-Slate.dll!UnknownFunction []
[2019.03.26-23.33.18:538][919]LogWindows: Error: [Callstack] 0x00000000919B5BD9 UE4Editor-Slate.dll!UnknownFunction []
[2019.03.26-23.33.18:538][919]LogWindows: Error: [Callstack] 0x0000000091A312F5 UE4Editor-Slate.dll!UnknownFunction []
[2019.03.26-23.33.18:538][919]LogWindows: Error: [Callstack] 0x0000000091AEB7F7 UE4Editor-Slate.dll!UnknownFunction []
[2019.03.26-23.33.18:538][919]LogWindows: Error: [Callstack] 0x0000000091B119E8 UE4Editor-Slate.dll!UnknownFunction []
[2019.03.26-23.33.18:538][919]LogWindows: Error: [Callstack] 0x000000009193485C UE4Editor-Slate.dll!UnknownFunction []
[2019.03.26-23.33.18:538][919]LogWindows: Error: [Callstack] 0x0000000091907D75 UE4Editor-Slate.dll!UnknownFunction []
[2019.03.26-23.33.18:538][919]LogWindows: Error: [Callstack] 0x000000009199F617 UE4Editor-Slate.dll!UnknownFunction []
[2019.03.26-23.33.18:538][919]LogWindows: Error: [Callstack] 0x0000000091987D0D UE4Editor-Slate.dll!UnknownFunction []
[2019.03.26-23.33.18:538][919]LogWindows: Error: [Callstack] 0x000000009197B3E2 UE4Editor-Slate.dll!UnknownFunction []
[2019.03.26-23.33.18:538][919]LogWindows: Error: [Callstack] 0x00000000D83FE69B UE4Editor-ApplicationCore.dll!UnknownFunction []
[2019.03.26-23.33.18:538][919]LogWindows: Error: [Callstack] 0x00000000D83F1B78 UE4Editor-ApplicationCore.dll!UnknownFunction []
[2019.03.26-23.33.18:538][919]LogWindows: Error: [Callstack] 0x00000000D840052C UE4Editor-ApplicationCore.dll!UnknownFunction []
[2019.03.26-23.33.18:538][919]LogWindows: Error: [Callstack] 0x00000000D83ED679 UE4Editor-ApplicationCore.dll!UnknownFunction []
[2019.03.26-23.33.18:538][919]LogWindows: Error: [Callstack] 0x00000000ED46CA66 USER32.dll!UnknownFunction []
[2019.03.26-23.33.18:538][919]LogWindows: Error: [Callstack] 0x00000000ED46C582 USER32.dll!UnknownFunction []
[2019.03.26-23.33.18:538][919]LogWindows: Error: [Callstack] 0x00000000D8401666 UE4Editor-ApplicationCore.dll!UnknownFunction []
[2019.03.26-23.33.18:538][919]LogWindows: Error: [Callstack] 0x00000000472A5475 UE4Editor.exe!UnknownFunction []
[2019.03.26-23.33.18:538][919]LogWindows: Error: [Callstack] 0x00000000472B6BD0 UE4Editor.exe!UnknownFunction []
[2019.03.26-23.33.18:538][919]LogWindows: Error: [Callstack] 0x00000000472B6C4A UE4Editor.exe!UnknownFunction []
[2019.03.26-23.33.18:538][919]LogWindows: Error: [Callstack] 0x00000000472C4177 UE4Editor.exe!UnknownFunction []
[2019.03.26-23.33.18:538][919]LogWindows: Error: [Callstack] 0x00000000472C5B87 UE4Editor.exe!UnknownFunction []
[2019.03.26-23.33.18:538][919]LogWindows: Error: [Callstack] 0x00000000EEA781F4 KERNEL32.DLL!UnknownFunction []
[2019.03.26-23.33.18:538][919]LogWindows: Error: [Callstack] 0x00000000EED2A251 ntdll.dll!UnknownFunction []
[2019.03.26-23.33.18:538][919]LogWindows: Error: [Callstack] 0x00000000EED2A251 ntdll.dll!UnknownFunction []
[2019.03.26-23.33.18:538][919]LogWindows: Error: 
[2019.03.26-23.33.18:799][919]LogExit: Executing StaticShutdownAfterError
[2019.03.26-23.33.18:803][919]LogWindows: FPlatformMisc::RequestExit(1)
[2019.03.26-23.33.18:803][919]Log file closed, 03/27/19 00:33:18
