Log file open, 03/28/19 01:04:34
LogWindows: Failed to load 'aqProf.dll' (GetLastError=126)
LogWindows: File 'aqProf.dll' does not exist
LogWindows: Failed to load 'VtuneApi.dll' (GetLastError=126)
LogWindows: File 'VtuneApi.dll' does not exist
LogWindows: Failed to load 'VtuneApi32e.dll' (GetLastError=126)
LogWindows: File 'VtuneApi32e.dll' does not exist
LogInit: Display: Running engine for game: ProjectThief
LogPlatformFile: Not using cached read wrapper
LogInit: Display: RandInit(-1171327036) SRandInit(-1171327035).
LogInit: Read version file with build ID '3944462'
LogInit: Overriding engine version to CL 4033788, compatible CL 3944462
LogInit: Registered custom module enumerator with build ID '3944462'
LogTaskGraph: Started task graph with 5 named threads and 47 total threads with 3 sets of task threads.
LogStats: Stats thread started at 0.550609
LogD3D11RHI: Aftermath initialized
LogICUInternationalization: Display: ICU TimeZone Detection - Raw Offset: +1:00, Platform Override: ''
LogModuleManager: Display: Found up-to-date module file ../../../Engine/Plugins/Marketplace/Substance/Binaries/Win64/UE4Editor-SubstanceCore.dll (API version 3944462).
LogModuleManager: Display: Found up-to-date module file ../../../Engine/Plugins/Marketplace/Substance/Binaries/Win64/UE4Editor-SubstanceEditor.dll (API version 3944462).
LogModuleManager: Display: Found up-to-date module file ../../../Engine/Plugins/Marketplace/Substance/Binaries/Win64/UE4Editor-SubstanceSource.dll (API version 3944462).
LogModuleManager: Display: Found up-to-date module file ../../../Engine/Plugins/Marketplace/Substance/Binaries/Win64/UE4Editor-SubstanceLiveLink.dll (API version 3944462).
LogModuleManager: Display: Found up-to-date module file ../../../Engine/Plugins/2D/Paper2D/Binaries/Win64/UE4Editor-Paper2D.dll (API version 3944462).
LogModuleManager: Display: Found up-to-date module file ../../../Engine/Plugins/2D/Paper2D/Binaries/Win64/UE4Editor-Paper2DEditor.dll (API version 3944462).
LogModuleManager: Display: Found up-to-date module file ../../../Engine/Plugins/2D/Paper2D/Binaries/Win64/UE4Editor-PaperSpriteSheetImporter.dll (API version 3944462).
LogModuleManager: Display: Found up-to-date module file ../../../Engine/Plugins/2D/Paper2D/Binaries/Win64/UE4Editor-PaperTiledImporter.dll (API version 3944462).
LogModuleManager: Display: Found up-to-date module file ../../../Engine/Plugins/2D/Paper2D/Binaries/Win64/UE4Editor-SmartSnapping.dll (API version 3944462).
LogModuleManager: Display: Found up-to-date module file ../../../Engine/Plugins/Blendables/LightPropagationVolume/Binaries/Win64/UE4Editor-LightPropagationVolumeRuntime.dll (API version 3944462).
LogModuleManager: Display: Found up-to-date module file ../../../Engine/Plugins/Blendables/LightPropagationVolume/Binaries/Win64/UE4Editor-LightPropagationVolumeEditor.dll (API version 3944462).
LogModuleManager: Display: Found up-to-date module file ../../../Engine/Plugins/Developer/CLionSourceCodeAccess/Binaries/Win64/UE4Editor-CLionSourceCodeAccess.dll (API version 3944462).
LogModuleManager: Display: Found up-to-date module file ../../../Engine/Plugins/Developer/GitSourceControl/Binaries/Win64/UE4Editor-GitSourceControl.dll (API version 3944462).
LogModuleManager: Display: Found up-to-date module file ../../../Engine/Plugins/Developer/PerforceSourceControl/Binaries/Win64/UE4Editor-PerforceSourceControl.dll (API version 3944462).
LogModuleManager: Display: Found up-to-date module file ../../../Engine/Plugins/Developer/SubversionSourceControl/Binaries/Win64/UE4Editor-SubversionSourceControl.dll (API version 3944462).
LogModuleManager: Display: Found up-to-date module file ../../../Engine/Plugins/Developer/UObjectPlugin/Binaries/Win64/UE4Editor-UObjectPlugin.dll (API version 3944462).
LogModuleManager: Display: Found up-to-date module file ../../../Engine/Plugins/Developer/VisualStudioCodeSourceCodeAccess/Binaries/Win64/UE4Editor-VisualStudioCodeSourceCodeAccess.dll (API version 3944462).
LogModuleManager: Display: Found up-to-date module file ../../../Engine/Plugins/Developer/VisualStudioSourceCodeAccess/Binaries/Win64/UE4Editor-VisualStudioSourceCodeAccess.dll (API version 3944462).
LogModuleManager: Display: Found up-to-date module file ../../../Engine/Plugins/Editor/AssetManagerEditor/Binaries/Win64/UE4Editor-AssetManagerEditor.dll (API version 3944462).
LogModuleManager: Display: Found up-to-date module file ../../../Engine/Plugins/Editor/CryptoKeys/Binaries/Win64/UE4Editor-CryptoKeys.dll (API version 3944462).
LogModuleManager: Display: Found up-to-date module file ../../../Engine/Plugins/Editor/CryptoKeys/Binaries/Win64/UE4Editor-CryptoKeysOpenSSL.dll (API version 3944462).
LogModuleManager: Display: Found up-to-date module file ../../../Engine/Plugins/Editor/DataValidation/Binaries/Win64/UE4Editor-DataValidation.dll (API version 3944462).
LogModuleManager: Display: Found up-to-date module file ../../../Engine/Plugins/Editor/FacialAnimation/Binaries/Win64/UE4Editor-FacialAnimation.dll (API version 3944462).
LogModuleManager: Display: Found up-to-date module file ../../../Engine/Plugins/Editor/FacialAnimation/Binaries/Win64/UE4Editor-FacialAnimationEditor.dll (API version 3944462).
LogModuleManager: Display: Found up-to-date module file ../../../Engine/Plugins/Editor/GameplayTagsEditor/Binaries/Win64/UE4Editor-GameplayTagsEditor.dll (API version 3944462).
LogModuleManager: Display: Found up-to-date module file ../../../Engine/Plugins/Editor/MobileLauncherProfileWizard/Binaries/Win64/UE4Editor-MobileLauncherProfileWizard.dll (API version 3944462).
LogModuleManager: Display: Found up-to-date module file ../../../Engine/Plugins/Editor/PluginBrowser/Binaries/Win64/UE4Editor-PluginBrowser.dll (API version 3944462).
LogModuleManager: Display: Found up-to-date module file ../../../Engine/Plugins/Editor/SpeedTreeImporter/Binaries/Win64/UE4Editor-SpeedTreeImporter.dll (API version 3944462).
LogModuleManager: Display: Found up-to-date module file ../../../Engine/Plugins/Enterprise/DatasmithContent/Binaries/Win64/UE4Editor-DatasmithContent.dll (API version 3944462).
LogModuleManager: Display: Found up-to-date module file ../../../Engine/Plugins/Experimental/AlembicImporter/Binaries/Win64/UE4Editor-AlembicImporter.dll (API version 3944462).
LogModuleManager: Display: Found up-to-date module file ../../../Engine/Plugins/Experimental/AlembicImporter/Binaries/Win64/UE4Editor-AlembicLibrary.dll (API version 3944462).
LogModuleManager: Display: Found up-to-date module file ../../../Engine/Plugins/Experimental/CharacterAI/Binaries/Win64/UE4Editor-CharacterAI.dll (API version 3944462).
LogModuleManager: Display: Found up-to-date module file ../../../Engine/Plugins/Experimental/HTML5Networking/Binaries/Win64/UE4Editor-HTML5Networking.dll (API version 3944462).
LogModuleManager: Display: Found up-to-date module file ../../../Engine/Plugins/Media/AndroidMedia/Binaries/Win64/UE4Editor-AndroidMediaEditor.dll (API version 3944462).
LogModuleManager: Display: Found up-to-date module file ../../../Engine/Plugins/Media/AndroidMedia/Binaries/Win64/UE4Editor-AndroidMediaFactory.dll (API version 3944462).
LogModuleManager: Display: Found up-to-date module file ../../../Engine/Plugins/Media/AvfMedia/Binaries/Win64/UE4Editor-AvfMediaEditor.dll (API version 3944462).
LogModuleManager: Display: Found up-to-date module file ../../../Engine/Plugins/Media/AvfMedia/Binaries/Win64/UE4Editor-AvfMediaFactory.dll (API version 3944462).
LogModuleManager: Display: Found up-to-date module file ../../../Engine/Plugins/Media/AvfMedia/Binaries/Win64/UE4Editor-AvfMediaFactory.dll (API version 3944462).
LogModuleManager: Display: Found up-to-date module file ../../../Engine/Plugins/Media/ImgMedia/Binaries/Win64/UE4Editor-ImgMedia.dll (API version 3944462).
LogModuleManager: Display: Found up-to-date module file ../../../Engine/Plugins/Media/ImgMedia/Binaries/Win64/UE4Editor-ImgMediaEditor.dll (API version 3944462).
LogModuleManager: Display: Found up-to-date module file ../../../Engine/Plugins/Media/ImgMedia/Binaries/Win64/UE4Editor-ImgMediaFactory.dll (API version 3944462).
LogModuleManager: Display: Found up-to-date module file ../../../Engine/Plugins/Media/ImgMedia/Binaries/Win64/UE4Editor-ImgMediaFactory.dll (API version 3944462).
LogModuleManager: Display: Found up-to-date module file ../../../Engine/Plugins/Media/ImgMedia/Binaries/Win64/UE4Editor-OpenExrWrapper.dll (API version 3944462).
LogModuleManager: Display: Found up-to-date module file ../../../Engine/Plugins/Media/LinearTimecode/Binaries/Win64/UE4Editor-LinearTimecode.dll (API version 3944462).
LogModuleManager: Display: Found up-to-date module file ../../../Engine/Plugins/Media/MediaCompositing/Binaries/Win64/UE4Editor-MediaCompositing.dll (API version 3944462).
LogModuleManager: Display: Found up-to-date module file ../../../Engine/Plugins/Media/MediaCompositing/Binaries/Win64/UE4Editor-MediaCompositingEditor.dll (API version 3944462).
LogModuleManager: Display: Found up-to-date module file ../../../Engine/Plugins/Media/MediaPlayerEditor/Binaries/Win64/UE4Editor-MediaPlayerEditor.dll (API version 3944462).
LogModuleManager: Display: Found up-to-date module file ../../../Engine/Plugins/Media/WmfMedia/Binaries/Win64/UE4Editor-WmfMedia.dll (API version 3944462).
LogModuleManager: Display: Found up-to-date module file ../../../Engine/Plugins/Media/WmfMedia/Binaries/Win64/UE4Editor-WmfMediaEditor.dll (API version 3944462).
LogModuleManager: Display: Found up-to-date module file ../../../Engine/Plugins/Media/WmfMedia/Binaries/Win64/UE4Editor-WmfMediaFactory.dll (API version 3944462).
LogModuleManager: Display: Found up-to-date module file ../../../Engine/Plugins/Media/WmfMedia/Binaries/Win64/UE4Editor-WmfMediaFactory.dll (API version 3944462).
LogModuleManager: Display: Found up-to-date module file ../../../Engine/Plugins/Messaging/TcpMessaging/Binaries/Win64/UE4Editor-TcpMessaging.dll (API version 3944462).
LogModuleManager: Display: Found up-to-date module file ../../../Engine/Plugins/Messaging/UdpMessaging/Binaries/Win64/UE4Editor-UdpMessaging.dll (API version 3944462).
LogModuleManager: Display: Found up-to-date module file ../../../Engine/Plugins/MovieScene/ActorSequence/Binaries/Win64/UE4Editor-ActorSequence.dll (API version 3944462).
LogModuleManager: Display: Found up-to-date module file ../../../Engine/Plugins/MovieScene/LevelSequenceEditor/Binaries/Win64/UE4Editor-LevelSequenceEditor.dll (API version 3944462).
LogModuleManager: Display: Found up-to-date module file ../../../Engine/Plugins/MovieScene/MatineeToLevelSequence/Binaries/Win64/UE4Editor-MatineeToLevelSequence.dll (API version 3944462).
LogModuleManager: Display: Found up-to-date module file ../../../Engine/Plugins/NetcodeUnitTest/NetcodeUnitTest/Binaries/Win64/UE4Editor-NetcodeUnitTest.dll (API version 3944462).
LogModuleManager: Display: Found up-to-date module file ../../../Engine/Plugins/NetcodeUnitTest/NUTUnrealEngine4/Binaries/Win64/UE4Editor-NUTUnrealEngine4.dll (API version 3944462).
LogModuleManager: Display: Found up-to-date module file ../../../Engine/Plugins/Online/OnlineSubsystem/Binaries/Win64/UE4Editor-OnlineSubsystem.dll (API version 3944462).
LogModuleManager: Display: Found up-to-date module file ../../../Engine/Plugins/Runtime/AndroidPermission/Binaries/Win64/UE4Editor-AndroidPermission.dll (API version 3944462).
LogModuleManager: Display: Found up-to-date module file ../../../Engine/Plugins/Online/OnlineSubsystemNull/Binaries/Win64/UE4Editor-OnlineSubsystemNull.dll (API version 3944462).
LogModuleManager: Display: Found up-to-date module file ../../../Engine/Plugins/Online/OnlineSubsystemUtils/Binaries/Win64/UE4Editor-OnlineSubsystemUtils.dll (API version 3944462).
LogModuleManager: Display: Found up-to-date module file ../../../Engine/Plugins/Online/OnlineSubsystemUtils/Binaries/Win64/UE4Editor-OnlineBlueprintSupport.dll (API version 3944462).
LogModuleManager: Display: Found up-to-date module file ../../../Engine/Plugins/Runtime/AndroidDeviceProfileSelector/Binaries/Win64/UE4Editor-AndroidDeviceProfileSelector.dll (API version 3944462).
LogModuleManager: Display: Found up-to-date module file ../../../Engine/Plugins/Runtime/AppleARKit/Binaries/Win64/UE4Editor-AppleARKit.dll (API version 3944462).
LogModuleManager: Display: Found up-to-date module file ../../../Engine/Plugins/Runtime/ProceduralMeshComponent/Binaries/Win64/UE4Editor-ProceduralMeshComponent.dll (API version 3944462).
LogModuleManager: Display: Found up-to-date module file ../../../Engine/Plugins/Runtime/ProceduralMeshComponent/Binaries/Win64/UE4Editor-ProceduralMeshComponentEditor.dll (API version 3944462).
LogModuleManager: Display: Found up-to-date module file ../../../Engine/Plugins/Animation/LiveLink/Binaries/Win64/UE4Editor-LiveLink.dll (API version 3944462).
LogModuleManager: Display: Found up-to-date module file ../../../Engine/Plugins/Animation/LiveLink/Binaries/Win64/UE4Editor-LiveLinkEditor.dll (API version 3944462).
LogModuleManager: Display: Found up-to-date module file ../../../Engine/Plugins/Runtime/ArchVisCharacter/Binaries/Win64/UE4Editor-ArchVisCharacter.dll (API version 3944462).
LogModuleManager: Display: Found up-to-date module file ../../../Engine/Plugins/Runtime/AudioCapture/Binaries/Win64/UE4Editor-AudioCapture.dll (API version 3944462).
LogModuleManager: Display: Found up-to-date module file ../../../Engine/Plugins/Runtime/AudioCapture/Binaries/Win64/UE4Editor-AudioCaptureEditor.dll (API version 3944462).
LogModuleManager: Display: Found up-to-date module file ../../../Engine/Plugins/Runtime/CableComponent/Binaries/Win64/UE4Editor-CableComponent.dll (API version 3944462).
LogModuleManager: Display: Found up-to-date module file ../../../Engine/Plugins/Runtime/CustomMeshComponent/Binaries/Win64/UE4Editor-CustomMeshComponent.dll (API version 3944462).
LogModuleManager: Display: Found up-to-date module file ../../../Engine/Plugins/Runtime/ExampleDeviceProfileSelector/Binaries/Win64/UE4Editor-ExampleDeviceProfileSelector.dll (API version 3944462).
LogModuleManager: Display: Found up-to-date module file ../../../Engine/Plugins/Runtime/ImmediatePhysics/Binaries/Win64/UE4Editor-ImmediatePhysics.dll (API version 3944462).
LogModuleManager: Display: Found up-to-date module file ../../../Engine/Plugins/Runtime/ImmediatePhysics/Binaries/Win64/UE4Editor-ImmediatePhysicsEditor.dll (API version 3944462).
LogModuleManager: Display: Found up-to-date module file ../../../Engine/Plugins/Runtime/LocationServicesBPLibrary/Binaries/Win64/UE4Editor-LocationServicesBPLibrary.dll (API version 3944462).
LogModuleManager: Display: Found up-to-date module file ../../../Engine/Plugins/Runtime/MobilePatchingUtils/Binaries/Win64/UE4Editor-MobilePatchingUtils.dll (API version 3944462).
LogModuleManager: Display: Found up-to-date module file ../../../Engine/Plugins/Runtime/Oculus/OculusVR/Binaries/Win64/UE4Editor-OculusHMD.dll (API version 3944462).
LogModuleManager: Display: Found up-to-date module file ../../../Engine/Plugins/Runtime/Oculus/OculusVR/Binaries/Win64/UE4Editor-OculusInput.dll (API version 3944462).
LogModuleManager: Display: Found up-to-date module file ../../../Engine/Plugins/Runtime/Oculus/OculusVR/Binaries/Win64/UE4Editor-OculusEditor.dll (API version 3944462).
LogModuleManager: Display: Found up-to-date module file ../../../Engine/Plugins/Runtime/PhysXVehicles/Binaries/Win64/UE4Editor-PhysXVehicles.dll (API version 3944462).
LogModuleManager: Display: Found up-to-date module file ../../../Engine/Plugins/Runtime/PhysXVehicles/Binaries/Win64/UE4Editor-PhysXVehiclesEditor.dll (API version 3944462).
LogModuleManager: Display: Found up-to-date module file ../../../Engine/Plugins/Runtime/RuntimePhysXCooking/Binaries/Win64/UE4Editor-RuntimePhysXCooking.dll (API version 3944462).
LogModuleManager: Display: Found up-to-date module file ../../../Engine/Plugins/Runtime/Steam/SteamVR/Binaries/Win64/UE4Editor-SteamVR.dll (API version 3944462).
LogModuleManager: Display: Found up-to-date module file ../../../Engine/Plugins/Runtime/Steam/SteamVR/Binaries/Win64/UE4Editor-SteamVRController.dll (API version 3944462).
LogModuleManager: Display: Found up-to-date module file ../../../Engine/Plugins/Runtime/WindowsMoviePlayer/Binaries/Win64/UE4Editor-WindowsMoviePlayer.dll (API version 3944462).
LogPluginManager: Mounting plugin Paper2D
LogPluginManager: Mounting plugin LiveLink
LogPluginManager: Mounting plugin LightPropagationVolume
LogPluginManager: Mounting plugin CLionSourceCodeAccess
LogPluginManager: Mounting plugin CodeLiteSourceCodeAccess
LogPluginManager: Mounting plugin GitSourceControl
LogPluginManager: Mounting plugin KDevelopSourceCodeAccess
LogPluginManager: Mounting plugin NullSourceCodeAccess
LogPluginManager: Mounting plugin PerforceSourceControl
LogPluginManager: Mounting plugin SubversionSourceControl
LogPluginManager: Mounting plugin UObjectPlugin
LogPluginManager: Mounting plugin VisualStudioCodeSourceCodeAccess
LogPluginManager: Mounting plugin VisualStudioSourceCodeAccess
LogPluginManager: Mounting plugin XCodeSourceCodeAccess
LogPluginManager: Mounting plugin AssetManagerEditor
LogPluginManager: Mounting plugin CryptoKeys
LogPluginManager: Mounting plugin DataValidation
LogPluginManager: Mounting plugin FacialAnimation
LogPluginManager: Mounting plugin GameplayTagsEditor
LogPluginManager: Mounting plugin MobileLauncherProfileWizard
LogPluginManager: Mounting plugin PluginBrowser
LogPluginManager: Mounting plugin SpeedTreeImporter
LogPluginManager: Mounting plugin DatasmithContent
LogPluginManager: Mounting plugin AlembicImporter
LogPluginManager: Mounting plugin CharacterAI
LogPluginManager: Mounting plugin HTML5Networking
LogPluginManager: Mounting plugin Substance
LogPluginManager: Mounting plugin AndroidMedia
LogPluginManager: Mounting plugin AvfMedia
LogPluginManager: Mounting plugin ImgMedia
LogPluginManager: Mounting plugin LinearTimecode
LogPluginManager: Mounting plugin MediaCompositing
LogPluginManager: Mounting plugin MediaPlayerEditor
LogPluginManager: Mounting plugin WmfMedia
LogPluginManager: Mounting plugin TcpMessaging
LogPluginManager: Mounting plugin UdpMessaging
LogPluginManager: Mounting plugin ActorSequence
LogPluginManager: Mounting plugin LevelSequenceEditor
LogPluginManager: Mounting plugin MatineeToLevelSequence
LogPluginManager: Mounting plugin NetcodeUnitTest
LogPluginManager: Mounting plugin NUTUnrealEngine4
LogPluginManager: Mounting plugin OnlineSubsystemGooglePlay
LogPluginManager: Mounting plugin OnlineSubsystemIOS
LogPluginManager: Mounting plugin OnlineSubsystem
LogPluginManager: Mounting plugin OnlineSubsystemNull
LogPluginManager: Mounting plugin OnlineSubsystemUtils
LogPluginManager: Mounting plugin AndroidDeviceProfileSelector
LogPluginManager: Mounting plugin AndroidMoviePlayer
LogPluginManager: Mounting plugin AndroidPermission
LogPluginManager: Mounting plugin AppleARKit
LogPluginManager: Mounting plugin AppleMoviePlayer
LogPluginManager: Mounting plugin ArchVisCharacter
LogPluginManager: Mounting plugin AudioCapture
LogPluginManager: Mounting plugin CableComponent
LogPluginManager: Mounting plugin CustomMeshComponent
LogPluginManager: Mounting plugin ExampleDeviceProfileSelector
LogPluginManager: Mounting plugin GoogleCloudMessaging
LogPluginManager: Mounting plugin ImmediatePhysics
LogPluginManager: Mounting plugin IOSDeviceProfileSelector
LogPluginManager: Mounting plugin LinuxDeviceProfileSelector
LogPluginManager: Mounting plugin LocationServicesBPLibrary
LogPluginManager: Mounting plugin MobilePatchingUtils
LogPluginManager: Mounting plugin OculusVR
LogPluginManager: Plugin shader directory ../../../Engine/Plugins/Runtime/Oculus/OculusVR/Shaders found
LogPluginManager: Mapping shader source directory ../../../Engine/Plugins/Runtime/Oculus/OculusVR/Shaders to virtual directory /Plugin/OculusVR
LogPluginManager: Mounting plugin PhysXVehicles
LogPluginManager: Mounting plugin ProceduralMeshComponent
LogPluginManager: Mounting plugin RuntimePhysXCooking
LogPluginManager: Mounting plugin SteamVR
LogPluginManager: Mounting plugin WindowsMoviePlayer
LogStreaming: Display: Took  1.332s to configure plugins.
LogInit: Using libcurl 7.47.1
LogInit:  - built for x86_64-pc-win32
LogInit:  - supports SSL with OpenSSL/1.0.2g
LogInit:  - supports HTTP deflate (compression) using libz 1.2.8
LogInit:  - other features:
LogInit:      CURL_VERSION_SSL
LogInit:      CURL_VERSION_LIBZ
LogInit:      CURL_VERSION_IPV6
LogInit:      CURL_VERSION_ASYNCHDNS
LogInit:      CURL_VERSION_LARGEFILE
LogInit:      CURL_VERSION_IDN
LogInit:  CurlRequestOptions (configurable via config and command line):
LogInit:  - bVerifyPeer = false  - Libcurl will NOT verify peer certificate
LogInit:  - bUseHttpProxy = false  - Libcurl will NOT use HTTP proxy
LogInit:  - bDontReuseConnections = false  - Libcurl will reuse connections
LogInit:  - CertBundlePath = nullptr  - Libcurl will use whatever was configured at build time.
LogInit:  - MaxHostConnections = 16  - Libcurl will limit the number of connections to a host
LogInit:  - LocalHostAddr = Default
LogInit: WinSock: version 1.1 (2.2), MaxSocks=32767, MaxUdp=65467
LogInit: WinSock: I am DESKTOP-NOTMLJ6 (192.168.1.5:0)
LogInit: Build: ++UE4+Release-4.19-CL-4033788
LogInit: Engine Version: 4.19.2-4033788+++UE4+Release-4.19
LogInit: Compatible Engine Version: 4.19.0-3944462+++UE4+Release-4.19
LogInit: Net CL: 3944462
LogDevObjectVersion: Number of dev versions registered: 18
LogDevObjectVersion:   Dev-Blueprints (B0D832E4-1F89-4F0D-ACCF-7EB736FD4AA2): 10
LogDevObjectVersion:   Dev-Build (E1C64328-A22C-4D53-A36C-8E866417BD8C): 0
LogDevObjectVersion:   Dev-Core (375EC13C-06E4-48FB-B500-84F0262A717E): 2
LogDevObjectVersion:   Dev-Editor (E4B068ED-F494-42E9-A231-DA0B2E46BB41): 23
LogDevObjectVersion:   Dev-Framework (CFFC743F-43B0-4480-9391-14DF171D2073): 33
LogDevObjectVersion:   Dev-Mobile (B02B49B5-BB20-44E9-A304-32B752E40360): 2
LogDevObjectVersion:   Dev-Networking (A4E4105C-59A1-49B5-A7C5-40C4547EDFEE): 0
LogDevObjectVersion:   Dev-Online (39C831C9-5AE6-47DC-9A44-9C173E1C8E7C): 0
LogDevObjectVersion:   Dev-Physics (78F01B33-EBEA-4F98-B9B4-84EACCB95AA2): 0
LogDevObjectVersion:   Dev-Platform (6631380F-2D4D-43E0-8009-CF276956A95A): 0
LogDevObjectVersion:   Dev-Rendering (12F88B9F-8875-4AFC-A67C-D90C383ABD29): 25
LogDevObjectVersion:   Dev-Sequencer (7B5AE74C-D270-4C10-A958-57980B212A5A): 6
LogDevObjectVersion:   Dev-VR (D7296918-1DD6-4BDD-9DE2-64A83CC13884): 1
LogDevObjectVersion:   Dev-LoadTimes (C2A15278-BFE7-4AFE-6C17-90FF531DF755): 1
LogDevObjectVersion:   Private-Geometry (6EACA3D4-40EC-4CC1-B786-8BED09428FC5): 2
LogDevObjectVersion:   Dev-AnimPhys (29E575DD-E0A3-4627-9D10-D276232CDCEA): 16
LogDevObjectVersion:   Dev-ReflectionCapture (6B266CEC-1EC7-4B8F-A30B-E4D90942FC07): 1
LogDevObjectVersion:   Dev-Automation (0DF73D61-A23F-47EA-B727-89E90C41499A): 1
LogInit: Compiled (64-bit): Apr 27 2018 02:06:57
LogInit: Compiled with Visual C++: 19.00.24215.01
LogInit: Build Configuration: Development
LogInit: Branch Name: ++UE4+Release-4.19
LogInit: Command Line: 
LogInit: Base Directory: C:/Program Files (x86)/UE_4.19/Engine/Binaries/Win64/
LogInit: Installed Engine Build: 1
LogStreaming: Display: Took  0.001s to delete old logs.
LogInit: Presizing for max 8388607 objects, including 0 objects not considered by GC, pre-allocating 0 bytes for permanent pool.
LogInit: Object subsystem initialized
[2019.03.28-00.04.36:310][  0]LogInit: Selected Device Profile: [Windows]
[2019.03.28-00.04.36:310][  0]LogInit: Applying CVar settings loaded from the selected device profile: [Windows]
[2019.03.28-00.04.36:320][  0]LogInit: Computer: DESKTOP-NOTMLJ6
[2019.03.28-00.04.36:320][  0]LogInit: User: Thomas
[2019.03.28-00.04.36:320][  0]LogInit: CPU Page size=4096, Cores=8
[2019.03.28-00.04.36:320][  0]LogInit: High frequency timer resolution =10.000000 MHz
[2019.03.28-00.04.36:321][  0]LogMemory: Memory total: Physical=15.9GB (16GB approx)
[2019.03.28-00.04.36:321][  0]LogMemory: Platform Memory Stats for Windows
[2019.03.28-00.04.36:321][  0]LogMemory: Process Physical Memory: 276.83 MB used, 276.83 MB peak
[2019.03.28-00.04.36:321][  0]LogMemory: Process Virtual Memory: 272.45 MB used, 272.45 MB peak
[2019.03.28-00.04.36:321][  0]LogMemory: Physical Memory: 5096.40 MB used,  11222.27 MB free, 16318.68 MB total
[2019.03.28-00.04.36:321][  0]LogMemory: Virtual Memory: 4826.70 MB used,  11222.27 MB free, 134217728.00 MB total
[2019.03.28-00.04.36:340][  0]LogInit: Using OS detected language (it-IT).
[2019.03.28-00.04.36:340][  0]LogInit: Using OS detected locale (it-IT).
[2019.03.28-00.04.36:343][  0]LogTextLocalizationManager: No localization for 'it-IT' exists, so 'en' will be used for the language.
[2019.03.28-00.04.36:795][  0]LogStreaming: Display: Took  0.456s to EndInitTextLocalization.
[2019.03.28-00.04.36:796][  0]LogInit: Setting process to per monitor DPI aware
[2019.03.28-00.04.36:823][  0]LogSlate: New Slate User Created.  User Index 0, Is Virtual User: 0
[2019.03.28-00.04.36:823][  0]LogSlate: Slate User Registered.  User Index 0, Is Virtual User: 0
[2019.03.28-00.04.37:033][  0]LogD3D11RHI: D3D11 adapters:
[2019.03.28-00.04.37:113][  0]LogD3D11RHI:    0. 'NVIDIA GeForce GTX 1060 6GB' (Feature Level 11_0)
[2019.03.28-00.04.37:113][  0]LogD3D11RHI:       6052/0/8159 MB DedicatedVideo/DedicatedSystem/SharedSystem, Outputs:2, VendorId:0x10de
[2019.03.28-00.04.37:115][  0]LogD3D11RHI:    1. 'Microsoft Basic Render Driver' (Feature Level 11_0)
[2019.03.28-00.04.37:115][  0]LogD3D11RHI:       0/0/8159 MB DedicatedVideo/DedicatedSystem/SharedSystem, Outputs:0, VendorId:0x1414
[2019.03.28-00.04.37:115][  0]LogD3D11RHI: Chosen D3D11 Adapter: 0
[2019.03.28-00.04.37:124][  0]LogD3D11RHI: Creating new Direct3DDevice
[2019.03.28-00.04.37:124][  0]LogD3D11RHI:     GPU DeviceId: 0x1c03 (for the marketing name, search the web for "GPU Device Id")
[2019.03.28-00.04.37:124][  0]LogWindows: EnumDisplayDevices:
[2019.03.28-00.04.37:124][  0]LogWindows:    0. 'NVIDIA GeForce GTX 1060 6GB' (P:0 D:1)
[2019.03.28-00.04.37:124][  0]LogWindows:    1. 'NVIDIA GeForce GTX 1060 6GB' (P:1 D:1)
[2019.03.28-00.04.37:124][  0]LogWindows:    2. 'NVIDIA GeForce GTX 1060 6GB' (P:0 D:0)
[2019.03.28-00.04.37:124][  0]LogWindows:    3. 'NVIDIA GeForce GTX 1060 6GB' (P:0 D:0)
[2019.03.28-00.04.37:125][  0]LogWindows: DebugString: GetVideoDriverDetailsInvalid PrimaryIsNotTheChoosenAdapter GetVideoDriverDetailsInvalid PrimaryIsNotTheChoosenAdapter GetVideoDriverDetailsInvalid PrimaryIsNotTheChoosenAdapter GetVideoDriverDetailsInvalid PrimaryIsNotTheChoosenAdapter FoundDriverCount:0 
[2019.03.28-00.04.37:125][  0]LogD3D11RHI:     Adapter Name: NVIDIA GeForce GTX 1060 6GB
[2019.03.28-00.04.37:125][  0]LogD3D11RHI:   Driver Version: Unknown (internal:Unknown, unified:Unknown)
[2019.03.28-00.04.37:125][  0]LogD3D11RHI:      Driver Date: Unknown
[2019.03.28-00.04.37:125][  0]LogRHI: Texture pool is 4236 MB (70% of 6052 MB)
[2019.03.28-00.04.37:172][  0]LogD3D11RHI: [Aftermath] Aftermath enabled and primed
[2019.03.28-00.04.37:172][  0]LogD3D11RHI: [Aftermath] Aftermath enabled and primed
[2019.03.28-00.04.37:172][  0]LogD3D11RHI: Async texture creation enabled
[2019.03.28-00.04.37:197][  0]LogD3D11RHI: GPU Timing Frequency: 1000.000000 (Debug: 2 1)
[2019.03.28-00.04.37:296][  0]LogShaderCompilers: Guid format shader working directory is 21 characters bigger than the processId version (D:/UE4Project/ProjectThief/Intermediate/Shaders/WorkingDirectory/6992/).
[2019.03.28-00.04.37:296][  0]LogShaderCompilers: Cleaned the shader compiler working directory 'C:/Users/Thomas/AppData/Local/Temp/UnrealShaderWorkingDir/33638AAB41E62EFE40AF8BAC3276AF5C/'.
[2019.03.28-00.04.37:502][  0]LogTemp: Display: Loaded TP AllDesktopTargetPlatform
[2019.03.28-00.04.37:519][  0]LogTemp: Display: Loaded TP MacClientTargetPlatform
[2019.03.28-00.04.37:537][  0]LogTemp: Display: Loaded TP MacNoEditorTargetPlatform
[2019.03.28-00.04.37:554][  0]LogTemp: Display: Loaded TP MacServerTargetPlatform
[2019.03.28-00.04.37:571][  0]LogTemp: Display: Loaded TP MacTargetPlatform
[2019.03.28-00.04.37:589][  0]LogTemp: Display: Loaded TP WindowsClientTargetPlatform
[2019.03.28-00.04.37:606][  0]LogTemp: Display: Loaded TP WindowsNoEditorTargetPlatform
[2019.03.28-00.04.37:625][  0]LogTemp: Display: Loaded TP WindowsServerTargetPlatform
[2019.03.28-00.04.37:634][  0]LogTemp: Display: Loaded TP WindowsTargetPlatform
[2019.03.28-00.04.37:649][  0]LogTemp: Display: Loaded TP Android_ASTCTargetPlatform
[2019.03.28-00.04.37:664][  0]LogTemp: Display: Loaded TP Android_ATCTargetPlatform
[2019.03.28-00.04.37:680][  0]LogTemp: Display: Loaded TP Android_DXTTargetPlatform
[2019.03.28-00.04.37:695][  0]LogTemp: Display: Loaded TP Android_ETC1aTargetPlatform
[2019.03.28-00.04.37:710][  0]LogTemp: Display: Loaded TP Android_ETC1TargetPlatform
[2019.03.28-00.04.37:726][  0]LogTemp: Display: Loaded TP Android_ETC2TargetPlatform
[2019.03.28-00.04.37:756][  0]LogTemp: Display: Loaded TP Android_MultiTargetPlatform
[2019.03.28-00.04.37:756][  0]LogTemp: Display: Loaded TP Android_PVRTCTargetPlatform
[2019.03.28-00.04.37:772][  0]LogTemp: Display: Loaded TP AndroidTargetPlatform
[2019.03.28-00.04.37:774][  0]LogTemp: Display: Loaded TP HTML5TargetPlatform
[2019.03.28-00.04.37:815][  0]LogTemp: Display: Loaded TP IOSTargetPlatform
[2019.03.28-00.04.37:830][  0]LogTemp: Display: Loaded TP TVOSTargetPlatform
[2019.03.28-00.04.37:844][  0]LogTemp: Display: Loaded TP LinuxClientTargetPlatform
[2019.03.28-00.04.37:859][  0]LogTemp: Display: Loaded TP LinuxNoEditorTargetPlatform
[2019.03.28-00.04.37:874][  0]LogTemp: Display: Loaded TP LinuxServerTargetPlatform
[2019.03.28-00.04.37:890][  0]LogTemp: Display: Loaded TP LinuxTargetPlatform
[2019.03.28-00.04.37:890][  0]LogTargetPlatformManager: Display: Building Assets For Windows
[2019.03.28-00.04.38:023][  0]LogXGEController: Cannot use XGE Controller as Incredibuild is not installed on this machine.
[2019.03.28-00.04.38:023][  0]LogShaderCompilers: Cannot use XGE Shader Compiler as Incredibuild is not installed on this machine.
[2019.03.28-00.04.38:023][  0]LogShaderCompilers: Display: Using Local Shader Compiler.
[2019.03.28-00.04.38:773][  0]LogDerivedDataCache: Display: Max Cache Size: 512 MB
[2019.03.28-00.04.38:846][  0]LogDerivedDataCache: Loaded boot cache 0.07s 74MB C:/Users/Thomas/AppData/Local/UnrealEngine/4.19/DerivedDataCache/Boot.ddc.
[2019.03.28-00.04.38:846][  0]LogDerivedDataCache: Display: Loaded Boot cache: C:/Users/Thomas/AppData/Local/UnrealEngine/4.19/DerivedDataCache/Boot.ddc
[2019.03.28-00.04.38:846][  0]LogDerivedDataCache: FDerivedDataBackendGraph:  Pak pak cache file D:/UE4Project/ProjectThief/DerivedDataCache/DDC.ddp not found, will not use a pak cache.
[2019.03.28-00.04.38:846][  0]LogDerivedDataCache: Unable to find inner node Pak for hierarchical cache Hierarchy.
[2019.03.28-00.04.38:846][  0]LogDerivedDataCache: FDerivedDataBackendGraph:  CompressedPak pak cache file D:/UE4Project/ProjectThief/DerivedDataCache/Compressed.ddp not found, will not use a pak cache.
[2019.03.28-00.04.38:846][  0]LogDerivedDataCache: Unable to find inner node CompressedPak for hierarchical cache Hierarchy.
[2019.03.28-00.04.38:865][  0]LogDerivedDataCache: Display: Pak cache opened for reading ../../../Engine/DerivedDataCache/Compressed.ddp.
[2019.03.28-00.04.38:878][  0]LogDerivedDataCache: Using Local data cache path C:/Users/Thomas/AppData/Local/UnrealEngine/Common/DerivedDataCache: Writable
[2019.03.28-00.04.38:878][  0]LogDerivedDataCache: Shared data cache path not found in *engine.ini, will not use an Shared cache.
[2019.03.28-00.04.38:878][  0]LogDerivedDataCache: Unable to find inner node Shared for hierarchical cache Hierarchy.
[2019.03.28-00.04.38:890][  0]LogMaterial: Verifying Global Shaders for PCD3D_SM5
[2019.03.28-00.04.38:890][  0]LogSlate: Using Freetype 2.6.0
[2019.03.28-00.04.38:891][  0]LogSlate: SlateFontCache - WITH_FREETYPE: 1, WITH_HARFBUZZ: 1
[2019.03.28-00.04.38:891][  0]LogSlate: SlateFontCache - WITH_FREETYPE: 1, WITH_HARFBUZZ: 1
[2019.03.28-00.04.39:032][  0]LogAssetRegistry: FAssetRegistry took 0.0279 seconds to start up
[2019.03.28-00.04.39:386][  0]LogInit: Selected Device Profile: [Windows]
[2019.03.28-00.04.39:535][  0]LogSimplygon: Simplygon DLL not present - disabling.
[2019.03.28-00.04.39:538][  0]LogMeshReduction: Using SimplygonSwarm for distributed automatic mesh merging
[2019.03.28-00.04.39:538][  0]LogMeshReduction: Using QuadricMeshReduction for automatic static mesh reduction
[2019.03.28-00.04.39:538][  0]LogMeshReduction: No automatic skeletal mesh reduction module available
[2019.03.28-00.04.39:538][  0]LogMeshReduction: No automatic mesh merging module available
[2019.03.28-00.04.39:538][  0]LogMeshMerging: No automatic mesh merging module available
[2019.03.28-00.04.39:574][  0]LogNetVersion: ProjectThief , NetCL: 3944462, EngineNetVer: 2, GameNetVer: 0 (Checksum: 3106578406)
[2019.03.28-00.04.39:966][  0]LogPackageLocalizationCache: Processed 9 localized package path(s) for 1 prioritized culture(s) in 0.037713 seconds
[2019.03.28-00.04.39:973][  0]LogUObjectArray: 36729 objects as part of root set at end of initial load.
[2019.03.28-00.04.39:973][  0]LogUObjectAllocator: 7314528 out of 0 bytes used by permanent object pool.
[2019.03.28-00.04.39:973][  0]LogUObjectArray: CloseDisregardForGC: 0/0 objects in disregard for GC pool
[2019.03.28-00.04.41:623][  0]LogSubstanceCoreModule: Substance [CPU] Engine Loaded, Max Texture Size = 2048
[2019.03.28-00.04.41:647][  0]LogTcpMessaging: Initializing TcpMessaging bridge
[2019.03.28-00.04.41:681][  0]LogUdpMessaging: Initializing bridge on interface 0.0.0.0:0 to multicast group 230.0.0.1:6666.
[2019.03.28-00.04.42:094][  0]SourceControl: Source control is disabled
[2019.03.28-00.04.42:094][  0]SourceControl: Source control is disabled
[2019.03.28-00.04.42:116][  0]SourceControl: Source control is disabled
[2019.03.28-00.04.42:138][  0]SourceControl: Source control is disabled
[2019.03.28-00.04.42:702][  0]LogAndroidPermission: UAndroidPermissionCallbackProxy::GetInstance
[2019.03.28-00.04.42:938][  0]LogOcInput: OculusInput pre-init called
[2019.03.28-00.04.43:204][  0]LogEngine: Initializing Engine...
[2019.03.28-00.04.43:205][  0]LogHMD: Failed to initialize OpenVR with code 110
[2019.03.28-00.04.43:207][  0]LogStats: UGameplayTagsManager::ConstructGameplayTagTree: Construct from data asset -  0.000 s
[2019.03.28-00.04.43:207][  0]LogStats: UGameplayTagsManager::ConstructGameplayTagTree: GameplayTagTreeChangedEvent.Broadcast -  0.000 s
[2019.03.28-00.04.43:420][  0]LogAIModule: Creating AISystem for world Untitled
[2019.03.28-00.04.43:466][  0]LogInit: XAudio2 using 'Altoparlanti (Realtek High Definition Audio)' : 2 channels at 48 kHz using 32 bits per sample (channel mask 0x3)
[2019.03.28-00.04.43:521][  0]LogInit: FAudioDevice initialized.
[2019.03.28-00.04.43:665][  0]LogDerivedDataCache: Saved boot cache 0.14s 74MB C:/Users/Thomas/AppData/Local/UnrealEngine/4.19/DerivedDataCache/Boot.ddc.
[2019.03.28-00.04.43:674][  0]LogInit: Texture streaming: Enabled
[2019.03.28-00.04.43:695][  0]LogEngineSessionManager: EngineSessionManager initialized
[2019.03.28-00.04.43:711][  0]LogInit: Transaction tracking system initialized
[2019.03.28-00.04.43:740][  0]BlueprintLog: New page: Editor Load
[2019.03.28-00.04.43:828][  0]LocalizationService: Localization service is disabled
[2019.03.28-00.04.43:955][  0]LogConsoleResponse: Display: 
[2019.03.28-00.04.44:097][  0]LogCook: Display: Max memory allowance for cook 16384mb min free memory 0mb
[2019.03.28-00.04.44:097][  0]LogCook: Display: Mobile HDR setting 1
[2019.03.28-00.04.44:097][  0]LogGameplayTags: Display: UGameplayTagsManager::DoneAddingNativeTags. DelegateIsBound: 0
[2019.03.28-00.04.44:097][  0]LogStats: UGameplayTagsManager::ConstructGameplayTagTree: Construct from data asset -  0.000 s
[2019.03.28-00.04.44:097][  0]LogStats: UGameplayTagsManager::ConstructGameplayTagTree: GameplayTagTreeChangedEvent.Broadcast -  0.000 s
[2019.03.28-00.04.44:549][  0]LogFileCache: Scanning file cache for directory 'D:/UE4Project/ProjectThief/Content/' took 0.01s
[2019.03.28-00.04.44:549][  0]SourceControl: Source control is disabled
[2019.03.28-00.04.44:549][  0]Cmd: MAP LOAD FILE="../../../Engine/Content/Maps/Templates/Template_Default.umap" TEMPLATE=1 SHOWPROGRESS=1 FEATURELEVEL=3
[2019.03.28-00.04.44:549][  0]LightingResults: New page: Lighting Build
[2019.03.28-00.04.44:552][  0]MapCheck: New page: Map Check
[2019.03.28-00.04.44:552][  0]LightingResults: New page: Lighting Build
[2019.03.28-00.04.44:770][  0]LogAIModule: Creating AISystem for world Untitled_1
[2019.03.28-00.04.44:775][  0]LogEditorServer: Finished looking for orphan Actors (0.000 secs)
[2019.03.28-00.04.44:785][  0]Cmd: MAP CHECKDEP NOCLEARLOG
[2019.03.28-00.04.44:852][  0]MapCheck: Map check complete: 0 Error(s), 0 Warning(s), took 67,138ms to complete.
[2019.03.28-00.04.44:852][  0]LogFileHelpers: Loading map 'Template_Default' took 0.303
[2019.03.28-00.04.45:061][  0]LogCollectionManager: Loaded 0 collections in 0.002266 seconds
[2019.03.28-00.04.45:105][  0]LogFileCache: Scanning file cache for directory 'D:/UE4Project/ProjectThief/Saved/Collections/' took 0.01s
[2019.03.28-00.04.45:105][  0]LogFileCache: Scanning file cache for directory 'D:/UE4Project/ProjectThief/Content/Developers/Thomas/Collections/' took 0.01s
[2019.03.28-00.04.45:105][  0]LogFileCache: Scanning file cache for directory 'D:/UE4Project/ProjectThief/Content/Collections/' took 0.01s
[2019.03.28-00.04.45:105][  0]LogCollectionManager: Rebuilt the GUID cache for 0 collections in 0.000000 seconds
[2019.03.28-00.04.45:117][  0]LogContentBrowser: Native class hierarchy populated in 0.0116 seconds. Added 2467 classes and 566 folders.
[2019.03.28-00.04.45:127][  0]LogContentBrowser: Native class hierarchy updated for 'WidgetCarousel' in 0.0003 seconds. Added 0 classes and 0 folders.
[2019.03.28-00.04.45:187][  0]LogContentBrowser: Native class hierarchy updated for 'AddContentDialog' in 0.0003 seconds. Added 0 classes and 0 folders.
[2019.03.28-00.04.45:206][  0]LogSlate: Took 0.000222 seconds to synchronously load lazily loaded font '../../../Engine/Content/Slate/Fonts/Roboto-Regular.ttf' (155K)
[2019.03.28-00.04.45:209][  0]LogSlate: Took 0.000322 seconds to synchronously load lazily loaded font '../../../Engine/Content/Slate/Fonts/Roboto-Bold.ttf' (160K)
[2019.03.28-00.04.45:216][  0]LogSlate: Took 0.000244 seconds to synchronously load lazily loaded font '../../../Engine/Content/Editor/Slate/Fonts/FontAwesome.ttf' (139K)
[2019.03.28-00.04.45:315][  0]LogRenderer: Reallocating scene render targets to support 996x688 Format 10 NumSamples 1 (Frame:1).
[2019.03.28-00.04.45:446][  0]LogContentBrowser: Native class hierarchy updated for 'HierarchicalLODOutliner' in 0.0003 seconds. Added 0 classes and 0 folders.
[2019.03.28-00.04.45:446][  0]LogLoad: (Engine Initialization) Total time: 12.48 seconds
[2019.03.28-00.04.45:446][  0]LogLoad: (Engine Initialization) Total Blueprint compile time: 0.00 seconds
[2019.03.28-00.04.45:806][  0]LogContentStreaming: Texture pool size now 1000 MB
[2019.03.28-00.04.45:847][  1]LogSubstanceLiveLink: Warning: Unable to send data along socket, closing connection
[2019.03.28-00.04.46:126][  1]LogAssetRegistry: Asset discovery search completed in 7.1166 seconds
[2019.03.28-00.04.46:127][  1]LogCollectionManager: Rebuilt the object cache for 0 collections in 0.000000 seconds (found 0 objects)
[2019.03.28-00.04.46:127][  1]LogCollectionManager: Fixed up redirectors for 0 collections in 0.000062 seconds (updated 0 objects)
[2019.03.28-00.04.46:788][  3]LogSlate: Took 0.000281 seconds to synchronously load lazily loaded font '../../../Engine/Content/Slate/Fonts/Roboto-Light.ttf' (167K)
[2019.03.28-00.06.06:782][243]LogSlate: FSceneViewport::OnFocusLost() reason 0
[2019.03.28-00.06.06:782][243]LogSlate: Window 'Message Log' being destroyed
[2019.03.28-00.06.06:785][243]LogSlate: Window 'Message Log' being destroyed
[2019.03.28-00.06.09:103][518]LogSlate: FSceneViewport::OnFocusLost() reason 0
[2019.03.28-00.06.09:194][528]LogContentBrowser: Verbose: The majority of assets in the view are of type: World
[2019.03.28-00.06.10:779][714]LogUObjectGlobals: Created PersistentFrame Addr=0x0000019f60c57fc0, Size=64, Default__ThirdPerson_AnimBP_C Function /Game/Mannequin/Animations/ThirdPerson_AnimBP.ThirdPerson_AnimBP_C:ExecuteUbergraph_ThirdPerson_AnimBP
[2019.03.28-00.06.10:788][714]LogUObjectGlobals: Destroyed PersistentFrame Addr=0x0000019f60c57fc0, Size=64
[2019.03.28-00.06.10:788][714]LogUObjectGlobals: Created PersistentFrame Addr=0x0000019f60c55b80, Size=64, Default__ThirdPerson_AnimBP_C Function /Engine/Transient.REINST_ThirdPerson_AnimBP_C_0:ExecuteUbergraph_ThirdPerson_AnimBP
[2019.03.28-00.06.10:796][714]LogUObjectGlobals: Created PersistentFrame Addr=0x0000019f4994da40, Size=64, Default__ThirdPerson_AnimBP_C Function /Game/Mannequin/Animations/ThirdPerson_AnimBP.ThirdPerson_AnimBP_C:ExecuteUbergraph_ThirdPerson_AnimBP
[2019.03.28-00.06.10:835][714]LogUObjectGlobals: Created PersistentFrame Addr=0x0000019f4f57f880, Size=552, Default__BP_Player_C Function /Game/Blueprints/Player/BP_player.BP_Player_C:ExecuteUbergraph_BP_Player
[2019.03.28-00.06.10:839][714]LogUObjectGlobals: Destroyed PersistentFrame Addr=0x0000019f4f57f880, Size=552
[2019.03.28-00.06.10:839][714]LogUObjectGlobals: Created PersistentFrame Addr=0x0000019f4f57f880, Size=552, Default__BP_Player_C Function /Engine/Transient.REINST_BP_Player_C_6:ExecuteUbergraph_BP_Player
[2019.03.28-00.06.10:842][714]LogUObjectGlobals: Created PersistentFrame Addr=0x0000019f4f57df80, Size=552, Default__BP_Player_C Function /Game/Blueprints/Player/BP_player.BP_Player_C:ExecuteUbergraph_BP_Player
[2019.03.28-00.06.10:850][714]LogUObjectGlobals: Created PersistentFrame Addr=0x0000019f4d025200, Size=256, Default__BP_PlayerController_C Function /Game/Blueprints/Player/BP_PlayerController.BP_PlayerController_C:ExecuteUbergraph_BP_PlayerController
[2019.03.28-00.06.10:853][714]LogUObjectGlobals: Destroyed PersistentFrame Addr=0x0000019f4d025200, Size=256
[2019.03.28-00.06.10:853][714]LogUObjectGlobals: Created PersistentFrame Addr=0x0000019f4d025200, Size=256, Default__BP_PlayerController_C Function /Engine/Transient.REINST_BP_PlayerController_C_8:ExecuteUbergraph_BP_PlayerController
[2019.03.28-00.06.10:857][714]LogUObjectGlobals: Created PersistentFrame Addr=0x0000019f4ee8ca00, Size=256, Default__BP_PlayerController_C Function /Game/Blueprints/Player/BP_PlayerController.BP_PlayerController_C:ExecuteUbergraph_BP_PlayerController
[2019.03.28-00.06.10:979][714]LogSkeletalMesh: Skeletal Mesh found in DDC [11.714300ms] /Game/Mannequin/Character/Mesh/SK_Mannequin.SK_Mannequin
[2019.03.28-00.06.11:010][714]LogAIModule: Creating AISystem for world FirstLevel
[2019.03.28-00.06.11:035][714]LogUObjectGlobals: Destroyed PersistentFrame Addr=0x0000019f4d025200, Size=256
[2019.03.28-00.06.11:036][714]LogUObjectGlobals: Destroyed PersistentFrame Addr=0x0000019f4f57f880, Size=552
[2019.03.28-00.06.11:036][714]LogUObjectGlobals: Destroyed PersistentFrame Addr=0x0000019f60c55b80, Size=64
[2019.03.28-00.06.11:037][714]Cmd: MAP LOAD FILE="D:/UE4Project/ProjectThief/Content/Levels/FirstLevel.umap" TEMPLATE=0 SHOWPROGRESS=1 FEATURELEVEL=3
[2019.03.28-00.06.11:037][714]LightingResults: New page: Lighting Build
[2019.03.28-00.06.11:038][714]LoadErrors: New page: Loading map: FirstLevel.umap
[2019.03.28-00.06.11:039][714]MapCheck: New page: Map Check
[2019.03.28-00.06.11:039][714]LightingResults: New page: Lighting Build
[2019.03.28-00.06.11:152][714]LogEditorServer: Finished looking for orphan Actors (0.000 secs)
[2019.03.28-00.06.11:187][714]Cmd: MAP CHECKDEP NOCLEARLOG
[2019.03.28-00.06.11:259][714]MapCheck: Map check complete: 0 Error(s), 0 Warning(s), took 72,476ms to complete.
[2019.03.28-00.06.11:261][714]LogFileHelpers: Loading map 'FirstLevel' took 0.224
[2019.03.28-00.06.16:378][321]LogSlate: FSceneViewport::OnFocusLost() reason 0
[2019.03.28-00.06.16:765][329]LogContentBrowser: Native class hierarchy updated for 'BlueprintGraph' in 0.0008 seconds. Added 116 classes and 0 folders.
[2019.03.28-00.06.17:097][329]LogUObjectGlobals: Created PersistentFrame Addr=0x0000019f53cea2e0, Size=4, Default__SKEL_PROTO_BP_AnimBlueprint_0_C Function /Engine/Transient.SKEL_PROTO_BP_AnimBlueprint_0_C:ExecuteUbergraph_PROTO_BP_AnimBlueprint_0
[2019.03.28-00.06.17:098][329]LogUObjectGlobals: Created PersistentFrame Addr=0x0000019f53cea2d8, Size=4, Default__PROTO_BP_AnimBlueprint_0_C Function /Engine/Transient.PROTO_BP_AnimBlueprint_0_C:ExecuteUbergraph_PROTO_BP_AnimBlueprint_0
[2019.03.28-00.06.17:898][329]LogSlate: Took 0.000250 seconds to synchronously load lazily loaded font '../../../Engine/Content/Slate/Fonts/Roboto-BoldCondensed.ttf' (158K)
[2019.03.28-00.06.18:002][330]LogSlate: Took 0.000224 seconds to synchronously load lazily loaded font '../../../Engine/Content/Slate/Fonts/Roboto-Italic.ttf' (157K)
[2019.03.28-00.06.21:081][559]LogSlate: Window 'BP_PlayerController' being destroyed
[2019.03.28-00.06.21:085][559]LogActorComponent: UnregisterComponent: (/Engine/Transient.EditorFloorComp) Not registered. Aborting.
[2019.03.28-00.06.26:541][202]LogSlate: FSceneViewport::OnFocusLost() reason 0
[2019.03.28-00.06.26:983][255]LogTemp: Repeating last play command: Selected Viewport
[2019.03.28-00.06.27:005][255]LogPlayLevel: PlayLevel: No blueprints needed recompiling
[2019.03.28-00.06.27:005][255]PIE: New page: PIE session: FirstLevel (28/mar/2019 02:06:27)
[2019.03.28-00.06.27:005][255]LogPlayLevel: Creating play world package: /Game/Levels/UEDPIE_0_FirstLevel
[2019.03.28-00.06.27:027][255]LogPlayLevel: PIE: StaticDuplicateObject took: (0.021988s)
[2019.03.28-00.06.27:028][255]LogAIModule: Creating AISystem for world FirstLevel
[2019.03.28-00.06.27:028][255]LogPlayLevel: PIE: World Init took: (0.000690s)
[2019.03.28-00.06.27:028][255]LogPlayLevel: PIE: Created PIE world by copying editor world from /Game/Levels/FirstLevel.FirstLevel to /Game/Levels/UEDPIE_0_FirstLevel.FirstLevel (0.022857s)
[2019.03.28-00.06.27:077][255]LogInit: XAudio2 using 'Altoparlanti (Realtek High Definition Audio)' : 2 channels at 48 kHz using 32 bits per sample (channel mask 0x3)
[2019.03.28-00.06.27:125][255]LogInit: FAudioDevice initialized.
[2019.03.28-00.06.27:168][255]LogLoad: Game class is 'BaseGameMode_C'
[2019.03.28-00.06.27:172][255]LogWorld: Bringing World /Game/Levels/UEDPIE_0_FirstLevel.FirstLevel up for play (max tick rate 0) at 2019.03.28-01.06.27
[2019.03.28-00.06.27:172][255]LogWorld: Bringing up level for play took: 0.002767
[2019.03.28-00.06.27:176][255]LogContentBrowser: Native class hierarchy updated for 'MovieSceneCapture' in 0.0004 seconds. Added 11 classes and 0 folders.
[2019.03.28-00.06.27:177][255]PIE: Play in editor start time for /Game/Levels/UEDPIE_0_FirstLevel -0,237
[2019.03.28-00.06.31:383][744]LogSlate: FSceneViewport::OnFocusLost() reason 0
[2019.03.28-00.06.31:560][755]LogSlate: Window 'ProjectThief - Unreal Editor' being destroyed
[2019.03.28-00.06.31:561][755]LogWindowsTextInputMethodSystem: Display: IME system now deactivated.
[2019.03.28-00.06.31:738][756]Cmd: QUIT_EDITOR
[2019.03.28-00.06.32:066][756]LogSlate: Slate User Destroyed.  User Index 0, Is Virtual User: 0
[2019.03.28-00.06.32:066][756]LogExit: Preparing to exit.
[2019.03.28-00.06.32:774][756]LogExit: Editor shut down
[2019.03.28-00.06.32:778][756]LogExit: Transaction tracking system shut down
[2019.03.28-00.06.32:779][756]LogUObjectGlobals: Destroyed PersistentFrame Addr=0x0000019f4f57df80, Size=552
[2019.03.28-00.06.32:779][756]LogUObjectGlobals: Destroyed PersistentFrame Addr=0x0000019f4994da40, Size=64
[2019.03.28-00.06.32:779][756]LogUObjectGlobals: Destroyed PersistentFrame Addr=0x0000019f4ee8ca00, Size=256
[2019.03.28-00.06.32:781][756]LogUObjectGlobals: Destroyed PersistentFrame Addr=0x0000019f53cea2e0, Size=4
[2019.03.28-00.06.32:781][756]LogUObjectGlobals: Destroyed PersistentFrame Addr=0x0000019f53cea2d8, Size=4
[2019.03.28-00.06.32:913][756]LogDirectoryWatcher: A directory notification for '../../../Engine/Content/' was aborted.
[2019.03.28-00.06.32:913][756]LogDirectoryWatcher: A directory notification for 'D:/UE4Project/ProjectThief/Content/' was aborted.
[2019.03.28-00.06.32:913][756]LogDirectoryWatcher: A directory notification for '../../Plugins/2D/Paper2D/Content/' was aborted.
[2019.03.28-00.06.32:913][756]LogDirectoryWatcher: A directory notification for '../../Plugins/Enterprise/DatasmithContent/Content/' was aborted.
[2019.03.28-00.06.32:913][756]LogDirectoryWatcher: A directory notification for '../../Plugins/Media/MediaCompositing/Content/' was aborted.
[2019.03.28-00.06.32:913][756]LogDirectoryWatcher: A directory notification for '../../Plugins/Runtime/AppleARKit/Content/' was aborted.
[2019.03.28-00.06.32:913][756]LogDirectoryWatcher: A directory notification for '../../Plugins/Runtime/Oculus/OculusVR/Content/' was aborted.
[2019.03.28-00.06.32:913][756]LogDirectoryWatcher: A directory notification for '../../Plugins/Runtime/Steam/SteamVR/Content/' was aborted.
[2019.03.28-00.06.33:020][756]LogExit: Object subsystem successfully closed.
[2019.03.28-00.06.33:050][756]LogShaderCompilers: Display: Shaders left to compile 0
[2019.03.28-00.06.33:054][756]LogD3D11RHI: Shutdown
[2019.03.28-00.06.33:054][756]LogD3D11RHI: CleanupD3DDevice
[2019.03.28-00.06.33:056][756]LogD3D11RHI: ~FD3D11DynamicRHI
[2019.03.28-00.06.33:081][756]LogModuleManager: Shutting down and abandoning module MovieSceneCapture (588)
[2019.03.28-00.06.33:081][756]LogModuleManager: Shutting down and abandoning module BlueprintGraph (586)
[2019.03.28-00.06.33:081][756]LogModuleManager: Shutting down and abandoning module HierarchicalLODOutliner (584)
[2019.03.28-00.06.33:081][756]LogModuleManager: Shutting down and abandoning module AddContentDialog (582)
[2019.03.28-00.06.33:081][756]LogDirectoryWatcher: A directory notification for 'C:/Program Files (x86)/UE_4.19/FeaturePacks/' was aborted.
[2019.03.28-00.06.33:084][756]LogModuleManager: Shutting down and abandoning module WidgetCarousel (581)
[2019.03.28-00.06.33:084][756]LogModuleManager: Shutting down and abandoning module EditorWidgets (578)
[2019.03.28-00.06.33:084][756]LogModuleManager: Shutting down and abandoning module CollectionManager (576)
[2019.03.28-00.06.33:084][756]LogDirectoryWatcher: A directory notification for 'D:/UE4Project/ProjectThief/Content/Collections/' was aborted.
[2019.03.28-00.06.33:084][756]LogDirectoryWatcher: A directory notification for 'D:/UE4Project/ProjectThief/Content/Developers/Thomas/Collections/' was aborted.
[2019.03.28-00.06.33:084][756]LogDirectoryWatcher: A directory notification for 'D:/UE4Project/ProjectThief/Saved/Collections/' was aborted.
[2019.03.28-00.06.33:084][756]LogModuleManager: Shutting down and abandoning module SceneOutliner (574)
[2019.03.28-00.06.33:084][756]LogModuleManager: Shutting down and abandoning module HierarchicalLODUtilities (572)
[2019.03.28-00.06.33:084][756]LogModuleManager: Shutting down and abandoning module StatsViewer (570)
[2019.03.28-00.06.33:084][756]LogModuleManager: Shutting down and abandoning module FoliageEdit (568)
[2019.03.28-00.06.33:084][756]LogModuleManager: Shutting down and abandoning module LandscapeEditor (566)
[2019.03.28-00.06.33:084][756]LogModuleManager: Shutting down and abandoning module MeshPaintMode (564)
[2019.03.28-00.06.33:084][756]LogModuleManager: Shutting down and abandoning module SceneDepthPickerMode (562)
[2019.03.28-00.06.33:084][756]LogModuleManager: Shutting down and abandoning module ActorPickerMode (560)
[2019.03.28-00.06.33:084][756]LogModuleManager: Shutting down and abandoning module GeometryMode (558)
[2019.03.28-00.06.33:084][756]LogModuleManager: Shutting down and abandoning module TextureAlignMode (556)
[2019.03.28-00.06.33:084][756]LogModuleManager: Shutting down and abandoning module BspMode (554)
[2019.03.28-00.06.33:084][756]LogModuleManager: Shutting down and abandoning module PIEPreviewDeviceProfileSelector (552)
[2019.03.28-00.06.33:084][756]LogModuleManager: Shutting down and abandoning module HardwareSurvey (550)
[2019.03.28-00.06.33:084][756]LogModuleManager: Shutting down and abandoning module SequenceRecorderSections (548)
[2019.03.28-00.06.33:084][756]LogModuleManager: Shutting down and abandoning module AutomationWorker (546)
[2019.03.28-00.06.33:084][756]LogModuleManager: Shutting down and abandoning module AudioCaptureEditor (544)
[2019.03.28-00.06.33:084][756]LogModuleManager: Shutting down and abandoning module SequenceRecorder (543)
[2019.03.28-00.06.33:084][756]LogModuleManager: Shutting down and abandoning module MatineeToLevelSequence (540)
[2019.03.28-00.06.33:085][756]LogModuleManager: Shutting down and abandoning module LevelSequenceEditor (538)
[2019.03.28-00.06.33:085][756]LogModuleManager: Shutting down and abandoning module PlacementMode (537)
[2019.03.28-00.06.33:085][756]LogModuleManager: Shutting down and abandoning module MaterialEditor (536)
[2019.03.28-00.06.33:085][756]LogModuleManager: Shutting down and abandoning module WmfMediaFactory (532)
[2019.03.28-00.06.33:085][756]LogModuleManager: Shutting down and abandoning module WmfMediaEditor (530)
[2019.03.28-00.06.33:085][756]LogModuleManager: Shutting down and abandoning module MediaPlayerEditor (528)
[2019.03.28-00.06.33:085][756]LogModuleManager: Shutting down and abandoning module OpenExrWrapper (526)
[2019.03.28-00.06.33:085][756]LogModuleManager: Shutting down and abandoning module ImgMediaFactory (524)
[2019.03.28-00.06.33:085][756]LogModuleManager: Shutting down and abandoning module ImgMediaEditor (522)
[2019.03.28-00.06.33:085][756]LogModuleManager: Shutting down and abandoning module AvfMediaFactory (520)
[2019.03.28-00.06.33:085][756]LogModuleManager: Shutting down and abandoning module AvfMediaEditor (518)
[2019.03.28-00.06.33:085][756]LogModuleManager: Shutting down and abandoning module AndroidMediaFactory (516)
[2019.03.28-00.06.33:085][756]LogModuleManager: Shutting down and abandoning module AndroidMediaEditor (514)
[2019.03.28-00.06.33:085][756]LogModuleManager: Shutting down and abandoning module CharacterAI (512)
[2019.03.28-00.06.33:085][756]LogModuleManager: Shutting down and abandoning module SmartSnapping (510)
[2019.03.28-00.06.33:085][756]LogModuleManager: Shutting down and abandoning module SessionServices (508)
[2019.03.28-00.06.33:085][756]LogModuleManager: Shutting down and abandoning module ViewportSnapping (506)
[2019.03.28-00.06.33:085][756]LogModuleManager: Shutting down and abandoning module ViewportInteraction (504)
[2019.03.28-00.06.33:085][756]LogModuleManager: Shutting down and abandoning module ClothPainter (502)
[2019.03.28-00.06.33:085][756]LogModuleManager: Shutting down and abandoning module SkeletalMeshEditor (501)
[2019.03.28-00.06.33:085][756]LogModuleManager: Shutting down and abandoning module LogVisualizer (498)
[2019.03.28-00.06.33:085][756]LogModuleManager: Shutting down and abandoning module IntroTutorials (496)
[2019.03.28-00.06.33:085][756]LogModuleManager: Shutting down and abandoning module GameProjectGeneration (495)
[2019.03.28-00.06.33:085][756]LogModuleManager: Shutting down and abandoning module IOSPlatformEditor (492)
[2019.03.28-00.06.33:085][756]LogModuleManager: Shutting down and abandoning module HTML5PlatformEditor (490)
[2019.03.28-00.06.33:085][756]LogModuleManager: Shutting down and abandoning module AndroidPlatformEditor (488)
[2019.03.28-00.06.33:085][756]LogModuleManager: Shutting down and abandoning module AndroidDeviceDetection (487)
[2019.03.28-00.06.33:934][756]LogModuleManager: Shutting down and abandoning module WindowsPlatformEditor (484)
[2019.03.28-00.06.33:934][756]LogModuleManager: Shutting down and abandoning module IOSRuntimeSettings (482)
[2019.03.28-00.06.33:934][756]LogModuleManager: Shutting down and abandoning module AndroidRuntimeSettings (480)
[2019.03.28-00.06.33:934][756]LogModuleManager: Shutting down and abandoning module InputBindingEditor (478)
[2019.03.28-00.06.33:934][756]LogModuleManager: Shutting down and abandoning module MergeActors (476)
[2019.03.28-00.06.33:934][756]LogModuleManager: Shutting down and abandoning module LocalizationDashboard (474)
[2019.03.28-00.06.33:934][756]LogModuleManager: Shutting down and abandoning module LocalizationService (473)
[2019.03.28-00.06.33:934][756]LogModuleManager: Shutting down and abandoning module HardwareTargeting (470)
[2019.03.28-00.06.33:934][756]LogModuleManager: Shutting down and abandoning module DeviceProfileEditor (468)
[2019.03.28-00.06.33:935][756]LogModuleManager: Shutting down and abandoning module UndoHistory (466)
[2019.03.28-00.06.33:935][756]LogModuleManager: Shutting down and abandoning module XmlParser (464)
[2019.03.28-00.06.33:935][756]LogModuleManager: Shutting down and abandoning module Blutility (462)
[2019.03.28-00.06.33:935][756]LogModuleManager: Shutting down and abandoning module ProjectSettingsViewer (460)
[2019.03.28-00.06.33:935][756]LogModuleManager: Shutting down and abandoning module ProjectTargetPlatformEditor (459)
[2019.03.28-00.06.33:935][756]LogModuleManager: Shutting down and abandoning module EditorSettingsViewer (456)
[2019.03.28-00.06.33:935][756]LogModuleManager: Shutting down and abandoning module SettingsEditor (454)
[2019.03.28-00.06.33:935][756]LogModuleManager: Shutting down and abandoning module ProjectLauncher (452)
[2019.03.28-00.06.33:935][756]LogModuleManager: Shutting down and abandoning module SessionFrontend (450)
[2019.03.28-00.06.33:935][756]LogModuleManager: Shutting down and abandoning module ProfilerClient (448)
[2019.03.28-00.06.33:935][756]LogModuleManager: Shutting down and abandoning module DeviceManager (446)
[2019.03.28-00.06.33:935][756]LogModuleManager: Shutting down and abandoning module TargetDeviceServices (445)
[2019.03.28-00.06.33:990][756]LogModuleManager: Shutting down and abandoning module AutomationController (442)
[2019.03.28-00.06.33:990][756]LogModuleManager: Shutting down and abandoning module AutomationWindow (440)
[2019.03.28-00.06.33:990][756]LogModuleManager: Shutting down and abandoning module Layers (438)
[2019.03.28-00.06.33:990][756]LogModuleManager: Shutting down and abandoning module ComponentVisualizers (436)
[2019.03.28-00.06.33:990][756]LogModuleManager: Shutting down and abandoning module DetailCustomizations (434)
[2019.03.28-00.06.33:990][756]LogModuleManager: Shutting down and abandoning module PackagesDialog (432)
[2019.03.28-00.06.33:990][756]LogModuleManager: Shutting down and abandoning module Persona (430)
[2019.03.28-00.06.33:990][756]LogModuleManager: Shutting down and abandoning module AdvancedPreviewScene (429)
[2019.03.28-00.06.33:990][756]LogModuleManager: Shutting down and abandoning module AnimGraph (427)
[2019.03.28-00.06.33:990][756]LogModuleManager: Shutting down and abandoning module Kismet (424)
[2019.03.28-00.06.33:996][756]LogModuleManager: Shutting down and abandoning module GraphEditor (422)
[2019.03.28-00.06.33:996][756]LogModuleManager: Shutting down and abandoning module ClassViewer (420)
[2019.03.28-00.06.33:996][756]LogModuleManager: Shutting down and abandoning module Toolbox (418)
[2019.03.28-00.06.33:996][756]LogModuleManager: Shutting down and abandoning module ModuleUI (416)
[2019.03.28-00.06.33:996][756]LogModuleManager: Shutting down and abandoning module MovieSceneTools (414)
[2019.03.28-00.06.33:996][756]LogModuleManager: Shutting down and abandoning module OutputLog (412)
[2019.03.28-00.06.33:996][756]LogModuleManager: Shutting down and abandoning module GammaUI (410)
[2019.03.28-00.06.33:996][756]LogModuleManager: Shutting down and abandoning module Documentation (408)
[2019.03.28-00.06.33:996][756]LogModuleManager: Shutting down and abandoning module MovieSceneTracks (406)
[2019.03.28-00.06.33:996][756]LogModuleManager: Shutting down and abandoning module MovieScene (404)
[2019.03.28-00.06.33:996][756]LogModuleManager: Shutting down and abandoning module StreamingPauseRendering (402)
[2019.03.28-00.06.33:996][756]LogModuleManager: Shutting down and abandoning module LauncherPlatform (400)
[2019.03.28-00.06.33:996][756]LogModuleManager: Shutting down and abandoning module AnalyticsET (398)
[2019.03.28-00.06.33:996][756]LogModuleManager: Shutting down and abandoning module PortalServices (396)
[2019.03.28-00.06.33:996][756]LogModuleManager: Shutting down and abandoning module PortalRpc (394)
[2019.03.28-00.06.33:996][756]LogModuleManager: Shutting down and abandoning module MessagingRpc (392)
[2019.03.28-00.06.33:996][756]LogModuleManager: Shutting down and abandoning module AIModule (390)
[2019.03.28-00.06.33:996][756]LogModuleManager: Shutting down and abandoning module GameplayDebugger (389)
[2019.03.28-00.06.33:996][756]LogModuleManager: Shutting down and abandoning module AITestSuite (387)
[2019.03.28-00.06.33:996][756]LogModuleManager: Shutting down and abandoning module DesktopPlatform (384)
[2019.03.28-00.06.33:996][756]LogModuleManager: Shutting down and abandoning module ProfilerService (382)
[2019.03.28-00.06.34:216][756]LogModuleManager: Shutting down and abandoning module TaskGraph (380)
[2019.03.28-00.06.34:216][756]LogModuleManager: Shutting down and abandoning module SubstanceLiveLink (378)
[2019.03.28-00.06.34:216][756]LogModuleManager: Shutting down and abandoning module SubstanceSource (376)
[2019.03.28-00.06.34:216][756]LogModuleManager: Shutting down and abandoning module SubstanceEditor (374)
[2019.03.28-00.06.34:216][756]LogModuleManager: Shutting down and abandoning module SteamVRController (372)
[2019.03.28-00.06.34:216][756]LogModuleManager: Shutting down and abandoning module ProceduralMeshComponentEditor (370)
[2019.03.28-00.06.34:217][756]LogModuleManager: Shutting down and abandoning module ProceduralMeshComponent (368)
[2019.03.28-00.06.34:217][756]LogModuleManager: Shutting down and abandoning module OculusInput (366)
[2019.03.28-00.06.34:217][756]LogModuleManager: Shutting down and abandoning module MobilePatchingUtils (364)
[2019.03.28-00.06.34:217][756]LogModuleManager: Shutting down and abandoning module CustomMeshComponent (362)
[2019.03.28-00.06.34:217][756]LogModuleManager: Shutting down and abandoning module CableComponent (360)
[2019.03.28-00.06.34:217][756]LogModuleManager: Shutting down and abandoning module AudioCapture (358)
[2019.03.28-00.06.34:217][756]LogModuleManager: Shutting down and abandoning module ArchVisCharacter (356)
[2019.03.28-00.06.34:217][756]LogModuleManager: Shutting down and abandoning module AndroidPermission (354)
[2019.03.28-00.06.34:217][756]LogModuleManager: Shutting down and abandoning module NUTUnrealEngine4 (350)
[2019.03.28-00.06.34:217][756]LogModuleManager: Shutting down and abandoning module NetcodeUnitTest (348)
[2019.03.28-00.06.34:217][756]LogModuleManager: Shutting down and abandoning module MediaCompositingEditor (346)
[2019.03.28-00.06.34:217][756]LogModuleManager: Shutting down and abandoning module MediaCompositing (344)
[2019.03.28-00.06.34:217][756]LogModuleManager: Shutting down and abandoning module LinearTimecode (342)
[2019.03.28-00.06.34:217][756]LogModuleManager: Shutting down and abandoning module ImgMedia (340)
[2019.03.28-00.06.34:220][756]LogModuleManager: Shutting down and abandoning module HTML5Networking (338)
[2019.03.28-00.06.34:220][756]LogModuleManager: Shutting down and abandoning module AlembicImporter (336)
[2019.03.28-00.06.34:220][756]LogModuleManager: Shutting down and abandoning module AlembicLibrary (335)
[2019.03.28-00.06.34:220][756]LogModuleManager: Shutting down and abandoning module GeometryCache (334)
[2019.03.28-00.06.34:220][756]LogModuleManager: Shutting down and abandoning module GeometryCacheEd (333)
[2019.03.28-00.06.34:220][756]LogModuleManager: Shutting down and abandoning module DatasmithContent (328)
[2019.03.28-00.06.34:220][756]LogModuleManager: Shutting down and abandoning module SpeedTreeImporter (326)
[2019.03.28-00.06.34:220][756]LogModuleManager: Shutting down and abandoning module PluginBrowser (324)
[2019.03.28-00.06.34:220][756]LogModuleManager: Shutting down and abandoning module MobileLauncherProfileWizard (322)
[2019.03.28-00.06.34:220][756]LogModuleManager: Shutting down and abandoning module CryptoKeysOpenSSL (320)
[2019.03.28-00.06.34:220][756]LogModuleManager: Shutting down and abandoning module CryptoKeys (318)
[2019.03.28-00.06.34:220][756]LogModuleManager: Shutting down and abandoning module VisualStudioSourceCodeAccess (316)
[2019.03.28-00.06.34:220][756]LogModuleManager: Shutting down and abandoning module VisualStudioCodeSourceCodeAccess (314)
[2019.03.28-00.06.34:220][756]LogModuleManager: Shutting down and abandoning module UObjectPlugin (312)
[2019.03.28-00.06.34:220][756]LogModuleManager: Shutting down and abandoning module SubversionSourceControl (310)
[2019.03.28-00.06.34:220][756]LogModuleManager: Shutting down and abandoning module PerforceSourceControl (308)
[2019.03.28-00.06.34:220][756]LogModuleManager: Shutting down and abandoning module GitSourceControl (306)
[2019.03.28-00.06.34:220][756]LogModuleManager: Shutting down and abandoning module SourceControl (305)
[2019.03.28-00.06.34:220][756]LogModuleManager: Shutting down and abandoning module CLionSourceCodeAccess (302)
[2019.03.28-00.06.34:221][756]LogModuleManager: Shutting down and abandoning module LightPropagationVolumeEditor (300)
[2019.03.28-00.06.34:221][756]LogModuleManager: Shutting down and abandoning module PaperTiledImporter (298)
[2019.03.28-00.06.34:221][756]LogModuleManager: Shutting down and abandoning module PaperSpriteSheetImporter (296)
[2019.03.28-00.06.34:221][756]LogModuleManager: Shutting down and abandoning module Paper2DEditor (294)
[2019.03.28-00.06.34:221][756]LogModuleManager: Shutting down and abandoning module MeshPaint (293)
[2019.03.28-00.06.34:221][756]LogModuleManager: Shutting down and abandoning module RuntimePhysXCooking (290)
[2019.03.28-00.06.34:221][756]LogModuleManager: Shutting down and abandoning module PhysXVehiclesEditor (288)
[2019.03.28-00.06.34:221][756]LogModuleManager: Shutting down and abandoning module PhysXVehicles (286)
[2019.03.28-00.06.34:221][756]LogModuleManager: Shutting down and abandoning module OculusEditor (284)
[2019.03.28-00.06.34:221][756]LogModuleManager: Shutting down and abandoning module LocationServicesBPLibrary (282)
[2019.03.28-00.06.34:221][756]LogModuleManager: Shutting down and abandoning module ImmediatePhysicsEditor (280)
[2019.03.28-00.06.34:221][756]LogModuleManager: Shutting down and abandoning module ImmediatePhysics (278)
[2019.03.28-00.06.34:221][756]LogModuleManager: Shutting down and abandoning module ActorSequence (276)
[2019.03.28-00.06.34:221][756]LogModuleManager: Shutting down and abandoning module UdpMessaging (274)
[2019.03.28-00.06.34:322][756]LogModuleManager: Shutting down and abandoning module TcpMessaging (272)
[2019.03.28-00.06.34:424][756]LogModuleManager: Shutting down and abandoning module SubstanceCore (270)
[2019.03.28-00.06.34:424][756]LogModuleManager: Shutting down and abandoning module GameplayTagsEditor (268)
[2019.03.28-00.06.34:424][756]LogModuleManager: Shutting down and abandoning module FacialAnimationEditor (266)
[2019.03.28-00.06.34:424][756]LogModuleManager: Shutting down and abandoning module FacialAnimation (264)
[2019.03.28-00.06.34:424][756]LogModuleManager: Shutting down and abandoning module DataValidation (262)
[2019.03.28-00.06.34:424][756]LogModuleManager: Shutting down and abandoning module AssetManagerEditor (260)
[2019.03.28-00.06.34:424][756]LogModuleManager: Shutting down and abandoning module LevelEditor (259)
[2019.03.28-00.06.34:425][756]LogModuleManager: Shutting down and abandoning module PixelInspectorModule (258)
[2019.03.28-00.06.34:425][756]LogModuleManager: Shutting down and abandoning module CommonMenuExtensions (256)
[2019.03.28-00.06.34:425][756]LogModuleManager: Shutting down and abandoning module MainFrame (254)
[2019.03.28-00.06.34:425][756]LogModuleManager: Shutting down and abandoning module HotReload (253)
[2019.03.28-00.06.34:425][756]LogModuleManager: Shutting down and abandoning module ContentBrowser (249)
[2019.03.28-00.06.34:426][756]LogModuleManager: Shutting down and abandoning module TreeMap (247)
[2019.03.28-00.06.34:426][756]LogModuleManager: Shutting down and abandoning module LightPropagationVolumeRuntime (244)
[2019.03.28-00.06.34:426][756]LogModuleManager: Shutting down and abandoning module LiveLinkEditor (242)
[2019.03.28-00.06.34:426][756]LogModuleManager: Shutting down and abandoning module LiveLink (240)
[2019.03.28-00.06.35:331][756]LogModuleManager: Shutting down and abandoning module Paper2D (238)
[2019.03.28-00.06.35:331][756]LogModuleManager: Shutting down and abandoning module WindowsMoviePlayer (236)
[2019.03.28-00.06.35:331][756]LogModuleManager: Shutting down and abandoning module WmfMedia (234)
[2019.03.28-00.06.35:332][756]LogModuleManager: Shutting down and abandoning module Media (233)
[2019.03.28-00.06.35:338][756]LogModuleManager: Shutting down and abandoning module PacketHandler (230)
[2019.03.28-00.06.35:338][756]LogModuleManager: Shutting down and abandoning module ClothingSystemEditor (228)
[2019.03.28-00.06.35:338][756]LogModuleManager: Shutting down and abandoning module ClothingSystemRuntime (226)
[2019.03.28-00.06.35:338][756]LogModuleManager: Shutting down and abandoning module MediaAssets (224)
[2019.03.28-00.06.35:338][756]LogModuleManager: Shutting down and abandoning module Overlay (222)
[2019.03.28-00.06.35:338][756]LogModuleManager: Shutting down and abandoning module OverlayEditor (221)
[2019.03.28-00.06.35:338][756]LogModuleManager: Shutting down and abandoning module VREditor (218)
[2019.03.28-00.06.35:339][756]LogModuleManager: Shutting down and abandoning module StringTableEditor (216)
[2019.03.28-00.06.35:339][756]LogModuleManager: Shutting down and abandoning module GameplayTasksEditor (214)
[2019.03.28-00.06.35:339][756]LogModuleManager: Shutting down and abandoning module BehaviorTreeEditor (212)
[2019.03.28-00.06.35:339][756]LogModuleManager: Shutting down and abandoning module FunctionalTesting (210)
[2019.03.28-00.06.35:339][756]LogModuleManager: Shutting down and abandoning module CollisionAnalyzer (208)
[2019.03.28-00.06.35:339][756]LogModuleManager: Shutting down and abandoning module WorkspaceMenuStructure (207)
[2019.03.28-00.06.35:339][756]LogModuleManager: Shutting down and abandoning module UMG (204)
[2019.03.28-00.06.35:339][756]LogModuleManager: Shutting down and abandoning module UMGEditor (203)
[2019.03.28-00.06.35:339][756]LogModuleManager: Shutting down and abandoning module Sequencer (202)
[2019.03.28-00.06.35:339][756]LogModuleManager: Shutting down and abandoning module MessageLog (199)
[2019.03.28-00.06.35:339][756]LogModuleManager: Shutting down and abandoning module SlateReflector (194)
[2019.03.28-00.06.35:339][756]LogModuleManager: Shutting down and abandoning module Slate (192)
[2019.03.28-00.06.35:339][756]LogModuleManager: Shutting down and abandoning module EditorStyle (190)
[2019.03.28-00.06.35:341][756]LogModuleManager: Shutting down and abandoning module MRMesh (188)
[2019.03.28-00.06.35:341][756]LogModuleManager: Shutting down and abandoning module SourceCodeAccess (186)
[2019.03.28-00.06.35:341][756]LogModuleManager: Shutting down and abandoning module HeadMountedDisplay (184)
[2019.03.28-00.06.35:341][756]LogModuleManager: Shutting down and abandoning module XAudio2 (182)
[2019.03.28-00.06.35:341][756]LogModuleManager: Shutting down and abandoning module Networking (180)
[2019.03.28-00.06.35:341][756]LogModuleManager: Shutting down and abandoning module Core (178)
[2019.03.28-00.06.35:341][756]LogModuleManager: Shutting down and abandoning module LevelSequence (176)
[2019.03.28-00.06.35:341][756]LogModuleManager: Shutting down and abandoning module KismetCompiler (174)
[2019.03.28-00.06.35:341][756]LogModuleManager: Shutting down and abandoning module MeshUtilities (172)
[2019.03.28-00.06.35:341][756]LogModuleManager: Shutting down and abandoning module MeshMergeUtilities (171)
[2019.03.28-00.06.35:341][756]LogModuleManager: Shutting down and abandoning module MeshReductionInterface (170)
[2019.03.28-00.06.35:341][756]LogModuleManager: Shutting down and abandoning module SimplygonSwarm (169)
[2019.03.28-00.06.35:341][756]LogModuleManager: Shutting down and abandoning module SimplygonMeshReduction (167)
[2019.03.28-00.06.35:341][756]LogModuleManager: Shutting down and abandoning module QuadricMeshReduction (165)
[2019.03.28-00.06.35:341][756]LogModuleManager: Shutting down and abandoning module MaterialBaking (161)
[2019.03.28-00.06.35:341][756]LogModuleManager: Shutting down and abandoning module DirectoryWatcher (157)
[2019.03.28-00.06.35:342][756]LogModuleManager: Shutting down and abandoning module DerivedDataCache (154)
[2019.03.28-00.06.35:421][756]LogDerivedDataCache: Shutdown
[2019.03.28-00.06.35:421][756]LogModuleManager: Shutting down and abandoning module XGEController (152)
[2019.03.28-00.06.35:421][756]LogModuleManager: Shutting down and abandoning module TargetPlatform (150)
[2019.03.28-00.06.35:421][756]LogModuleManager: Shutting down and abandoning module VulkanShaderFormat (149)
[2019.03.28-00.06.35:421][756]LogModuleManager: Shutting down and abandoning module ShaderFormatVectorVM (147)
[2019.03.28-00.06.35:421][756]LogModuleManager: Shutting down and abandoning module ShaderFormatOpenGL (145)
[2019.03.28-00.06.35:421][756]LogModuleManager: Shutting down and abandoning module ShaderFormatD3D (143)
[2019.03.28-00.06.35:421][756]LogModuleManager: Shutting down and abandoning module MetalShaderFormat (141)
[2019.03.28-00.06.35:421][756]LogModuleManager: Shutting down and abandoning module TextureFormatUncompressed (139)
[2019.03.28-00.06.35:421][756]LogModuleManager: Shutting down and abandoning module TextureFormatPVR (137)
[2019.03.28-00.06.35:421][756]LogModuleManager: Shutting down and abandoning module TextureFormatDXT (135)
[2019.03.28-00.06.35:421][756]LogModuleManager: Shutting down and abandoning module TextureFormatIntelISPCTexComp (133)
[2019.03.28-00.06.35:421][756]LogModuleManager: Shutting down and abandoning module TextureFormatASTC (131)
[2019.03.28-00.06.35:421][756]LogModuleManager: Shutting down and abandoning module ImageWrapper (130)
[2019.03.28-00.06.35:421][756]LogModuleManager: Shutting down and abandoning module TextureFormatAndroid (127)
[2019.03.28-00.06.35:421][756]LogModuleManager: Shutting down and abandoning module AudioFormatOpus (125)
[2019.03.28-00.06.35:421][756]LogModuleManager: Shutting down and abandoning module AudioFormatOgg (123)
[2019.03.28-00.06.35:421][756]LogModuleManager: Shutting down and abandoning module AudioFormatADPCM (121)
[2019.03.28-00.06.35:421][756]LogModuleManager: Shutting down and abandoning module LinuxTargetPlatform (119)
[2019.03.28-00.06.35:421][756]LogModuleManager: Shutting down and abandoning module LinuxServerTargetPlatform (117)
[2019.03.28-00.06.35:421][756]LogModuleManager: Shutting down and abandoning module LinuxNoEditorTargetPlatform (115)
[2019.03.28-00.06.35:421][756]LogModuleManager: Shutting down and abandoning module LinuxClientTargetPlatform (113)
[2019.03.28-00.06.35:421][756]LogModuleManager: Shutting down and abandoning module TVOSTargetPlatform (111)
[2019.03.28-00.06.35:421][756]LogModuleManager: Shutting down and abandoning module Messaging (109)
[2019.03.28-00.06.35:421][756]LogModuleManager: Shutting down and abandoning module IOSTargetPlatform (107)
[2019.03.28-00.06.35:421][756]LogModuleManager: Shutting down and abandoning module HTML5TargetPlatform (105)
[2019.03.28-00.06.35:421][756]LogModuleManager: Shutting down and abandoning module AndroidTargetPlatform (103)
[2019.03.28-00.06.35:421][756]LogModuleManager: Shutting down and abandoning module Android_PVRTCTargetPlatform (101)
[2019.03.28-00.06.35:421][756]LogModuleManager: Shutting down and abandoning module Android_MultiTargetPlatform (99)
[2019.03.28-00.06.35:421][756]LogModuleManager: Shutting down and abandoning module Android_ETC2TargetPlatform (97)
[2019.03.28-00.06.35:421][756]LogModuleManager: Shutting down and abandoning module Android_ETC1TargetPlatform (95)
[2019.03.28-00.06.35:421][756]LogModuleManager: Shutting down and abandoning module Android_ETC1aTargetPlatform (93)
[2019.03.28-00.06.35:421][756]LogModuleManager: Shutting down and abandoning module Android_DXTTargetPlatform (91)
[2019.03.28-00.06.35:421][756]LogModuleManager: Shutting down and abandoning module Android_ATCTargetPlatform (89)
[2019.03.28-00.06.35:421][756]LogModuleManager: Shutting down and abandoning module Android_ASTCTargetPlatform (87)
[2019.03.28-00.06.35:422][756]LogModuleManager: Shutting down and abandoning module WindowsTargetPlatform (85)
[2019.03.28-00.06.35:422][756]LogModuleManager: Shutting down and abandoning module WindowsServerTargetPlatform (83)
[2019.03.28-00.06.35:422][756]LogModuleManager: Shutting down and abandoning module WindowsNoEditorTargetPlatform (81)
[2019.03.28-00.06.35:422][756]LogModuleManager: Shutting down and abandoning module WindowsClientTargetPlatform (79)
[2019.03.28-00.06.35:422][756]LogModuleManager: Shutting down and abandoning module MacTargetPlatform (77)
[2019.03.28-00.06.35:422][756]LogModuleManager: Shutting down and abandoning module MacServerTargetPlatform (75)
[2019.03.28-00.06.35:422][756]LogModuleManager: Shutting down and abandoning module MacNoEditorTargetPlatform (73)
[2019.03.28-00.06.35:422][756]LogModuleManager: Shutting down and abandoning module MacClientTargetPlatform (71)
[2019.03.28-00.06.35:422][756]LogModuleManager: Shutting down and abandoning module AllDesktopTargetPlatform (69)
[2019.03.28-00.06.35:422][756]LogModuleManager: Shutting down and abandoning module InputCore (66)
[2019.03.28-00.06.35:422][756]LogModuleManager: Shutting down and abandoning module Settings (64)
[2019.03.28-00.06.35:422][756]LogModuleManager: Shutting down and abandoning module PhysXCooking (62)
[2019.03.28-00.06.35:422][756]LogModuleManager: Shutting down and abandoning module SteamVR (60)
[2019.03.28-00.06.35:422][756]LogModuleManager: Shutting down and abandoning module OculusHMD (58)
[2019.03.28-00.06.35:422][756]LogModuleManager: Shutting down and abandoning module ExampleDeviceProfileSelector (56)
[2019.03.28-00.06.35:422][756]LogModuleManager: Shutting down and abandoning module AppleARKit (54)
[2019.03.28-00.06.35:422][756]LogModuleManager: Shutting down and abandoning module AugmentedReality (51)
[2019.03.28-00.06.35:422][756]LogModuleManager: Shutting down and abandoning module OnlineBlueprintSupport (48)
[2019.03.28-00.06.35:422][756]LogModuleManager: Shutting down and abandoning module OnlineSubsystem (44)
[2019.03.28-00.06.35:422][756]LogModuleManager: Shutting down and abandoning module XMPP (43)
[2019.03.28-00.06.35:422][756]LogModuleManager: Shutting down and abandoning module HTTP (41)
[2019.03.28-00.06.35:422][756]LogHttp: Display: Http module shutting down, but needs to wait on 1 outstanding Http requests:
[2019.03.28-00.06.35:422][756]LogHttp: Display: 	verb=[POST] url=[https://datarouter.ol.epicgames.com/datarouter/api/v1/public/data?SessionID=%7B708A43B9-4C79-64C2-FC7B-FEAB33DA923A%7D&AppID=UEEditor.Rocket.Release&AppVersion=4.19.2-4033788%2B%2B%2BUE4%2BRelease-4.19&UserID=292919834fdfe45e94f4b1beb4821a80%7C07aeb422d639413aaded0674145f61a9%7Cf01ef859-1e67-470c-a633-c60d8bae1fa3&AppEnvironment=datacollector-binary&UploadType=eteventstream] status=Processing
[2019.03.28-00.06.35:424][756]LogModuleManager: Shutting down and abandoning module SSL (40)
[2019.03.28-00.06.35:425][756]LogModuleManager: Shutting down and abandoning module AnimationModifiers (36)
[2019.03.28-00.06.35:426][756]LogModuleManager: Shutting down and abandoning module PropertyEditor (35)
[2019.03.28-00.06.35:426][756]LogModuleManager: Shutting down and abandoning module AudioEditor (32)
[2019.03.28-00.06.35:426][756]LogModuleManager: Shutting down and abandoning module TextureCompressor (30)
[2019.03.28-00.06.35:426][756]LogModuleManager: Shutting down and abandoning module ShaderCore (28)
[2019.03.28-00.06.35:426][756]LogModuleManager: Shutting down and abandoning module Landscape (26)
[2019.03.28-00.06.35:426][756]LogModuleManager: Shutting down and abandoning module SlateRHIRenderer (24)
[2019.03.28-00.06.35:427][756]LogModuleManager: Shutting down and abandoning module OpenGLDrv (22)
[2019.03.28-00.06.35:427][756]LogModuleManager: Shutting down and abandoning module D3D11RHI (20)
[2019.03.28-00.06.35:427][756]LogModuleManager: Shutting down and abandoning module AnimGraphRuntime (18)
[2019.03.28-00.06.35:427][756]LogModuleManager: Shutting down and abandoning module Renderer (16)
[2019.03.28-00.06.35:427][756]LogModuleManager: Shutting down and abandoning module Engine (14)
[2019.03.28-00.06.35:427][756]LogModuleManager: Shutting down and abandoning module CoreUObject (12)
[2019.03.28-00.06.35:427][756]LogModuleManager: Shutting down and abandoning module NetworkFile (10)
[2019.03.28-00.06.35:427][756]LogModuleManager: Shutting down and abandoning module CookedIterativeFile (8)
[2019.03.28-00.06.35:427][756]LogModuleManager: Shutting down and abandoning module StreamingFile (6)
[2019.03.28-00.06.35:427][756]LogModuleManager: Shutting down and abandoning module SandboxFile (4)
[2019.03.28-00.06.35:427][756]LogModuleManager: Shutting down and abandoning module PakFile (2)
[2019.03.28-00.06.35:439][756]LogExit: Exiting.
[2019.03.28-00.06.35:452][756]Log file closed, 03/28/19 01:06:35
